{"numTotalTestSuites":96,"numPassedTestSuites":96,"numFailedTestSuites":0,"numPendingTestSuites":0,"numTotalTests":794,"numPassedTests":794,"numFailedTests":0,"numPendingTests":0,"numTodoTests":0,"snapshot":{"added":0,"failure":false,"filesAdded":0,"filesRemoved":0,"filesRemovedList":[],"filesUnmatched":0,"filesUpdated":0,"matched":0,"total":0,"unchecked":0,"uncheckedKeysByFile":[],"unmatched":0,"updated":0,"didUpdate":false},"startTime":1787455882714,"success":true,"testResults":[{"assertionResults":[{"ancestorTitles":["GFX runtime event store"],"fullName":"GFX runtime event store preserves structured renderer errors and publishes events emitted after the initial snapshot","status":"passed","title":"preserves structured renderer errors and publishes events emitted after the initial snapshot","duration":2.256709000000015,"failureMessages":[],"meta":{},"tags":[]},{"ancestorTitles":["GFX runtime event store"],"fullName":"GFX runtime event store normalizes primitive errors without discarding their message","status":"passed","title":"normalizes primitive errors without discarding their message","duration":0.3624580000000037,"failureMessages":[],"meta":{},"tags":[]}],"startTime":1787455886328,"endTime":1787455886330.3625,"status":"passed","message":"","name":"/Users/snari/Documents/GitProject/LonelyStar-qx-r4-r00/tests/gfx-event-store.test.ts"},{"assertionResults":[{"ancestorTitles":["QX-R3-003 InputRouter"],"fullName":"QX-R3-003 InputRouter maps WASD and arrows to held steer input and clears them on keyup","status":"passed","title":"maps WASD and arrows to held steer input and clears them on keyup","duration":1.7886249999999961,"failureMessages":[],"meta":{},"tags":[]},{"ancestorTitles":["QX-R3-003 InputRouter"],"fullName":"QX-R3-003 InputRouter creates one Space pulse edge and ignores repeat","status":"passed","title":"creates one Space pulse edge and ignores repeat","duration":0.14750000000000796,"failureMessages":[],"meta":{},"tags":[]},{"ancestorTitles":["QX-R3-003 InputRouter"],"fullName":"QX-R3-003 InputRouter queues distinct Pulse edges instead of coalescing them before a frame","status":"passed","title":"queues distinct Pulse edges instead of coalescing them before a frame","duration":0.1502500000000282,"failureMessages":[],"meta":{},"tags":[]},{"ancestorTitles":["QX-R3-003 InputRouter"],"fullName":"QX-R3-003 InputRouter routes a left-zone touch drag only to steer and never to pulse","status":"passed","title":"routes a left-zone touch drag only to steer and never to pulse","duration":0.3866659999999911,"failureMessages":[],"meta":{},"tags":[]},{"ancestorTitles":["QX-R3-003 InputRouter"],"fullName":"QX-R3-003 InputRouter routes a right-zone touch tap to exactly one pulse and never to steer","status":"passed","title":"routes a right-zone touch tap to exactly one pulse and never to steer","duration":0.1478749999999991,"failureMessages":[],"meta":{},"tags":[]},{"ancestorTitles":["QX-R3-003 InputRouter"],"fullName":"QX-R3-003 InputRouter cancels a right-zone drag instead of rerouting its pointer ID to steer","status":"passed","title":"cancels a right-zone drag instead of rerouting its pointer ID to steer","duration":0.15166700000000333,"failureMessages":[],"meta":{},"tags":[]},{"ancestorTitles":["QX-R3-003 InputRouter"],"fullName":"QX-R3-003 InputRouter separates a mouse click from a mouse drag","status":"passed","title":"separates a mouse click from a mouse drag","duration":0.18741600000001313,"failureMessages":[],"meta":{},"tags":[]},{"ancestorTitles":["QX-R3-003 InputRouter"],"fullName":"QX-R3-003 InputRouter ignores secondary pointers and clears every held route on cancel or reset","status":"passed","title":"ignores secondary pointers and clears every held route on cancel or reset","duration":0.3018750000000239,"failureMessages":[],"meta":{},"tags":[]}],"startTime":1787455886305,"endTime":1787455886308.3018,"status":"passed","message":"","name":"/Users/snari/Documents/GitProject/LonelyStar-qx-r4-r00/tests/input-router.test.ts"},{"assertionResults":[{"ancestorTitles":["QX-R3-002 deterministic rail flight"],"fullName":"QX-R3-002 deterministic rail flight advances distance through generated encounters without creating a Twinkle Seed","status":"passed","title":"advances distance through generated encounters without creating a Twinkle Seed","duration":41.51920799999999,"failureMessages":[],"meta":{},"tags":[]},{"ancestorTitles":["QX-R3-002 deterministic rail flight"],"fullName":"QX-R3-002 deterministic rail flight classifies the center replay as pass and the outside replay as miss exactly once","status":"passed","title":"classifies the center replay as pass and the outside replay as miss exactly once","duration":0.9430839999999989,"failureMessages":[],"meta":{},"tags":[]},{"ancestorTitles":["QX-R3-002 deterministic rail flight"],"fullName":"QX-R3-002 deterministic rail flight uses 3D proximity for obstacle hit and applies a short deterministic slowdown","status":"passed","title":"uses 3D proximity for obstacle hit and applies a short deterministic slowdown","duration":0.46712500000001,"failureMessages":[],"meta":{},"tags":[]},{"ancestorTitles":["QX-R3-002 deterministic rail flight"],"fullName":"QX-R3-002 deterministic rail flight includes fixed-step longitudinal overshoot in Gate and Obstacle 3D outcomes","status":"passed","title":"includes fixed-step longitudinal overshoot in Gate and Obstacle 3D outcomes","duration":0.19741600000000403,"failureMessages":[],"meta":{},"tags":[]},{"ancestorTitles":["QX-R3-002 deterministic rail flight"],"fullName":"QX-R3-002 deterministic rail flight carries fractional millimetres so distance is invariant to slice partitioning","status":"passed","title":"carries fractional millimetres so distance is invariant to slice partitioning","duration":0.3971250000000168,"failureMessages":[],"meta":{},"tags":[]},{"ancestorTitles":["QX-R3-002 deterministic rail flight"],"fullName":"QX-R3-002 deterministic rail flight integrates a slowdown expiry identically for one requested interval or 60 slices","status":"passed","title":"integrates a slowdown expiry identically for one requested interval or 60 slices","duration":0.4470839999999896,"failureMessages":[],"meta":{},"tags":[]},{"ancestorTitles":["QX-R3-002 deterministic rail flight"],"fullName":"QX-R3-002 deterministic rail flight creates a Seed only for a nearby Life Node and enforces the 0.7-second cooldown","status":"passed","title":"creates a Seed only for a nearby Life Node and enforces the 0.7-second cooldown","duration":0.48191600000001245,"failureMessages":[],"meta":{},"tags":[]},{"ancestorTitles":["QX-R3-002 deterministic rail flight"],"fullName":"QX-R3-002 deterministic rail flight rejects a valid-node Pulse at 690ms and accepts it at exactly 700ms","status":"passed","title":"rejects a valid-node Pulse at 690ms and accepts it at exactly 700ms","duration":0.3518329999999992,"failureMessages":[],"meta":{},"tags":[]},{"ancestorTitles":["QX-R3-002 deterministic rail flight"],"fullName":"QX-R3-002 deterministic rail flight applies timestamped Pulse edges at their exact time before and at 700ms","status":"passed","title":"applies timestamped Pulse edges at their exact time before and at 700ms","duration":30.906874999999985,"failureMessages":[],"meta":{},"tags":[]},{"ancestorTitles":["QX-R3-002 deterministic rail flight"],"fullName":"QX-R3-002 deterministic rail flight widens only the next gate after three consecutive misses and never game-overs","status":"passed","title":"widens only the next gate after three consecutive misses and never game-overs","duration":0.5046250000000043,"failureMessages":[],"meta":{},"tags":[]},{"ancestorTitles":["QX-R3-002 deterministic rail flight"],"fullName":"QX-R3-002 deterministic rail flight produces the same complete rail ledger and hash for the same seed and timed inputs","status":"passed","title":"produces the same complete rail ledger and hash for the same seed and timed inputs","duration":34.02649999999997,"failureMessages":[],"meta":{},"tags":[]},{"ancestorTitles":["QX-R3-002 deterministic rail flight"],"fullName":"QX-R3-002 deterministic rail flight computes encounter distance from longitudinal and corridor axes","status":"passed","title":"computes encounter distance from longitudinal and corridor axes","duration":0.11195800000001555,"failureMessages":[],"meta":{},"tags":[]}],"startTime":1787455885173,"endTime":1787455885284.112,"status":"passed","message":"","name":"/Users/snari/Documents/GitProject/LonelyStar-qx-r4-r00/tests/rail-flight-simulation.test.ts"},{"assertionResults":[{"ancestorTitles":["release safety"],"fullName":"release safety uses only allowlisted runtime dependency licenses","status":"passed","title":"uses only allowlisted runtime dependency licenses","duration":8.090958999999998,"failureMessages":[],"meta":{},"tags":[]},{"ancestorTitles":["release safety"],"fullName":"release safety keeps gameplay free of runtime network clients","status":"passed","title":"keeps gameplay free of runtime network clients","duration":1.4286669999999901,"failureMessages":[],"meta":{},"tags":[]},{"ancestorTitles":["release safety"],"fullName":"release safety ships the exact 1600 by 900 PNG thumbnail","status":"passed","title":"ships the exact 1600 by 900 PNG thumbnail","duration":0.992416999999989,"failureMessages":[],"meta":{},"tags":[]}],"startTime":1787455885993,"endTime":1787455886002.9924,"status":"passed","message":"","name":"/Users/snari/Documents/GitProject/LonelyStar-qx-r4-r00/tests/release-safety.test.ts"},{"assertionResults":[{"ancestorTitles":["evidence-driven Research Pack"],"fullName":"evidence-driven Research Pack fails an empty pack","status":"passed","title":"fails an empty pack","duration":91.20491700000002,"failureMessages":[],"meta":{},"tags":[]},{"ancestorTitles":["evidence-driven Research Pack"],"fullName":"evidence-driven Research Pack fails a community-only pack instead of treating Reddit as acceptance","status":"passed","title":"fails a community-only pack instead of treating Reddit as acceptance","duration":328.789542,"failureMessages":[],"meta":{},"tags":[]},{"ancestorTitles":["evidence-driven Research Pack"],"fullName":"evidence-driven Research Pack passes the committed minimum Research Pack","status":"passed","title":"passes the committed minimum Research Pack","duration":2708.7136250000003,"failureMessages":[],"meta":{},"tags":[]},{"ancestorTitles":["evidence-driven Research Pack"],"fullName":"evidence-driven Research Pack keeps completion blocked without numeric and raw human evidence","status":"passed","title":"keeps completion blocked without numeric and raw human evidence","duration":157.04958399999987,"failureMessages":[],"meta":{},"tags":[]},{"ancestorTitles":["evidence-driven Research Pack"],"fullName":"evidence-driven Research Pack rejects forged completion flags without structured raw answers or owner evidence","status":"passed","title":"rejects forged completion flags without structured raw answers or owner evidence","duration":126.40716599999996,"failureMessages":[],"meta":{},"tags":[]},{"ancestorTitles":["evidence-driven Research Pack"],"fullName":"evidence-driven Research Pack computes metric direction and numeric hard-gate outcomes","status":"passed","title":"computes metric direction and numeric hard-gate outcomes","duration":120.957042,"failureMessages":[],"meta":{},"tags":[]},{"ancestorTitles":["evidence-driven Research Pack"],"fullName":"evidence-driven Research Pack rejects directories and symlinks as evidence artifacts","status":"passed","title":"rejects directories and symlinks as evidence artifacts","duration":103.35854199999994,"failureMessages":[],"meta":{},"tags":[]},{"ancestorTitles":["evidence-driven Research Pack"],"fullName":"evidence-driven Research Pack rejects invalid scale and an official label without matching Primary proof","status":"passed","title":"rejects invalid scale and an official label without matching Primary proof","duration":106.30229099999997,"failureMessages":[],"meta":{},"tags":[]},{"ancestorTitles":["evidence-driven Research Pack"],"fullName":"evidence-driven Research Pack rejects moving GitHub labels and duplicate or unofficial comparables","status":"passed","title":"rejects moving GitHub labels and duplicate or unofficial comparables","duration":106.08229200000005,"failureMessages":[],"meta":{},"tags":[]},{"ancestorTitles":["evidence-driven Research Pack"],"fullName":"evidence-driven Research Pack requires reusable source, build, and rollback SHA-256 bindings","status":"passed","title":"requires reusable source, build, and rollback SHA-256 bindings","duration":104.86883299999954,"failureMessages":[],"meta":{},"tags":[]},{"ancestorTitles":["evidence-driven Research Pack"],"fullName":"evidence-driven Research Pack fails an unknown library license","status":"passed","title":"fails an unknown library license","duration":107.3428329999997,"failureMessages":[],"meta":{},"tags":[]},{"ancestorTitles":["evidence-driven Research Pack"],"fullName":"evidence-driven Research Pack fails an invalid baseline SHA binding","status":"passed","title":"fails an invalid baseline SHA binding","duration":90.60645899999963,"failureMessages":[],"meta":{},"tags":[]},{"ancestorTitles":["evidence-driven Research Pack"],"fullName":"evidence-driven Research Pack fails a missing rollback binding","status":"passed","title":"fails a missing rollback binding","duration":107.64366599999994,"failureMessages":[],"meta":{},"tags":[]},{"ancestorTitles":["evidence-driven Research Pack"],"fullName":"evidence-driven Research Pack does not overwrite an existing Research Pack","status":"passed","title":"does not overwrite an existing Research Pack","duration":184.44129199999952,"failureMessages":[],"meta":{},"tags":[]}],"startTime":1787455883039,"endTime":1787455887483.4414,"status":"passed","message":"","name":"/Users/snari/Documents/GitProject/LonelyStar-qx-r4-r00/tests/research-pack.test.ts"},{"assertionResults":[{"ancestorTitles":["authored journey score"],"fullName":"authored journey score contains a contiguous 24-shot, 180-second score","status":"passed","title":"contains a contiguous 24-shot, 180-second score","duration":2.695875000000001,"failureMessages":[],"meta":{},"tags":[]},{"ancestorTitles":["authored journey score"],"fullName":"authored journey score uses the exact phase boundaries","status":"passed","title":"uses the exact phase boundaries","duration":0.580584000000016,"failureMessages":[],"meta":{},"tags":[]},{"ancestorTitles":["deterministic simulation"],"fullName":"deterministic simulation makes one immutable ledger entry per player pulse","status":"passed","title":"makes one immutable ledger entry per player pulse","duration":39.07775000000001,"failureMessages":[],"meta":{},"tags":[]},{"ancestorTitles":["deterministic simulation"],"fullName":"deterministic simulation has a quality-independent state hash for the same run","status":"passed","title":"has a quality-independent state hash for the same run","duration":52.14237499999996,"failureMessages":[],"meta":{},"tags":[]},{"ancestorTitles":["deterministic simulation"],"fullName":"deterministic simulation does not create a normal-setting automatic answer","status":"passed","title":"does not create a normal-setting automatic answer","duration":27.148500000000013,"failureMessages":[],"meta":{},"tags":[]},{"ancestorTitles":["deterministic simulation"],"fullName":"deterministic simulation does not reveal the formal title shot before 178 seconds","status":"passed","title":"does not reveal the formal title shot before 178 seconds","duration":0.13391699999999673,"failureMessages":[],"meta":{},"tags":[]},{"ancestorTitles":["deterministic simulation"],"fullName":"deterministic simulation clamps the droplet to the playable route plane","status":"passed","title":"clamps the droplet to the playable route plane","duration":1.428291999999999,"failureMessages":[],"meta":{},"tags":[]},{"ancestorTitles":["deterministic simulation"],"fullName":"deterministic simulation lands local QA checkpoints on an exact authored time","status":"passed","title":"lands local QA checkpoints on an exact authored time","duration":19.11775,"failureMessages":[],"meta":{},"tags":[]},{"ancestorTitles":["deterministic simulation"],"fullName":"deterministic simulation replays one timestamped input ledger to an exact deterministic checkpoint","status":"passed","title":"replays one timestamped input ledger to an exact deterministic checkpoint","duration":6.4778329999999755,"failureMessages":[],"meta":{},"tags":[]},{"ancestorTitles":["procedural safety properties"],"fullName":"procedural safety properties validates 1,000 numeric seeds with no out-of-bounds routes","status":"passed","title":"validates 1,000 numeric seeds with no out-of-bounds routes","duration":6.835708000000011,"failureMessages":[],"meta":{},"tags":[]},{"ancestorTitles":["procedural safety properties"],"fullName":"procedural safety properties generates stable paths","status":"passed","title":"generates stable paths","duration":0.3677500000000009,"failureMessages":[],"meta":{},"tags":[]}],"startTime":1787455884827,"endTime":1787455884983.3677,"status":"passed","message":"","name":"/Users/snari/Documents/GitProject/LonelyStar-qx-r4-r00/tests/simulation.test.ts"},{"assertionResults":[{"ancestorTitles":["Notion-reference visual assets"],"fullName":"Notion-reference visual assets keeps the droplet identity in named volumetric parts without an eye-like face","status":"passed","title":"keeps the droplet identity in named volumetric parts without an eye-like face","duration":8.52641699999998,"failureMessages":[],"meta":{},"tags":[]},{"ancestorTitles":["Notion-reference visual assets"],"fullName":"Notion-reference visual assets ships exactly three broad open ribbon-shell meshes around a tagged void","status":"passed","title":"ships exactly three broad open ribbon-shell meshes around a tagged void","duration":3.1961670000000026,"failureMessages":[],"meta":{},"tags":[]},{"ancestorTitles":["Notion-reference visual assets"],"fullName":"Notion-reference visual assets creates deterministic, quality-bounded natural and final scenery","status":"passed","title":"creates deterministic, quality-bounded natural and final scenery","duration":36.456624999999974,"failureMessages":[],"meta":{},"tags":[]}],"startTime":1787455885312,"endTime":1787455885360.4565,"status":"passed","message":"","name":"/Users/snari/Documents/GitProject/LonelyStar-qx-r4-r00/tests/visual-assets.test.ts"},{"assertionResults":[{"ancestorTitles":["R2 production architecture boundary"],"fullName":"R2 production architecture boundary keeps the accepted procedural/audio core and GFX-001 laboratory byte-frozen","status":"passed","title":"keeps the accepted procedural/audio core and GFX-001 laboratory byte-frozen","duration":2.160082999999986,"failureMessages":[],"meta":{},"tags":[]},{"ancestorTitles":["R2 production architecture boundary"],"fullName":"R2 production architecture boundary keeps production graphics independent from simulation, input, audio, React, and legacy world","status":"passed","title":"keeps production graphics independent from simulation, input, audio, React, and legacy world","duration":6.594583,"failureMessages":[],"meta":{},"tags":[]},{"ancestorTitles":["R2 production architecture boundary"],"fullName":"R2 production architecture boundary keeps canonical world generation free of renderer, browser, simulation, backend, and quality inputs","status":"passed","title":"keeps canonical world generation free of renderer, browser, simulation, backend, and quality inputs","duration":1.9279590000000155,"failureMessages":[],"meta":{},"tags":[]},{"ancestorTitles":["R2 production architecture boundary"],"fullName":"R2 production architecture boundary prevents the frozen game core from depending on either v2 namespace","status":"passed","title":"prevents the frozen game core from depending on either v2 namespace","duration":0.3621249999999918,"failureMessages":[],"meta":{},"tags":[]},{"ancestorTitles":["R2 production architecture boundary"],"fullName":"R2 production architecture boundary routes the public production entry through v2 without reaching the legacy world","status":"passed","title":"routes the public production entry through v2 without reaching the legacy world","duration":10.10575,"failureMessages":[],"meta":{},"tags":[]}],"startTime":1787455885517,"endTime":1787455885538.1057,"status":"passed","message":"","name":"/Users/snari/Documents/GitProject/LonelyStar-qx-r4-r00/tests/gfx-v2/architecture-boundary.test.ts"},{"assertionResults":[{"ancestorTitles":["GFX-002 Three backend adapter"],"fullName":"GFX-002 Three backend adapter keeps the no-pipeline renderer options exact and adds HalfFloat only for the GFX-005 seam","status":"passed","title":"keeps the no-pipeline renderer options exact and adds HalfFloat only for the GFX-005 seam","duration":2.047208000000012,"failureMessages":[],"meta":{},"tags":[]},{"ancestorTitles":["GFX-002 Three backend adapter"],"fullName":"GFX-002 Three backend adapter publishes bounded frame counters and degrades hostile renderer telemetry to unavailable","status":"passed","title":"publishes bounded frame counters and degrades hostile renderer telemetry to unavailable","duration":1.9642920000000004,"failureMessages":[],"meta":{},"tags":[]},{"ancestorTitles":["GFX-002 Three backend adapter"],"fullName":"GFX-002 Three backend adapter captures own backend options before await and rejects accessors without invoking them","status":"passed","title":"captures own backend options before await and rejects accessors without invoking them","duration":0.8778749999999889,"failureMessages":[],"meta":{},"tags":[]},{"ancestorTitles":["GFX-002 Three backend adapter"],"fullName":"GFX-002 Three backend adapter uses the synchronous options snapshot when the navigator probe settles later","status":"passed","title":"uses the synchronous options snapshot when the navigator probe settles later","duration":0.40699999999998226,"failureMessages":[],"meta":{},"tags":[]},{"ancestorTitles":["GFX-002 Three backend adapter"],"fullName":"GFX-002 Three backend adapter keeps diagnostic navigator probe failure total for a revoked Proxy rejection","status":"passed","title":"keeps diagnostic navigator probe failure total for a revoked Proxy rejection","duration":0.2683749999999918,"failureMessages":[],"meta":{},"tags":[]},{"ancestorTitles":["GFX-002 Three backend adapter"],"fullName":"GFX-002 Three backend adapter delegates whole-frame compile/render/resize/dispose to the optional GFX-005 pipeline seam","status":"passed","title":"delegates whole-frame compile/render/resize/dispose to the optional GFX-005 pipeline seam","duration":1.7462079999999958,"failureMessages":[],"meta":{},"tags":[]},{"ancestorTitles":["GFX-002 Three backend adapter"],"fullName":"GFX-002 Three backend adapter blocks ambiguous disposal without claiming ownership while pipeline.attachBackend is unsettled","status":"passed","title":"blocks ambiguous disposal without claiming ownership while pipeline.attachBackend is unsettled","duration":1.4346249999999827,"failureMessages":[],"meta":{},"tags":[]},{"ancestorTitles":["GFX-002 Three backend adapter"],"fullName":"GFX-002 Three backend adapter blocks ambiguous disposal without claiming ownership while pipeline.resize is unsettled","status":"passed","title":"blocks ambiguous disposal without claiming ownership while pipeline.resize is unsettled","duration":0.886209000000008,"failureMessages":[],"meta":{},"tags":[]},{"ancestorTitles":["GFX-002 Three backend adapter"],"fullName":"GFX-002 Three backend adapter blocks ambiguous disposal without claiming ownership while pipeline.precompile is unsettled","status":"passed","title":"blocks ambiguous disposal without claiming ownership while pipeline.precompile is unsettled","duration":0.8143749999999841,"failureMessages":[],"meta":{},"tags":[]},{"ancestorTitles":["GFX-002 Three backend adapter"],"fullName":"GFX-002 Three backend adapter blocks ambiguous disposal without claiming ownership while pipeline.submit is unsettled","status":"passed","title":"blocks ambiguous disposal without claiming ownership while pipeline.submit is unsettled","duration":0.6860419999999863,"failureMessages":[],"meta":{},"tags":[]},{"ancestorTitles":["GFX-002 Three backend adapter"],"fullName":"GFX-002 Three backend adapter invokes a captured native backend disposer without consulting its own call getter","status":"passed","title":"invokes a captured native backend disposer without consulting its own call getter","duration":0.3492500000000405,"failureMessages":[],"meta":{},"tags":[]},{"ancestorTitles":["GFX-002 Three backend adapter"],"fullName":"GFX-002 Three backend adapter invokes a captured native backend disposer without consulting its inherited call getter","status":"passed","title":"invokes a captured native backend disposer without consulting its inherited call getter","duration":0.25787500000001273,"failureMessages":[],"meta":{},"tags":[]},{"ancestorTitles":["GFX-002 Three backend adapter"],"fullName":"GFX-002 Three backend adapter retries only retained pipeline ownership after backend cleanup completed","status":"passed","title":"retries only retained pipeline ownership after backend cleanup completed","duration":1.1739580000000274,"failureMessages":[],"meta":{},"tags":[]},{"ancestorTitles":["GFX-002 Three backend adapter"],"fullName":"GFX-002 Three backend adapter does not erase terminal renderer cleanup evidence when a retained pipeline retry succeeds","status":"passed","title":"does not erase terminal renderer cleanup evidence when a retained pipeline retry succeeds","duration":1.181083000000001,"failureMessages":[],"meta":{},"tags":[]},{"ancestorTitles":["GFX-002 Three backend adapter"],"fullName":"GFX-002 Three backend adapter retains a 'null' primitive as exact terminal cleanup evidence","status":"passed","title":"retains a 'null' primitive as exact terminal cleanup evidence","duration":0.4525830000000042,"failureMessages":[],"meta":{},"tags":[]},{"ancestorTitles":["GFX-002 Three backend adapter"],"fullName":"GFX-002 Three backend adapter retains a 'undefined' primitive as exact terminal cleanup evidence","status":"passed","title":"retains a 'undefined' primitive as exact terminal cleanup evidence","duration":1.6095829999999864,"failureMessages":[],"meta":{},"tags":[]},{"ancestorTitles":["GFX-002 Three backend adapter"],"fullName":"GFX-002 Three backend adapter retains a 'NaN' primitive as exact terminal cleanup evidence","status":"passed","title":"retains a 'NaN' primitive as exact terminal cleanup evidence","duration":0.3472499999999741,"failureMessages":[],"meta":{},"tags":[]},{"ancestorTitles":["GFX-002 Three backend adapter"],"fullName":"GFX-002 Three backend adapter retains a 'negative zero' primitive as exact terminal cleanup evidence","status":"passed","title":"retains a 'negative zero' primitive as exact terminal cleanup evidence","duration":0.29287500000003774,"failureMessages":[],"meta":{},"tags":[]},{"ancestorTitles":["GFX-002 Three backend adapter"],"fullName":"GFX-002 Three backend adapter keeps native cleanup terminal when it fails during an awaited pipeline disposal","status":"passed","title":"keeps native cleanup terminal when it fails during an awaited pipeline disposal","duration":0.7112079999999992,"failureMessages":[],"meta":{},"tags":[]},{"ancestorTitles":["GFX-002 Three backend adapter"],"fullName":"GFX-002 Three backend adapter shares one hard text budget across deferred pipeline and concurrent native cleanup roots","status":"passed","title":"shares one hard text budget across deferred pipeline and concurrent native cleanup roots","duration":1.0758749999999964,"failureMessages":[],"meta":{},"tags":[]},{"ancestorTitles":["GFX-002 Three backend adapter"],"fullName":"GFX-002 Three backend adapter preserves a retained structural truncation marker across pipeline retry","status":"passed","title":"preserves a retained structural truncation marker across pipeline retry","duration":0.7532919999999876,"failureMessages":[],"meta":{},"tags":[]},{"ancestorTitles":["GFX-002 Three backend adapter"],"fullName":"GFX-002 Three backend adapter preserves a retained Aggregate accessor-cause marker across pipeline retry","status":"passed","title":"preserves a retained Aggregate accessor-cause marker across pipeline retry","duration":0.6760830000000055,"failureMessages":[],"meta":{},"tags":[]},{"ancestorTitles":["GFX-002 Three backend adapter"],"fullName":"GFX-002 Three backend adapter preserves a retained Aggregate cause marker at the depth-32 retry boundary","status":"passed","title":"preserves a retained Aggregate cause marker at the depth-32 retry boundary","duration":0.9097500000000309,"failureMessages":[],"meta":{},"tags":[]},{"ancestorTitles":["GFX-002 Three backend adapter"],"fullName":"GFX-002 Three backend adapter keeps each failed pipeline-only cleanup attempt retryable until the third succeeds","status":"passed","title":"keeps each failed pipeline-only cleanup attempt retryable until the third succeeds","duration":1.0365830000000074,"failureMessages":[],"meta":{},"tags":[]},{"ancestorTitles":["GFX-002 Three backend adapter"],"fullName":"GFX-002 Three backend adapter unwinds an attached pipeline exactly once before renderer cleanup fails closed","status":"passed","title":"unwinds an attached pipeline exactly once before renderer cleanup fails closed","duration":0.355041999999969,"failureMessages":[],"meta":{},"tags":[]},{"ancestorTitles":["GFX-002 Three backend adapter"],"fullName":"GFX-002 Three backend adapter captures constructor options instead of retaining caller-owned configuration","status":"passed","title":"captures constructor options instead of retaining caller-owned configuration","duration":0.3724170000000413,"failureMessages":[],"meta":{},"tags":[]},{"ancestorTitles":["GFX-002 Three backend adapter"],"fullName":"GFX-002 Three backend adapter keeps requested, actual, API exposure, probe, compatibility, and lab facts distinct","status":"passed","title":"keeps requested, actual, API exposure, probe, compatibility, and lab facts distinct","duration":0.1979170000000181,"failureMessages":[],"meta":{},"tags":[]},{"ancestorTitles":["GFX-002 Three backend adapter"],"fullName":"GFX-002 Three backend adapter atomically precompiles each reachable drawable against its real target scene and restores visibility","status":"passed","title":"atomically precompiles each reachable drawable against its real target scene and restores visibility","duration":1.0314579999999864,"failureMessages":[],"meta":{},"tags":[]},{"ancestorTitles":["GFX-002 Three backend adapter"],"fullName":"GFX-002 Three backend adapter isolates nested direct compile roots and restores every visibility descriptor on success","status":"passed","title":"isolates nested direct compile roots and restores every visibility descriptor on success","duration":0.5840420000000108,"failureMessages":[],"meta":{},"tags":[]},{"ancestorTitles":["GFX-002 Three backend adapter"],"fullName":"GFX-002 Three backend adapter isolates nested direct compile roots and restores every visibility descriptor on compile failure","status":"passed","title":"isolates nested direct compile roots and restores every visibility descriptor on compile failure","duration":0.3994159999999738,"failureMessages":[],"meta":{},"tags":[]},{"ancestorTitles":["GFX-002 Three backend adapter"],"fullName":"GFX-002 Three backend adapter rejects sparse, accessor, hostile, and over-budget direct child inventories before runner work","status":"passed","title":"rejects sparse, accessor, hostile, and over-budget direct child inventories before runner work","duration":6.634250000000009,"failureMessages":[],"meta":{},"tags":[]},{"ancestorTitles":["GFX-002 Three backend adapter"],"fullName":"GFX-002 Three backend adapter restores direct compile state and propagates a null throw exactly","status":"passed","title":"restores direct compile state and propagates a null throw exactly","duration":0.3019160000000056,"failureMessages":[],"meta":{},"tags":[]},{"ancestorTitles":["GFX-002 Three backend adapter"],"fullName":"GFX-002 Three backend adapter restores direct compile state and propagates a undefined throw exactly","status":"passed","title":"restores direct compile state and propagates a undefined throw exactly","duration":0.1259579999999687,"failureMessages":[],"meta":{},"tags":[]},{"ancestorTitles":["GFX-002 Three backend adapter"],"fullName":"GFX-002 Three backend adapter restores direct compile state and propagates a -0 throw exactly","status":"passed","title":"restores direct compile state and propagates a -0 throw exactly","duration":0.11362500000001319,"failureMessages":[],"meta":{},"tags":[]},{"ancestorTitles":["GFX-002 Three backend adapter"],"fullName":"GFX-002 Three backend adapter restores direct compile state and propagates a NaN throw exactly","status":"passed","title":"restores direct compile state and propagates a NaN throw exactly","duration":0.10429199999998673,"failureMessages":[],"meta":{},"tags":[]},{"ancestorTitles":["GFX-002 Three backend adapter"],"fullName":"GFX-002 Three backend adapter fails closed on unsupported direct multi-material topology before runner work","status":"passed","title":"fails closed on unsupported direct multi-material topology before runner work","duration":0.238708000000031,"failureMessages":[],"meta":{},"tags":[]},{"ancestorTitles":["GFX-002 Three backend adapter"],"fullName":"GFX-002 Three backend adapter fails closed on unsupported direct sparse geometry groups topology before runner work","status":"passed","title":"fails closed on unsupported direct sparse geometry groups topology before runner work","duration":0.19762500000001637,"failureMessages":[],"meta":{},"tags":[]},{"ancestorTitles":["GFX-002 Three backend adapter"],"fullName":"GFX-002 Three backend adapter fails closed on unsupported direct LineLoop topology before runner work","status":"passed","title":"fails closed on unsupported direct LineLoop topology before runner work","duration":0.14295900000001893,"failureMessages":[],"meta":{},"tags":[]},{"ancestorTitles":["GFX-002 Three backend adapter"],"fullName":"GFX-002 Three backend adapter accepts bounded dense scalar-material geometry groups as one compile step","status":"passed","title":"accepts bounded dense scalar-material geometry groups as one compile step","duration":0.20333299999998644,"failureMessages":[],"meta":{},"tags":[]},{"ancestorTitles":["GFX-002 Three backend adapter"],"fullName":"GFX-002 Three backend adapter captures compileAsync once before runner work and ignores later method/prototype poisoning","status":"passed","title":"captures compileAsync once before runner work and ignores later method/prototype poisoning","duration":0.2124160000000188,"failureMessages":[],"meta":{},"tags":[]},{"ancestorTitles":["GFX-002 Three backend adapter"],"fullName":"GFX-002 Three backend adapter rejects accessor-backed compileAsync without invoking the getter","status":"passed","title":"rejects accessor-backed compileAsync without invoking the getter","duration":0.16429099999999153,"failureMessages":[],"meta":{},"tags":[]},{"ancestorTitles":["GFX-002 Three backend adapter"],"fullName":"GFX-002 Three backend adapter returns unavailable nested telemetry without recursion during live and disposal sampling","status":"passed","title":"returns unavailable nested telemetry without recursion during live and disposal sampling","duration":0.5520840000000362,"failureMessages":[],"meta":{},"tags":[]},{"ancestorTitles":["GFX-002 Three backend adapter"],"fullName":"GFX-002 Three backend adapter builds lifecycle memory, resource, and scene counters from one telemetry capture","status":"passed","title":"builds lifecycle memory, resource, and scene counters from one telemetry capture","duration":0.2201249999999959,"failureMessages":[],"meta":{},"tags":[]},{"ancestorTitles":["GFX-002 Three backend adapter"],"fullName":"GFX-002 Three backend adapter defers dispose reentered from scene telemetry without mixing lifecycle evidence","status":"passed","title":"defers dispose reentered from scene telemetry without mixing lifecycle evidence","duration":0.2885409999999524,"failureMessages":[],"meta":{},"tags":[]},{"ancestorTitles":["GFX-002 Three backend adapter"],"fullName":"GFX-002 Three backend adapter uses a deferred dispose promise as an immediate admission gate without deadlock","status":"passed","title":"uses a deferred dispose promise as an immediate admission gate without deadlock","duration":0.5347920000000386,"failureMessages":[],"meta":{},"tags":[]},{"ancestorTitles":["GFX-002 Three backend adapter"],"fullName":"GFX-002 Three backend adapter rejects initialize inside and outside telemetry once deferred disposal is requested","status":"passed","title":"rejects initialize inside and outside telemetry once deferred disposal is requested","duration":0.4001670000000104,"failureMessages":[],"meta":{},"tags":[]},{"ancestorTitles":["GFX-002 Three backend adapter"],"fullName":"GFX-002 Three backend adapter revokes an unsubscribed listener immediately inside a telemetry getter","status":"passed","title":"revokes an unsubscribed listener immediately inside a telemetry getter","duration":0.22745800000001282,"failureMessages":[],"meta":{},"tags":[]},{"ancestorTitles":["GFX-002 Three backend adapter"],"fullName":"GFX-002 Three backend adapter keeps other public mutations outside a telemetry observation transaction","status":"passed","title":"keeps other public mutations outside a telemetry observation transaction","duration":0.44333299999999554,"failureMessages":[],"meta":{},"tags":[]},{"ancestorTitles":["GFX-002 Three backend adapter"],"fullName":"GFX-002 Three backend adapter bounds corrupt scene child fanout and still completes terminal disposal","status":"passed","title":"bounds corrupt scene child fanout and still completes terminal disposal","duration":0.648083999999983,"failureMessages":[],"meta":{},"tags":[]},{"ancestorTitles":["GFX-002 Three backend adapter"],"fullName":"GFX-002 Three backend adapter drains concurrent renderer operations before one idempotent disposal","status":"passed","title":"drains concurrent renderer operations before one idempotent disposal","duration":1.1539589999999862,"failureMessages":[],"meta":{},"tags":[]},{"ancestorTitles":["GFX-002 Three backend adapter"],"fullName":"GFX-002 Three backend adapter fails closed with one retryable disposal rejection during an unsettled pipeline resize","status":"passed","title":"fails closed with one retryable disposal rejection during an unsettled pipeline resize","duration":1.0054580000000328,"failureMessages":[],"meta":{},"tags":[]},{"ancestorTitles":["GFX-002 Three backend adapter"],"fullName":"GFX-002 Three backend adapter requires a disposal retry after a rejected asynchronous pipeline resize settles","status":"passed","title":"requires a disposal retry after a rejected asynchronous pipeline resize settles","duration":0.6547919999999863,"failureMessages":[],"meta":{},"tags":[]},{"ancestorTitles":["GFX-002 Three backend adapter"],"fullName":"GFX-002 Three backend adapter rejects backend disposal reentry from pipeline resize and retries the same target","status":"passed","title":"rejects backend disposal reentry from pipeline resize and retries the same target","duration":0.42029200000001765,"failureMessages":[],"meta":{},"tags":[]},{"ancestorTitles":["GFX-002 Three backend adapter"],"fullName":"GFX-002 Three backend adapter breaks post-yield pipeline resize disposal reentry without claiming cleanup","status":"passed","title":"breaks post-yield pipeline resize disposal reentry without claiming cleanup","duration":0.7530829999999469,"failureMessages":[],"meta":{},"tags":[]},{"ancestorTitles":["GFX-002 Three backend adapter"],"fullName":"GFX-002 Three backend adapter rejects a pipeline callback that reenters the same backend resize transaction","status":"passed","title":"rejects a pipeline callback that reenters the same backend resize transaction","duration":0.40954199999998764,"failureMessages":[],"meta":{},"tags":[]},{"ancestorTitles":["GFX-002 Three backend adapter"],"fullName":"GFX-002 Three backend adapter rechecks resize admission after a viewport accessor requests disposal","status":"passed","title":"rechecks resize admission after a viewport accessor requests disposal","duration":0.27829200000002174,"failureMessages":[],"meta":{},"tags":[]},{"ancestorTitles":["GFX-002 Three backend adapter"],"fullName":"GFX-002 Three backend adapter publishes resize admission before viewport accessors can start renderer operations","status":"passed","title":"publishes resize admission before viewport accessors can start renderer operations","duration":0.4301669999999831,"failureMessages":[],"meta":{},"tags":[]},{"ancestorTitles":["GFX-002 Three backend adapter"],"fullName":"GFX-002 Three backend adapter releases resize admission after viewport capture throws","status":"passed","title":"releases resize admission after viewport capture throws","duration":0.22016700000000355,"failureMessages":[],"meta":{},"tags":[]},{"ancestorTitles":["GFX-002 Three backend adapter"],"fullName":"GFX-002 Three backend adapter fails closed when a render pass/scene getter requests disposal during capture","status":"passed","title":"fails closed when a render pass/scene getter requests disposal during capture","duration":0.5218329999999582,"failureMessages":[],"meta":{},"tags":[]},{"ancestorTitles":["GFX-002 Three backend adapter"],"fullName":"GFX-002 Three backend adapter fails closed when a precompile pass/camera getter requests disposal during capture","status":"passed","title":"fails closed when a precompile pass/camera getter requests disposal during capture","duration":0.43258400000001984,"failureMessages":[],"meta":{},"tags":[]},{"ancestorTitles":["GFX-002 Three backend adapter"],"fullName":"GFX-002 Three backend adapter releases the render reservation after pass capture throws so resize remains available","status":"passed","title":"releases the render reservation after pass capture throws so resize remains available","duration":0.33287500000000136,"failureMessages":[],"meta":{},"tags":[]},{"ancestorTitles":["GFX-002 Three backend adapter"],"fullName":"GFX-002 Three backend adapter releases the precompile reservation after pass capture throws so resize remains available","status":"passed","title":"releases the precompile reservation after pass capture throws so resize remains available","duration":0.29770899999999756,"failureMessages":[],"meta":{},"tags":[]},{"ancestorTitles":["GFX-002 Three backend adapter"],"fullName":"GFX-002 Three backend adapter rejects a pipeline callback that reenters backend precompile","status":"passed","title":"rejects a pipeline callback that reenters backend precompile","duration":0.27408300000001873,"failureMessages":[],"meta":{},"tags":[]},{"ancestorTitles":["GFX-002 Three backend adapter"],"fullName":"GFX-002 Three backend adapter retries only the renderer phase after pipeline resize has completed","status":"passed","title":"retries only the renderer phase after pipeline resize has completed","duration":0.37241699999998445,"failureMessages":[],"meta":{},"tags":[]},{"ancestorTitles":["GFX-002 Three backend adapter"],"fullName":"GFX-002 Three backend adapter retains and retries a pipeline disposer that rejects backend disposal reentry","status":"passed","title":"retains and retries a pipeline disposer that rejects backend disposal reentry","duration":0.3812080000000151,"failureMessages":[],"meta":{},"tags":[]},{"ancestorTitles":["GFX-002 Three backend adapter"],"fullName":"GFX-002 Three backend adapter breaks a post-yield pipeline disposer cycle and retries only retained cleanup","status":"passed","title":"breaks a post-yield pipeline disposer cycle and retries only retained cleanup","duration":0.7701250000000073,"failureMessages":[],"meta":{},"tags":[]},{"ancestorTitles":["GFX-002 Three backend adapter"],"fullName":"GFX-002 Three backend adapter drains a resize that requests disposal before touching the renderer again","status":"passed","title":"drains a resize that requests disposal before touching the renderer again","duration":0.20779099999998607,"failureMessages":[],"meta":{},"tags":[]},{"ancestorTitles":["GFX-002 Three backend adapter"],"fullName":"GFX-002 Three backend adapter publishes late structured events and detaches the bridge during disposal","status":"passed","title":"publishes late structured events and detaches the bridge during disposal","duration":0.9406669999999622,"failureMessages":[],"meta":{},"tags":[]},{"ancestorTitles":["GFX-002 Three backend adapter"],"fullName":"GFX-002 Three backend adapter isolates a throwing event subscriber so terminal events still reach later listeners","status":"passed","title":"isolates a throwing event subscriber so terminal events still reach later listeners","duration":0.23491699999999582,"failureMessages":[],"meta":{},"tags":[]},{"ancestorTitles":["GFX-002 Three backend adapter"],"fullName":"GFX-002 Three backend adapter chains Three renderer device-loss handling before publishing the adapter event","status":"passed","title":"chains Three renderer device-loss handling before publishing the adapter event","duration":0.3030420000000049,"failureMessages":[],"meta":{},"tags":[]},{"ancestorTitles":["GFX-002 Three backend adapter"],"fullName":"GFX-002 Three backend adapter reinstalls the event bridge when renderer initialization replaces its callback","status":"passed","title":"reinstalls the event bridge when renderer initialization replaces its callback","duration":0.2642500000000041,"failureMessages":[],"meta":{},"tags":[]},{"ancestorTitles":["GFX-002 Three backend adapter"],"fullName":"GFX-002 Three backend adapter leaves a callback untouched when acquiring it throws and restores the other channel","status":"passed","title":"leaves a callback untouched when acquiring it throws and restores the other channel","duration":0.208958999999993,"failureMessages":[],"meta":{},"tags":[]},{"ancestorTitles":["GFX-002 Three backend adapter"],"fullName":"GFX-002 Three backend adapter does not restore over a channel whose descriptor installation never acquired it","status":"passed","title":"does not restore over a channel whose descriptor installation never acquired it","duration":0.16399999999998727,"failureMessages":[],"meta":{},"tags":[]},{"ancestorTitles":["GFX-002 Three backend adapter"],"fullName":"GFX-002 Three backend adapter fails closed when a successful installation trap does not acquire the channel","status":"passed","title":"fails closed when a successful installation trap does not acquire the channel","duration":0.18841699999995853,"failureMessages":[],"meta":{},"tags":[]},{"ancestorTitles":["GFX-002 Three backend adapter"],"fullName":"GFX-002 Three backend adapter restores a transformed descriptor acquired by a successful installation trap","status":"passed","title":"restores a transformed descriptor acquired by a successful installation trap","duration":0.30475000000001273,"failureMessages":[],"meta":{},"tags":[]},{"ancestorTitles":["GFX-002 Three backend adapter"],"fullName":"GFX-002 Three backend adapter restores a channel when a throwing installation trap acquired its descriptor","status":"passed","title":"restores a channel when a throwing installation trap acquired its descriptor","duration":0.17795799999998962,"failureMessages":[],"meta":{},"tags":[]},{"ancestorTitles":["GFX-002 Three backend adapter"],"fullName":"GFX-002 Three backend adapter restores a transformed descriptor acquired before an installation trap throws","status":"passed","title":"restores a transformed descriptor acquired before an installation trap throws","duration":0.261291999999969,"failureMessages":[],"meta":{},"tags":[]},{"ancestorTitles":["GFX-002 Three backend adapter"],"fullName":"GFX-002 Three backend adapter revokes captured and installed callbacks before a restoration failure","status":"passed","title":"revokes captured and installed callbacks before a restoration failure","duration":0.33091699999999946,"failureMessages":[],"meta":{},"tags":[]},{"ancestorTitles":["GFX-002 Three backend adapter"],"fullName":"GFX-002 Three backend adapter fails honestly and revokes both channels when restore and delete traps are no-ops","status":"passed","title":"fails honestly and revokes both channels when restore and delete traps are no-ops","duration":0.3785419999999817,"failureMessages":[],"meta":{},"tags":[]},{"ancestorTitles":["GFX-002 Three backend adapter"],"fullName":"GFX-002 Three backend adapter delivers one event to the listener snapshot even when an earlier listener unsubscribes it","status":"passed","title":"delivers one event to the listener snapshot even when an earlier listener unsubscribes it","duration":0.15220799999997325,"failureMessages":[],"meta":{},"tags":[]},{"ancestorTitles":["GFX-002 Three backend adapter"],"fullName":"GFX-002 Three backend adapter stops multi-pass rendering after the first bridged renderer failure","status":"passed","title":"stops multi-pass rendering after the first bridged renderer failure","duration":0.15174999999999272,"failureMessages":[],"meta":{},"tags":[]},{"ancestorTitles":["GFX-002 Three backend adapter"],"fullName":"GFX-002 Three backend adapter stops multi-pass precompile after the first bridged device loss","status":"passed","title":"stops multi-pass precompile after the first bridged device loss","duration":0.15679199999999582,"failureMessages":[],"meta":{},"tags":[]},{"ancestorTitles":["GFX-002 Three backend adapter"],"fullName":"GFX-002 Three backend adapter rejects empty render and precompile without mutating evidence after a latched fault","status":"passed","title":"rejects empty render and precompile without mutating evidence after a latched fault","duration":0.13850000000002183,"failureMessages":[],"meta":{},"tags":[]},{"ancestorTitles":["GFX-002 Three backend adapter"],"fullName":"GFX-002 Three backend adapter refuses subscribers added reentrantly after the first runtime fault is latched","status":"passed","title":"refuses subscribers added reentrantly after the first runtime fault is latched","duration":0.13545799999997143,"failureMessages":[],"meta":{},"tags":[]},{"ancestorTitles":["GFX-002 Three backend adapter"],"fullName":"GFX-002 Three backend adapter invokes backend disposal once when renderer disposal also schedules it","status":"passed","title":"invokes backend disposal once when renderer disposal also schedules it","duration":0.12233299999996916,"failureMessages":[],"meta":{},"tags":[]},{"ancestorTitles":["GFX-002 Three backend adapter"],"fullName":"GFX-002 Three backend adapter does not double-call a native backend disposer captured before instrumentation","status":"passed","title":"does not double-call a native backend disposer captured before instrumentation","duration":0.18891700000000355,"failureMessages":[],"meta":{},"tags":[]},{"ancestorTitles":["GFX-002 Three backend adapter"],"fullName":"GFX-002 Three backend adapter retains a backend disposal error even when renderer disposal swallows it","status":"passed","title":"retains a backend disposal error even when renderer disposal swallows it","duration":0.15920900000003257,"failureMessages":[],"meta":{},"tags":[]},{"ancestorTitles":["GFX-002 Three backend adapter"],"fullName":"GFX-002 Three backend adapter snapshots a swallowed native backend error before a microtask mutates it","status":"passed","title":"snapshots a swallowed native backend error before a microtask mutates it","duration":0.18608299999999645,"failureMessages":[],"meta":{},"tags":[]},{"ancestorTitles":["GFX-002 Three backend adapter"],"fullName":"GFX-002 Three backend adapter carries pre-cleanup native failure evidence into one stable adapter disposal","status":"passed","title":"carries pre-cleanup native failure evidence into one stable adapter disposal","duration":0.24154199999998127,"failureMessages":[],"meta":{},"tags":[]},{"ancestorTitles":["GFX-002 Three backend adapter"],"fullName":"GFX-002 Three backend adapter preserves a pre-cleanup native null failure with an explicit presence flag","status":"passed","title":"preserves a pre-cleanup native null failure with an explicit presence flag","duration":0.18300000000004957,"failureMessages":[],"meta":{},"tags":[]},{"ancestorTitles":["GFX-002 Three backend adapter"],"fullName":"GFX-002 Three backend adapter preserves a pre-cleanup native undefined failure with an explicit presence flag","status":"passed","title":"preserves a pre-cleanup native undefined failure with an explicit presence flag","duration":0.11533400000001848,"failureMessages":[],"meta":{},"tags":[]},{"ancestorTitles":["GFX-002 Three backend adapter"],"fullName":"GFX-002 Three backend adapter records one native propagation and a later independent reuse as two occurrences","status":"passed","title":"records one native propagation and a later independent reuse as two occurrences","duration":0.2835829999999646,"failureMessages":[],"meta":{},"tags":[]},{"ancestorTitles":["GFX-002 Three backend adapter"],"fullName":"GFX-002 Three backend adapter keeps an initial-telemetry native throw as the sole primary failure","status":"passed","title":"keeps an initial-telemetry native throw as the sole primary failure","duration":0.1960409999999797,"failureMessages":[],"meta":{},"tags":[]},{"ancestorTitles":["GFX-002 Three backend adapter"],"fullName":"GFX-002 Three backend adapter uses bounded identity propagation for unownable primitive native failures during initialization","status":"passed","title":"uses bounded identity propagation for unownable primitive native failures during initialization","duration":1.2121249999999577,"failureMessages":[],"meta":{},"tags":[]},{"ancestorTitles":["GFX-002 Three backend adapter"],"fullName":"GFX-002 Three backend adapter keeps ready-state primitive throws exact while retaining only their bounded evidence","status":"passed","title":"keeps ready-state primitive throws exact while retaining only their bounded evidence","duration":0.458582999999976,"failureMessages":[],"meta":{},"tags":[]},{"ancestorTitles":["GFX-002 Three backend adapter"],"fullName":"GFX-002 Three backend adapter deduplicates an unownable native primitive through one bounded cleanup propagation","status":"passed","title":"deduplicates an unownable native primitive through one bounded cleanup propagation","duration":0.4871249999999918,"failureMessages":[],"meta":{},"tags":[]},{"ancestorTitles":["GFX-002 Three backend adapter"],"fullName":"GFX-002 Three backend adapter shares native propagation provenance across the pipeline cleanup fork","status":"passed","title":"shares native propagation provenance across the pipeline cleanup fork","duration":5.974249999999984,"failureMessages":[],"meta":{},"tags":[]},{"ancestorTitles":["GFX-002 Three backend adapter"],"fullName":"GFX-002 Three backend adapter scopes an escaped propagation token to the adapter occurrence that created it","status":"passed","title":"scopes an escaped propagation token to the adapter occurrence that created it","duration":0.6650829999999814,"failureMessages":[],"meta":{},"tags":[]},{"ancestorTitles":["GFX-002 Three backend adapter"],"fullName":"GFX-002 Three backend adapter rebudgets initialization propagation evidence with its cleanup suffix","status":"passed","title":"rebudgets initialization propagation evidence with its cleanup suffix","duration":0.6744999999999663,"failureMessages":[],"meta":{},"tags":[]},{"ancestorTitles":["GFX-002 Three backend adapter"],"fullName":"GFX-002 Three backend adapter defers reentrant disposal until hostile native evidence capture is published","status":"passed","title":"defers reentrant disposal until hostile native evidence capture is published","duration":0.2927920000000199,"failureMessages":[],"meta":{},"tags":[]},{"ancestorTitles":["GFX-002 Three backend adapter"],"fullName":"GFX-002 Three backend adapter bounds a 255-unit cleanup Error message with its truthful suffix and no stack","status":"passed","title":"bounds a 255-unit cleanup Error message with its truthful suffix and no stack","duration":0.21433300000001054,"failureMessages":[],"meta":{},"tags":[]},{"ancestorTitles":["GFX-002 Three backend adapter"],"fullName":"GFX-002 Three backend adapter bounds a 256-unit cleanup Error message with its truthful suffix and no stack","status":"passed","title":"bounds a 256-unit cleanup Error message with its truthful suffix and no stack","duration":0.17099999999999227,"failureMessages":[],"meta":{},"tags":[]},{"ancestorTitles":["GFX-002 Three backend adapter"],"fullName":"GFX-002 Three backend adapter bounds a 257-unit cleanup Error message with its truthful suffix and no stack","status":"passed","title":"bounds a 257-unit cleanup Error message with its truthful suffix and no stack","duration":0.29204099999998334,"failureMessages":[],"meta":{},"tags":[]},{"ancestorTitles":["GFX-002 Three backend adapter"],"fullName":"GFX-002 Three backend adapter enforces one 4095-unit aggregate cleanup text boundary","status":"passed","title":"enforces one 4095-unit aggregate cleanup text boundary","duration":0.2582079999999678,"failureMessages":[],"meta":{},"tags":[]},{"ancestorTitles":["GFX-002 Three backend adapter"],"fullName":"GFX-002 Three backend adapter enforces one 4096-unit aggregate cleanup text boundary","status":"passed","title":"enforces one 4096-unit aggregate cleanup text boundary","duration":0.1472079999999778,"failureMessages":[],"meta":{},"tags":[]},{"ancestorTitles":["GFX-002 Three backend adapter"],"fullName":"GFX-002 Three backend adapter enforces one 4097-unit aggregate cleanup text boundary","status":"passed","title":"enforces one 4097-unit aggregate cleanup text boundary","duration":0.19299999999998363,"failureMessages":[],"meta":{},"tags":[]},{"ancestorTitles":["GFX-002 Three backend adapter"],"fullName":"GFX-002 Three backend adapter marks a primitive omission structurally after the shared text budget is exhausted","status":"passed","title":"marks a primitive omission structurally after the shared text budget is exhausted","duration":0.20600000000001728,"failureMessages":[],"meta":{},"tags":[]},{"ancestorTitles":["GFX-002 Three backend adapter"],"fullName":"GFX-002 Three backend adapter bounds and detaches 2MB nested messages, causes, entries, BigInt, and Symbol text","status":"passed","title":"bounds and detaches 2MB nested messages, causes, entries, BigInt, and Symbol text","duration":0.6262919999999781,"failureMessages":[],"meta":{},"tags":[]},{"ancestorTitles":["GFX-002 Three backend adapter"],"fullName":"GFX-002 Three backend adapter bounds BigInt magnitude and charges Symbol wrappers without changing numeric primitives","status":"passed","title":"bounds BigInt magnitude and charges Symbol wrappers without changing numeric primitives","duration":0.2720830000000092,"failureMessages":[],"meta":{},"tags":[]},{"ancestorTitles":["GFX-002 Three backend adapter"],"fullName":"GFX-002 Three backend adapter preserves own primitive AggregateError causes for empty and nonempty evidence","status":"passed","title":"preserves own primitive AggregateError causes for empty and nonempty evidence","duration":2.3125839999999585,"failureMessages":[],"meta":{},"tags":[]},{"ancestorTitles":["GFX-002 Three backend adapter"],"fullName":"GFX-002 Three backend adapter keeps AggregateError subtype and primitive cause when error details are invalid","status":"passed","title":"keeps AggregateError subtype and primitive cause when error details are invalid","duration":1.3741249999999923,"failureMessages":[],"meta":{},"tags":[]},{"ancestorTitles":["GFX-002 Three backend adapter"],"fullName":"GFX-002 Three backend adapter detaches object, function, and accessor AggregateError causes without reading them","status":"passed","title":"detaches object, function, and accessor AggregateError causes without reading them","duration":0.3863749999999868,"failureMessages":[],"meta":{},"tags":[]},{"ancestorTitles":["GFX-002 Three backend adapter"],"fullName":"GFX-002 Three backend adapter charges aggregate causes to one bounded cleanup evidence budget","status":"passed","title":"charges aggregate causes to one bounded cleanup evidence budget","duration":5.108249999999998,"failureMessages":[],"meta":{},"tags":[]},{"ancestorTitles":["GFX-002 Three backend adapter"],"fullName":"GFX-002 Three backend adapter shares one cleanup evidence budget across pipeline and renderer failure roots","status":"passed","title":"shares one cleanup evidence budget across pipeline and renderer failure roots","duration":4.027417000000014,"failureMessages":[],"meta":{},"tags":[]},{"ancestorTitles":["GFX-002 Three backend adapter"],"fullName":"GFX-002 Three backend adapter bounds shared-child failure fanout with one total snapshot budget","status":"passed","title":"bounds shared-child failure fanout with one total snapshot budget","duration":2.539375000000007,"failureMessages":[],"meta":{},"tags":[]},{"ancestorTitles":["GFX-002 Three backend adapter"],"fullName":"GFX-002 Three backend adapter treats renderer throw null as a real cleanup failure","status":"passed","title":"treats renderer throw null as a real cleanup failure","duration":0.1828329999999596,"failureMessages":[],"meta":{},"tags":[]},{"ancestorTitles":["GFX-002 Three backend adapter"],"fullName":"GFX-002 Three backend adapter treats swallowed backend throw undefined as a real cleanup failure","status":"passed","title":"treats swallowed backend throw undefined as a real cleanup failure","duration":0.132458999999983,"failureMessages":[],"meta":{},"tags":[]},{"ancestorTitles":["GFX-002 Three backend adapter"],"fullName":"GFX-002 Three backend adapter distinguishes negative and positive zero cleanup occurrences","status":"passed","title":"distinguishes negative and positive zero cleanup occurrences","duration":0.1802500000000009,"failureMessages":[],"meta":{},"tags":[]},{"ancestorTitles":["GFX-002 Three backend adapter"],"fullName":"GFX-002 Three backend adapter does not conflate a renderer-rethrown NaN with its native cleanup occurrence","status":"passed","title":"does not conflate a renderer-rethrown NaN with its native cleanup occurrence","duration":0.1678330000000301,"failureMessages":[],"meta":{},"tags":[]},{"ancestorTitles":["GFX-002 Three backend adapter"],"fullName":"GFX-002 Three backend adapter returns stable initialize and dispose promises during synchronous renderer reentry","status":"passed","title":"returns stable initialize and dispose promises during synchronous renderer reentry","duration":0.21500000000003183,"failureMessages":[],"meta":{},"tags":[]},{"ancestorTitles":["GFX-002 Three backend adapter"],"fullName":"GFX-002 Three backend adapter preserves non-zero renderer counters instead of self-attesting zero after a leaky dispose","status":"passed","title":"preserves non-zero renderer counters instead of self-attesting zero after a leaky dispose","duration":0.25058400000000347,"failureMessages":[],"meta":{},"tags":[]},{"ancestorTitles":["GFX-002 Three backend adapter"],"fullName":"GFX-002 Three backend adapter rejects initialize after disposal instead of returning a stale fulfilled promise","status":"passed","title":"rejects initialize after disposal instead of returning a stale fulfilled promise","duration":0.19912500000003774,"failureMessages":[],"meta":{},"tags":[]},{"ancestorTitles":["GFX-002 Three backend adapter"],"fullName":"GFX-002 Three backend adapter clears all ownership and preserves counters when renderer disposal throws","status":"passed","title":"clears all ownership and preserves counters when renderer disposal throws","duration":0.3295829999999569,"failureMessages":[],"meta":{},"tags":[]},{"ancestorTitles":["GFX-002 Three backend adapter"],"fullName":"GFX-002 Three backend adapter does not treat Three-style zeroed counters as release proof when backend disposal throws","status":"passed","title":"does not treat Three-style zeroed counters as release proof when backend disposal throws","duration":0.1655420000000163,"failureMessages":[],"meta":{},"tags":[]},{"ancestorTitles":["GFX-002 Three backend adapter"],"fullName":"GFX-002 Three backend adapter disposes and clears subscribers after partial initialization failure","status":"passed","title":"disposes and clears subscribers after partial initialization failure","duration":0.16258300000004056,"failureMessages":[],"meta":{},"tags":[]},{"ancestorTitles":["GFX-002 Three backend adapter"],"fullName":"GFX-002 Three backend adapter preserves both initialization and cleanup errors while releasing references","status":"passed","title":"preserves both initialization and cleanup errors while releasing references","duration":4.110749999999996,"failureMessages":[],"meta":{},"tags":[]},{"ancestorTitles":["GFX-002 Three backend adapter"],"fullName":"GFX-002 Three backend adapter snapshots a mutable cyclic init-cleanup suffix at ingress while preserving the primary","status":"passed","title":"snapshots a mutable cyclic init-cleanup suffix at ingress while preserving the primary","duration":1.59375,"failureMessages":[],"meta":{},"tags":[]},{"ancestorTitles":["GFX-002 Three backend adapter"],"fullName":"GFX-002 Three backend adapter preserves repeated object cleanup occurrences at their individual ingress states","status":"passed","title":"preserves repeated object cleanup occurrences at their individual ingress states","duration":0.794667000000004,"failureMessages":[],"meta":{},"tags":[]},{"ancestorTitles":["GFX-002 Three backend adapter"],"fullName":"GFX-002 Three backend adapter shares one bounded evidence budget across every init-cleanup occurrence","status":"passed","title":"shares one bounded evidence budget across every init-cleanup occurrence","duration":7.2145419999999945,"failureMessages":[],"meta":{},"tags":[]},{"ancestorTitles":["GFX-002 Three backend adapter"],"fullName":"GFX-002 Three backend adapter keeps concurrent disposal failed when initialization cleanup fails","status":"passed","title":"keeps concurrent disposal failed when initialization cleanup fails","duration":0.315791000000047,"failureMessages":[],"meta":{},"tags":[]},{"ancestorTitles":["GFX-002 Three backend adapter"],"fullName":"GFX-002 Three backend adapter does not double-dispose when initialization cleanup synchronously reenters disposal","status":"passed","title":"does not double-dispose when initialization cleanup synchronously reenters disposal","duration":0.3250409999999988,"failureMessages":[],"meta":{},"tags":[]},{"ancestorTitles":["GFX-002 Three backend adapter"],"fullName":"GFX-002 Three backend adapter rejects subscriptions reentered from terminal renderer-info reads","status":"passed","title":"rejects subscriptions reentered from terminal renderer-info reads","duration":0.29137500000001637,"failureMessages":[],"meta":{},"tags":[]},{"ancestorTitles":["GFX-002 Three backend adapter"],"fullName":"GFX-002 Three backend adapter preserves identical pre- and post-dispose telemetry failures as two occurrences","status":"passed","title":"preserves identical pre- and post-dispose telemetry failures as two occurrences","duration":0.354582999999991,"failureMessages":[],"meta":{},"tags":[]},{"ancestorTitles":["GFX-002 Three backend adapter"],"fullName":"GFX-002 Three backend adapter preserves init, dispose, and resource-snapshot errors without retaining listeners","status":"passed","title":"preserves init, dispose, and resource-snapshot errors without retaining listeners","duration":0.21883300000001782,"failureMessages":[],"meta":{},"tags":[]},{"ancestorTitles":["GFX-002 Three backend adapter"],"fullName":"GFX-002 Three backend adapter preserves distinct pre- and post-dispose resource read failures","status":"passed","title":"preserves distinct pre- and post-dispose resource read failures","duration":0.3020419999999717,"failureMessages":[],"meta":{},"tags":[]},{"ancestorTitles":["GFX-002 Three backend adapter"],"fullName":"GFX-002 Three backend adapter rejects renderer-factory failure as terminal and keeps disposal idempotent","status":"passed","title":"rejects renderer-factory failure as terminal and keeps disposal idempotent","duration":0.2210410000000138,"failureMessages":[],"meta":{},"tags":[]},{"ancestorTitles":["GFX-002 Three backend adapter"],"fullName":"GFX-002 Three backend adapter does not retain subscribers added after a terminal failure","status":"passed","title":"does not retain subscribers added after a terminal failure","duration":0.17816700000003038,"failureMessages":[],"meta":{},"tags":[]},{"ancestorTitles":["GFX-002 Three backend adapter"],"fullName":"GFX-002 Three backend adapter captures a device-loss callback fired during renderer initialization","status":"passed","title":"captures a device-loss callback fired during renderer initialization","duration":0.28612499999997,"failureMessages":[],"meta":{},"tags":[]},{"ancestorTitles":["GFX-002 Three backend adapter"],"fullName":"GFX-002 Three backend adapter chains an init-installed wrapper without duplicating the adapter event","status":"passed","title":"chains an init-installed wrapper without duplicating the adapter event","duration":0.25783299999994824,"failureMessages":[],"meta":{},"tags":[]},{"ancestorTitles":["GFX-002 Three backend adapter"],"fullName":"GFX-002 Three backend adapter preserves two init-installed callback wrappers in assignment order","status":"passed","title":"preserves two init-installed callback wrappers in assignment order","duration":3.351583000000005,"failureMessages":[],"meta":{},"tags":[]},{"ancestorTitles":["GFX-002 Three backend adapter"],"fullName":"GFX-002 Three backend adapter captures pass fields once and stops before submission when an accessor faults","status":"passed","title":"captures pass fields once and stops before submission when an accessor faults","duration":0.2991660000000138,"failureMessages":[],"meta":{},"tags":[]},{"ancestorTitles":["GFX-002 Three backend adapter"],"fullName":"GFX-002 Three backend adapter captures each pass payload exactly once in authored-field order","status":"passed","title":"captures each pass payload exactly once in authored-field order","duration":0.16870899999997846,"failureMessages":[],"meta":{},"tags":[]},{"ancestorTitles":["GFX-002 Three backend adapter"],"fullName":"GFX-002 Three backend adapter rejects malformed public adapter passes before renderer work","status":"passed","title":"rejects malformed public adapter passes before renderer work","duration":0.18216699999999264,"failureMessages":[],"meta":{},"tags":[]},{"ancestorTitles":["GFX-002 Three backend adapter"],"fullName":"GFX-002 Three backend adapter validates pass identity fields before reading later fields and gives the runtime latch priority","status":"passed","title":"validates pass identity fields before reading later fields and gives the runtime latch priority","duration":0.31654200000002675,"failureMessages":[],"meta":{},"tags":[]},{"ancestorTitles":["GFX-002 Three backend adapter"],"fullName":"GFX-002 Three backend adapter stops viewport camera updates immediately after the first camera faults","status":"passed","title":"stops viewport camera updates immediately after the first camera faults","duration":0.20799999999997,"failureMessages":[],"meta":{},"tags":[]},{"ancestorTitles":["GFX-002 Three backend adapter"],"fullName":"GFX-002 Three backend adapter clears attempted backend facts when initialization fails after detection","status":"passed","title":"clears attempted backend facts when initialization fails after detection","duration":0.15837500000003502,"failureMessages":[],"meta":{},"tags":[]},{"ancestorTitles":["GFX-002 Three backend adapter"],"fullName":"GFX-002 Three backend adapter reuses one cached terminal operation error for a non-Error renderer fault","status":"passed","title":"reuses one cached terminal operation error for a non-Error renderer fault","duration":0.13241699999997536,"failureMessages":[],"meta":{},"tags":[]},{"ancestorTitles":["GFX-002 Three backend adapter"],"fullName":"GFX-002 Three backend adapter preserves repeated primitive resource-read failures from separate phases","status":"passed","title":"preserves repeated primitive resource-read failures from separate phases","duration":1.0972920000000386,"failureMessages":[],"meta":{},"tags":[]},{"ancestorTitles":["GFX-002 Three backend adapter"],"fullName":"GFX-002 Three backend adapter detaches the backend-dispose instrumentation closure after observation","status":"passed","title":"detaches the backend-dispose instrumentation closure after observation","duration":0.13991700000002538,"failureMessages":[],"meta":{},"tags":[]},{"ancestorTitles":["GFX-002 Three backend adapter"],"fullName":"GFX-002 Three backend adapter severs a backend replacement that chains the dispose instrumentation","status":"passed","title":"severs a backend replacement that chains the dispose instrumentation","duration":0.15137499999997317,"failureMessages":[],"meta":{},"tags":[]},{"ancestorTitles":["GFX-002 Three backend adapter"],"fullName":"GFX-002 Three backend adapter detaches instrumentation when a backend setter installs it and then throws","status":"passed","title":"detaches instrumentation when a backend setter installs it and then throws","duration":0.24258400000002212,"failureMessages":[],"meta":{},"tags":[]},{"ancestorTitles":["GFX-002 Three backend adapter"],"fullName":"GFX-002 Three backend adapter reconciles a camera first introduced by a render pass before submission","status":"passed","title":"reconciles a camera first introduced by a render pass before submission","duration":0.2405830000000151,"failureMessages":[],"meta":{},"tags":[]},{"ancestorTitles":["GFX-002 Three backend adapter"],"fullName":"GFX-002 Three backend adapter repairs a cached camera aspect that feature code mutates between submissions","status":"passed","title":"repairs a cached camera aspect that feature code mutates between submissions","duration":0.19895800000000463,"failureMessages":[],"meta":{},"tags":[]},{"ancestorTitles":["GFX-002 Three backend adapter"],"fullName":"GFX-002 Three backend adapter delivers an opaque Proxy fault even when instanceof triggers a prototype trap","status":"passed","title":"delivers an opaque Proxy fault even when instanceof triggers a prototype trap","duration":0.22066699999999173,"failureMessages":[],"meta":{},"tags":[]},{"ancestorTitles":["GFX-002 Three backend adapter"],"fullName":"GFX-002 Three backend adapter claims the first backend fault before its event clock can emit reentrantly","status":"passed","title":"claims the first backend fault before its event clock can emit reentrantly","duration":0.2770840000000021,"failureMessages":[],"meta":{},"tags":[]},{"ancestorTitles":["GFX-002 Three backend adapter"],"fullName":"GFX-002 Three backend adapter fails closed and preserves evidence when the backend event clock throws","status":"passed","title":"fails closed and preserves evidence when the backend event clock throws","duration":0.24804100000000062,"failureMessages":[],"meta":{},"tags":[]}],"startTime":1787455884973,"endTime":1787455885079.277,"status":"passed","message":"","name":"/Users/snari/Documents/GitProject/LonelyStar-qx-r4-r00/tests/gfx-v2/backend-adapter.test.ts"},{"assertionResults":[{"ancestorTitles":["GFX-004 persistent world-chunk render feature"],"fullName":"GFX-004 persistent world-chunk render feature records one stable pass and scene/camera identity across focus changes","status":"passed","title":"records one stable pass and scene/camera identity across focus changes","duration":3.2986669999999947,"failureMessages":[],"meta":{},"tags":[]},{"ancestorTitles":["GFX-004 persistent world-chunk render feature"],"fullName":"GFX-004 persistent world-chunk render feature forwards quality while resize and history invalidation preserve chunk state","status":"passed","title":"forwards quality while resize and history invalidation preserve chunk state","duration":0.8942499999999995,"failureMessages":[],"meta":{},"tags":[]},{"ancestorTitles":["GFX-004 persistent world-chunk render feature"],"fullName":"GFX-004 persistent world-chunk render feature fails closed on an unknown story shot and mutable payload-bearing passes","status":"passed","title":"fails closed on an unknown story shot and mutable payload-bearing passes","duration":0.6376250000000141,"failureMessages":[],"meta":{},"tags":[]},{"ancestorTitles":["GFX-004 persistent world-chunk render feature"],"fullName":"GFX-004 persistent world-chunk render feature captures persistent pass own data without ordinary reads or accessor execution","status":"passed","title":"captures persistent pass own data without ordinary reads or accessor execution","duration":0.26287499999997976,"failureMessages":[],"meta":{},"tags":[]},{"ancestorTitles":["GFX-004 persistent world-chunk render feature"],"fullName":"GFX-004 persistent world-chunk render feature latches initialize and dispose identities across an initialization race","status":"passed","title":"latches initialize and dispose identities across an initialization race","duration":0.6564580000000149,"failureMessages":[],"meta":{},"tags":[]}],"startTime":1787455886239,"endTime":1787455886244.6565,"status":"passed","message":"","name":"/Users/snari/Documents/GitProject/LonelyStar-qx-r4-r00/tests/gfx-v2/chunk-feature.test.ts"},{"assertionResults":[{"ancestorTitles":["GFX-004 chunk manager"],"fullName":"GFX-004 chunk manager reports successful lease activation on the exact update frame","status":"passed","title":"reports successful lease activation on the exact update frame","duration":35.480541999999986,"failureMessages":[],"meta":{},"tags":[]},{"ancestorTitles":["GFX-004 chunk manager"],"fullName":"GFX-004 chunk manager captures operation story time without getters or reentrant focus mutation","status":"passed","title":"captures operation story time without getters or reentrant focus mutation","duration":14.461542000000009,"failureMessages":[],"meta":{},"tags":[]},{"ancestorTitles":["GFX-004 chunk manager"],"fullName":"GFX-004 chunk manager captures telemetry without getters and blocks diagnostic callback mutation","status":"passed","title":"captures telemetry without getters and blocks diagnostic callback mutation","duration":15.060041000000012,"failureMessages":[],"meta":{},"tags":[]},{"ancestorTitles":["GFX-004 chunk manager"],"fullName":"GFX-004 chunk manager rejects an independently optional 'adopt-only' resource registry","status":"passed","title":"rejects an independently optional 'adopt-only' resource registry","duration":0.2583750000000009,"failureMessages":[],"meta":{},"tags":[]},{"ancestorTitles":["GFX-004 chunk manager"],"fullName":"GFX-004 chunk manager rejects an independently optional 'release-only' resource registry","status":"passed","title":"rejects an independently optional 'release-only' resource registry","duration":0.1285410000000411,"failureMessages":[],"meta":{},"tags":[]},{"ancestorTitles":["GFX-004 chunk manager"],"fullName":"GFX-004 chunk manager uses the captured resource-method pair for stable adoption rollback","status":"passed","title":"uses the captured resource-method pair for stable adoption rollback","duration":13.42874999999998,"failureMessages":[],"meta":{},"tags":[]},{"ancestorTitles":["GFX-004 chunk manager"],"fullName":"GFX-004 chunk manager holds S07-S10 for S08, freezes behind, and retires before admitting a fifth lease","status":"passed","title":"holds S07-S10 for S08, freezes behind, and retires before admitting a fifth lease","duration":13.815875000000005,"failureMessages":[],"meta":{},"tags":[]},{"ancestorTitles":["GFX-004 chunk manager"],"fullName":"GFX-004 chunk manager ignores stale shuffled replies and turns a null-token worker failure into terminal placeholders","status":"passed","title":"ignores stale shuffled replies and turns a null-token worker failure into terminal placeholders","duration":11.609749999999963,"failureMessages":[],"meta":{},"tags":[]},{"ancestorTitles":["GFX-004 chunk manager"],"fullName":"GFX-004 chunk manager cancels a captured upload job when queue admission throws opaquely"
[...]
 counter seed streams"],"fullName":"GFX-003 named counter seed streams keeps generated values within their documented ranges","status":"passed","title":"keeps generated values within their documented ranges","duration":72.62375000000003,"failureMessages":[],"meta":{},"tags":[]},{"ancestorTitles":["GFX-003 named counter seed streams"],"fullName":"GFX-003 named counter seed streams rejects invalid counters, integer bounds, seeds, and versions","status":"passed","title":"rejects invalid counters, integer bounds, seeds, and versions","duration":0.895417000000009,"failureMessages":[],"meta":{},"tags":[]},{"ancestorTitles":["GFX-003 named counter seed streams"],"fullName":"GFX-003 named counter seed streams registers all 24 canonical shot chunks","status":"passed","title":"registers all 24 canonical shot chunks","duration":0.9918329999999855,"failureMessages":[],"meta":{},"tags":[]}],"startTime":1787455885306,"endTime":1787455885388.992,"status":"passed","message":"","name":"/Users/snari/Documents/GitProject/LonelyStar-qx-r4-r00/tests/world-v2/seed-streams.test.ts"},{"assertionResults":[{"ancestorTitles":["GFX-003 Twinkle semantic projection"],"fullName":"GFX-003 Twinkle semantic projection does not mutate the simulation or its immutable ledger","status":"passed","title":"does not mutate the simulation or its immutable ledger","duration":73.73500000000001,"failureMessages":[],"meta":{},"tags":[]},{"ancestorTitles":["GFX-003 Twinkle semantic projection"],"fullName":"GFX-003 Twinkle semantic projection normalizes a real simulation signed-zero position only in the owned semantic copy","status":"passed","title":"normalizes a real simulation signed-zero position only in the owned semantic copy","duration":73.39724999999999,"failureMessages":[],"meta":{},"tags":[]},{"ancestorTitles":["GFX-003 Twinkle semantic projection"],"fullName":"GFX-003 Twinkle semantic projection gives positional signed zero canonical signatures without collapsing nonzero epsilon","status":"passed","title":"gives positional signed zero canonical signatures without collapsing nonzero epsilon","duration":28.128583999999933,"failureMessages":[],"meta":{},"tags":[]},{"ancestorTitles":["GFX-003 Twinkle semantic projection"],"fullName":"GFX-003 Twinkle semantic projection preserves input identity order without sorting or deduplicating","status":"passed","title":"preserves input identity order without sorting or deduplicating","duration":33.99924999999996,"failureMessages":[],"meta":{},"tags":[]},{"ancestorTitles":["GFX-003 Twinkle semantic projection"],"fullName":"GFX-003 Twinkle semantic projection never writes through a readonly ledger proxy","status":"passed","title":"never writes through a readonly ledger proxy","duration":37.218208000000004,"failureMessages":[],"meta":{},"tags":[]},{"ancestorTitles":["GFX-003 Twinkle semantic projection"],"fullName":"GFX-003 Twinkle semantic projection maps exact timeline boundaries to canonical chunks without changing order","status":"passed","title":"maps exact timeline boundaries to canonical chunks without changing order","duration":9.440165999999977,"failureMessages":[],"meta":{},"tags":[]},{"ancestorTitles":["GFX-003 Twinkle semantic projection"],"fullName":"GFX-003 Twinkle semantic projection resolves millisecond-rounded phase-boundary pulses to the canonical next chunk","status":"passed","title":"resolves millisecond-rounded phase-boundary pulses to the canonical next chunk","duration":115.15758300000005,"failureMessages":[],"meta":{},"tags":[]},{"ancestorTitles":["GFX-003 Twinkle semantic projection"],"fullName":"GFX-003 Twinkle semantic projection copies every gameplay ledger field and adds quality-independent world semantics","status":"passed","title":"copies every gameplay ledger field and adds quality-independent world semantics","duration":43.64250000000004,"failureMessages":[],"meta":{},"tags":[]},{"ancestorTitles":["GFX-003 Twinkle semantic projection"],"fullName":"GFX-003 Twinkle semantic projection returns deterministic, deeply frozen copies","status":"passed","title":"returns deterministic, deeply frozen copies","duration":46.263000000000034,"failureMessages":[],"meta":{},"tags":[]},{"ancestorTitles":["GFX-003 Twinkle semantic projection"],"fullName":"GFX-003 Twinkle semantic projection snapshots each ledger entry data property exactly once without invoking ordinary gets","status":"passed","title":"snapshots each ledger entry data property exactly once without invoking ordinary gets","duration":8.850374999999985,"failureMessages":[],"meta":{},"tags":[]},{"ancestorTitles":["GFX-003 Twinkle semantic projection"],"fullName":"GFX-003 Twinkle semantic projection rejects sparse, accessor-backed, and extra-property ledger arrays without invoking accessors","status":"passed","title":"rejects sparse, accessor-backed, and extra-property ledger arrays without invoking accessors","duration":24.553583000000003,"failureMessages":[],"meta":{},"tags":[]},{"ancestorTitles":["GFX-003 Twinkle semantic projection"],"fullName":"GFX-003 Twinkle semantic projection rejects accessor-backed, inherited, missing, and extra ledger-entry fields","status":"passed","title":"rejects accessor-backed, inherited, missing, and extra ledger-entry fields","duration":39.31341700000007,"failureMessages":[],"meta":{},"tags":[]},{"ancestorTitles":["GFX-003 Twinkle semantic projection"],"fullName":"GFX-003 Twinkle semantic projection enforces the frozen simulation ranges while accepting their exact inclusive edges","status":"passed","title":"enforces the frozen simulation ranges while accepting their exact inclusive edges","duration":146.008875,"failureMessages":[],"meta":{},"tags":[]},{"ancestorTitles":["GFX-003 Twinkle semantic projection"],"fullName":"GFX-003 Twinkle semantic projection validates seed, generator, and chunk lookup before projection without mutating the plan","status":"passed","title":"validates seed, generator, and chunk lookup before projection without mutating the plan","duration":20.95441700000015,"failureMessages":[],"meta":{},"tags":[]},{"ancestorTitles":["GFX-003 Twinkle semantic projection"],"fullName":"GFX-003 Twinkle semantic projection validates and consumes one descriptor-owned plan snapshot without later caller reads","status":"passed","title":"validates and consumes one descriptor-owned plan snapshot without later caller reads","duration":20.760125000000016,"failureMessages":[],"meta":{},"tags":[]},{"ancestorTitles":["GFX-003 Twinkle semantic projection"],"fullName":"GFX-003 Twinkle semantic projection binds signatures to every projected semantic including biome and species family","status":"passed","title":"binds signatures to every projected semantic including biome and species family","duration":11.38650000000007,"failureMessages":[],"meta":{},"tags":[]}],"startTime":1787455883121,"endTime":1787455883855.3865,"status":"passed","message":"","name":"/Users/snari/Documents/GitProject/LonelyStar-qx-r4-r00/tests/world-v2/twinkle-semantics.test.ts"},{"assertionResults":[{"ancestorTitles":["GFX-003 world-plan property oracle"],"fullName":"GFX-003 world-plan property oracle independently validates one thousand world seeds","status":"passed","title":"independently validates one thousand world seeds","duration":13780.349166,"failureMessages":[],"meta":{},"tags":[]},{"ancestorTitles":["GFX-003 world-plan property oracle"],"fullName":"GFX-003 world-plan property oracle rejects non-finite numbers instead of silently canonicalizing them to null","status":"passed","title":"rejects non-finite numbers instead of silently canonicalizing them to null","duration":2.16675000000032,"failureMessages":[],"meta":{},"tags":[]},{"ancestorTitles":["GFX-003 world-plan property oracle"],"fullName":"GFX-003 world-plan property oracle rejects negative zero","status":"passed","title":"rejects negative zero","duration":1.706916999999521,"failureMessages":[],"meta":{},"tags":[]},{"ancestorTitles":["GFX-003 world-plan property oracle"],"fullName":"GFX-003 world-plan property oracle rejects unsafe and fractional canonical numbers","status":"passed","title":"rejects unsafe and fractional canonical numbers","duration":14.195541999999477,"failureMessages":[],"meta":{},"tags":[]},{"ancestorTitles":["GFX-003 world-plan property oracle"],"fullName":"GFX-003 world-plan property oracle rejects missing and reordered story chunks","status":"passed","title":"rejects missing and reordered story chunks","duration":23.14204200000131,"failureMessages":[],"meta":{},"tags":[]},{"ancestorTitles":["GFX-003 world-plan property oracle"],"fullName":"GFX-003 world-plan property oracle rejects timeline gaps and phase mismatches","status":"passed","title":"rejects timeline gaps and phase mismatches","duration":13.439250000001266,"failureMessages":[],"meta":{},"tags":[]},{"ancestorTitles":["GFX-003 world-plan property oracle"],"fullName":"GFX-003 world-plan property oracle rejects altered exact motifs, including an early human-work motif","status":"passed","title":"rejects altered exact motifs, including an early human-work motif","duration":6.620999999999185,"failureMessages":[],"meta":{},"tags":[]},{"ancestorTitles":["GFX-003 world-plan property oracle"],"fullName":"GFX-003 world-plan property oracle rejects a blocker inserted into the safe corridor","status":"passed","title":"rejects a blocker inserted into the safe corridor","duration":6.4719160000004194,"failureMessages":[],"meta":{},"tags":[]},{"ancestorTitles":["GFX-003 world-plan property oracle"],"fullName":"GFX-003 world-plan property oracle rejects cross-chunk corridor discontinuity","status":"passed","title":"rejects cross-chunk corridor discontinuity","duration":6.530250000001615,"failureMessages":[],"meta":{},"tags":[]},{"ancestorTitles":["GFX-003 world-plan property oracle"],"fullName":"GFX-003 world-plan property oracle rejects degenerate or backward flow and altered S08/S14 branch anchors","status":"passed","title":"rejects degenerate or backward flow and altered S08/S14 branch anchors","duration":20.26020900000003,"failureMessages":[],"meta":{},"tags":[]},{"ancestorTitles":["GFX-003 world-plan property oracle"],"fullName":"GFX-003 world-plan property oracle rejects disconnected required hydrology and invalid waterfall drop","status":"passed","title":"rejects disconnected required hydrology and invalid waterfall drop","duration":12.853791999999885,"failureMessages":[],"meta":{},"tags":[]},{"ancestorTitles":["GFX-003 world-plan property oracle"],"fullName":"GFX-003 world-plan property oracle requires directed hydrology, valid edge kinds, a waterfall, and exact chunk links","status":"passed","title":"requires directed hydrology, valid edge kinds, a waterfall, and exact chunk links","duration":26.914957999999388,"failureMessages":[],"meta":{},"tags":[]},{"ancestorTitles":["GFX-003 world-plan property oracle"],"fullName":"GFX-003 world-plan property oracle rejects non-canonical hydrology width before graph semantics","status":"passed","title":"rejects non-canonical hydrology width before graph semantics","duration":7.389375000000655,"failureMessages":[],"meta":{},"tags":[]},{"ancestorTitles":["GFX-003 world-plan property oracle"],"fullName":"GFX-003 world-plan property oracle rejects non-canonical corridor widths before blocker-by-segment geometry","status":"passed","title":"rejects non-canonical corridor widths before blocker-by-segment geometry","duration":7.524083000000246,"failureMessages":[],"meta":{},"tags":[]},{"ancestorTitles":["GFX-003 world-plan property oracle"],"fullName":"GFX-003 world-plan property oracle rejects a third authored flow branch","status":"passed","title":"rejects a third authored flow branch","duration":7.323792000001049,"failureMessages":[],"meta":{},"tags":[]},{"ancestorTitles":["GFX-003 world-plan property oracle"],"fullName":"GFX-003 world-plan property oracle rejects an early complete ship and missing S20/S21 reveal states","status":"passed","title":"rejects an early complete ship and missing S20/S21 reveal states","duration":19.356917000000976,"failureMessages":[],"meta":{},"tags":[]},{"ancestorTitles":["GFX-003 world-plan property oracle"],"fullName":"GFX-003 world-plan property oracle rejects schema, seed-contract, Twinkle-policy, environment, and material drift","status":"passed","title":"rejects schema, seed-contract, Twinkle-policy, environment, and material drift","duration":32.23737500000061,"failureMessages":[],"meta":{},"tags":[]},{"ancestorTitles":["GFX-003 world-plan property oracle"],"fullName":"GFX-003 world-plan property oracle does not misreport canonical hydrology when only the root seed is invalid","status":"passed","title":"does not misreport canonical hydrology when only the root seed is invalid","duration":2.9390000000003056,"failureMessages":[],"meta":{},"tags":[]},{"ancestorTitles":["GFX-003 world-plan property oracle"],"fullName":"GFX-003 world-plan property oracle fails closed on forbidden, undefined, hidden, accessor, symbol, and extra data","status":"passed","title":"fails closed on forbidden, undefined, hidden, accessor, symbol, and extra data","duration":19.4793750000008,"failureMessages":[],"meta":{},"tags":[]},{"ancestorTitles":["GFX-003 world-plan property oracle"],"fullName":"GFX-003 world-plan property oracle reports one structural budget issue and aborts semantic validation","status":"passed","title":"reports one structural budget issue and aborts semantic validation","duration":2.667333999999755,"failureMessages":[],"meta":{},"tags":[]},{"ancestorTitles":["GFX-003 world-plan property oracle"],"fullName":"GFX-003 world-plan property oracle bounds hostile array key lists before inspecting every extra key","status":"passed","title":"bounds hostile array key lists before inspecting every extra key","duration":12.206249999999272,"failureMessages":[],"meta":{},"tags":[]},{"ancestorTitles":["GFX-003 world-plan property oracle"],"fullName":"GFX-003 world-plan property oracle returns a frozen fail-closed report without inspecting a hostile thrown value","status":"passed","title":"returns a frozen fail-closed report without inspecting a hostile thrown value","duration":1.393791999998939,"failureMessages":[],"meta":{},"tags":[]},{"ancestorTitles":["GFX-003 world-plan property oracle"],"fullName":"GFX-003 world-plan property oracle validates one owned canonical snapshot without ordinary reads from a stateful plan","status":"passed","title":"validates one owned canonical snapshot without ordinary reads from a stateful plan","duration":7.4234579999993,"failureMessages":[],"meta":{},"tags":[]}],"startTime":1787455883121,"endTime":1787455897156.4233,"status":"passed","message":"","name":"/Users/snari/Documents/GitProject/LonelyStar-qx-r4-r00/tests/world-v2/world-plan-properties.test.ts"},{"assertionResults":[{"ancestorTitles":["GFX-003 canonical world plan"],"fullName":"GFX-003 canonical world plan uses exactly one canonical story chunk and node for each S01 through S24","status":"passed","title":"uses exactly one canonical story chunk and node for each S01 through S24","duration":9.109417000000008,"failureMessages":[],"meta":{},"tags":[]},{"ancestorTitles":["GFX-003 canonical world plan"],"fullName":"GFX-003 canonical world plan records the complete quality-free named-seed tuple contract","status":"passed","title":"records the complete quality-free named-seed tuple contract","duration":2.455959000000007,"failureMessages":[],"meta":{},"tags":[]},{"ancestorTitles":["GFX-003 canonical world plan"],"fullName":"GFX-003 canonical world plan captures generation context only through the own-data seed boundary","status":"passed","title":"captures generation context only through the own-data seed boundary","duration":108.144,"failureMessages":[],"meta":{},"tags":[]},{"ancestorTitles":["GFX-003 canonical world plan"],"fullName":"GFX-003 canonical world plan copies the frozen 24-shot score exactly and covers six phases over 180 seconds","status":"passed","title":"copies the frozen 24-shot score exactly and covers six phases over 180 seconds","duration":1.9110410000000115,"failureMessages":[],"meta":{},"tags":[]},{"ancestorTitles":["GFX-003 canonical world plan"],"fullName":"GFX-003 canonical world plan keeps S20 to incomplete peripheral arcs and begins the complete ship at S21 / 161 seconds","status":"passed","title":"keeps S20 to incomplete peripheral arcs and begins the complete ship at S21 / 161 seconds","duration":1.4131659999999897,"failureMessages":[],"meta":{},"tags":[]},{"ancestorTitles":["GFX-003 canonical world plan"],"fullName":"GFX-003 canonical world plan has contiguous cross-chunk flow segments and matching corridor ownership","status":"passed","title":"has contiguous cross-chunk flow segments and matching corridor ownership","duration":2.3115000000000236,"failureMessages":[],"meta":{},"tags":[]},{"ancestorTitles":["GFX-003 canonical world plan"],"fullName":"GFX-003 canonical world plan keeps all canonical numeric leaves finite, non-negative-zero safe integers","status":"passed","title":"keeps all canonical numeric leaves finite, non-negative-zero safe integers","duration":51.48904200000004,"failureMessages":[],"meta":{},"tags":[]},{"ancestorTitles":["GFX-003 canonical world plan"],"fullName":"GFX-003 canonical world plan is deeply immutable","status":"passed","title":"is deeply immutable","duration":5.5968749999999545,"failureMessages":[],"meta":{},"tags":[]},{"ancestorTitles":["GFX-003 canonical world plan"],"fullName":"GFX-003 canonical world plan owns deterministic renderer-independent environment and seven-family material descriptors","status":"passed","title":"owns deterministic renderer-independent environment and seven-family material descriptors","duration":4.270083,"failureMessages":[],"meta":{},"tags":[]},{"ancestorTitles":["GFX-003 canonical world plan"],"fullName":"GFX-003 canonical world plan produces identical canonical bytes for forward, reverse, and shuffled system and 24-chunk schedules","status":"passed","title":"produces identical canonical bytes for forward, reverse, and shuffled system and 24-chunk schedules","duration":209.609875,"failureMessages":[],"meta":{},"tags":[]},{"ancestorTitles":["GFX-003 canonical world plan"],"fullName":"GFX-003 canonical world plan captures caller-owned generation and chunk schedules exactly once before execution","status":"passed","title":"captures caller-owned generation and chunk schedules exactly once before execution","duration":93.61249999999995,"failureMessages":[],"meta":{},"tags":[]},{"ancestorTitles":["GFX-003 canonical world plan"],"fullName":"GFX-003 canonical world plan bounds caller schedule iteration at the canonical width plus one","status":"passed","title":"bounds caller schedule iteration at the canonical width plus one","duration":0.3677500000000009,"failureMessages":[],"meta":{},"tags":[]},{"ancestorTitles":["GFX-003 canonical world plan"],"fullName":"GFX-003 canonical world plan uses its verified story snapshot after another consumer mutates SHOT_TABLE","status":"passed","title":"uses its verified story snapshot after another consumer mutates SHOT_TABLE","duration":17.22395800000004,"failureMessages":[],"meta":{},"tags":[]},{"ancestorTitles":["GFX-003 canonical world plan"],"fullName":"GFX-003 canonical world plan rejects system or chunk schedules that omit or duplicate canonical entries","status":"passed","title":"rejects system or chunk schedules that omit or duplicate canonical entries","duration":0.37733300000002146,"failureMessages":[],"meta":{},"tags":[]},{"ancestorTitles":["GFX-003 canonical world plan"],"fullName":"GFX-003 canonical world plan pins seed 20260818 to reviewed custom and SHA-256 digests plus byte length","status":"passed","title":"pins seed 20260818 to reviewed custom and SHA-256 digests plus byte length","duration":4.738292000000001,"failureMessages":[],"meta":{},"tags":[]}],"startTime":1787455883121,"endTime":1787455883634.7383,"status":"passed","message":"","name":"/Users/snari/Documents/GitProject/LonelyStar-qx-r4-r00/tests/world-v2/world-plan.test.ts"}]}