{"numTotalTestSuites":16,"numPassedTestSuites":16,"numFailedTestSuites":0,"numPendingTestSuites":0,"numTotalTests":54,"numPassedTests":54,"numFailedTests":0,"numPendingTests":0,"numTodoTests":0,"snapshot":{"added":0,"failure":false,"filesAdded":0,"filesRemoved":0,"filesRemovedList":[],"filesUnmatched":0,"filesUpdated":0,"matched":0,"total":0,"unchecked":0,"uncheckedKeysByFile":[],"unmatched":0,"updated":0,"didUpdate":false},"startTime":1787158395366,"success":true,"testResults":[{"assertionResults":[{"ancestorTitles":["GFX-002 frozen replay fixture"],"fullName":"GFX-002 frozen replay fixture keeps game, ledger, world plan, and chunk payloads identical across the GFX-006 backend-quality matrix","status":"passed","title":"keeps game, ledger, world plan, and chunk payloads identical across the GFX-006 backend-quality matrix","duration":157.13491700000003,"failureMessages":[],"meta":{},"tags":[]},{"ancestorTitles":["GFX-002 frozen replay fixture"],"fullName":"GFX-002 frozen replay fixture pins the gameplay hash independently from requested render quality","status":"passed","title":"pins the gameplay hash independently from requested render quality","duration":3.3088750000000005,"failureMessages":[],"meta":{},"tags":[]},{"ancestorTitles":["GFX-002 frozen replay fixture"],"fullName":"GFX-002 frozen replay fixture projects copied renderer containers without mutating or exposing the ledger","status":"passed","title":"projects copied renderer containers without mutating or exposing the ledger","duration":2.7013750000000982,"failureMessages":[],"meta":{},"tags":[]}],"startTime":1787158395752,"endTime":1787158395914.7014,"status":"passed","message":"","name":"/Users/snari/Documents/GitProject/LonelyStar-graphics-photoreal-megademo/tests/gfx-v2/foundation-parity.test.ts"},{"assertionResults":[{"ancestorTitles":["R2-G6 runtime license and provenance boundary"],"fullName":"R2-G6 runtime license and provenance boundary pins the complete non-dev browser package closure to four MIT packages","status":"passed","title":"pins the complete non-dev browser package closure to four MIT packages","duration":14.843792000000008,"failureMessages":[],"meta":{},"tags":[]},{"ancestorTitles":["R2-G6 runtime license and provenance boundary"],"fullName":"R2-G6 runtime license and provenance boundary ships the exact runtime notices and records every Hero source pin","status":"passed","title":"ships the exact runtime notices and records every Hero source pin","duration":0.5032080000000008,"failureMessages":[],"meta":{},"tags":[]},{"ancestorTitles":["R2-G6 runtime license and provenance boundary"],"fullName":"R2-G6 runtime license and provenance boundary keeps the Notion reference boards outside every production module","status":"passed","title":"keeps the Notion reference boards outside every production module","duration":9.210416999999978,"failureMessages":[],"meta":{},"tags":[]}],"startTime":1787158395617,"endTime":1787158395641.2104,"status":"passed","message":"","name":"/Users/snari/Documents/GitProject/LonelyStar-graphics-photoreal-megademo/tests/gfx-v2/graphics-license.test.ts"},{"assertionResults":[{"ancestorTitles":["R2-G3 Hero Slice A ocean realization"],"fullName":"R2-G3 Hero Slice A ocean realization preallocates every material and geometry, then shows abundant nature with no human artifact at 12 seconds","status":"passed","title":"preallocates every material and geometry, then shows abundant nature with no human artifact at 12 seconds","duration":51.869958999999994,"failureMessages":[],"meta":{},"tags":[]},{"ancestorTitles":["R2-G3 Hero Slice A ocean realization"],"fullName":"R2-G3 Hero Slice A ocean realization uses the exact 18-second boundary and keeps a readable rectilinear empty-seat inventory at 27 seconds","status":"passed","title":"uses the exact 18-second boundary and keeps a readable rectilinear empty-seat inventory at 27 seconds","duration":38.220500000000015,"failureMessages":[],"meta":{},"tags":[]},{"ancestorTitles":["R2-G3 Hero Slice A ocean realization"],"fullName":"R2-G3 Hero Slice A ocean realization crosses the waterline without changing story ownership or allocating runtime resources","status":"passed","title":"crosses the waterline without changing story ownership or allocating runtime resources","duration":19.94541700000002,"failureMessages":[],"meta":{},"tags":[]},{"ancestorTitles":["R2-G3 Hero Slice A ocean realization"],"fullName":"R2-G3 Hero Slice A ocean realization reduces only visual density for fallback and restores the exact High inventory","status":"passed","title":"reduces only visual density for fallback and restores the exact High inventory","duration":10.544040999999993,"failureMessages":[],"meta":{},"tags":[]},{"ancestorTitles":["R2-G3 Hero Slice A ocean realization"],"fullName":"R2-G3 Hero Slice A ocean realization removes the shared Hero graph and releases every owned geometry and material exactly once","status":"passed","title":"removes the shared Hero graph and releases every owned geometry and material exactly once","duration":8.819332999999972,"failureMessages":[],"meta":{},"tags":[]}],"startTime":1787158395747,"endTime":1787158395876.8193,"status":"passed","message":"","name":"/Users/snari/Documents/GitProject/LonelyStar-graphics-photoreal-megademo/tests/gfx-v2/hero-slice-a.test.ts"},{"assertionResults":[{"ancestorTitles":["R2-G4 Hero Slice B forest/city realization"],"fullName":"R2-G4 Hero Slice B forest/city realization shows the connected river, waterfall, dense forest, and living pulse before any city reveal","status":"passed","title":"shows the connected river, waterfall, dense forest, and living pulse before any city reveal","duration":40.37899999999996,"failureMessages":[],"meta":{},"tags":[]},{"ancestorTitles":["R2-G4 Hero Slice B forest/city realization"],"fullName":"R2-G4 Hero Slice B forest/city realization uses the exact 62-second boundary and keeps nature dominant around the empty rectilinear city","status":"passed","title":"uses the exact 62-second boundary and keeps nature dominant around the empty rectilinear city","duration":20.15379200000001,"failureMessages":[],"meta":{},"tags":[]},{"ancestorTitles":["R2-G4 Hero Slice B forest/city realization"],"fullName":"R2-G4 Hero Slice B forest/city realization updates the full 58-to-75-second camera path without allocating a runtime resource","status":"passed","title":"updates the full 58-to-75-second camera path without allocating a runtime resource","duration":16.875499999999988,"failureMessages":[],"meta":{},"tags":[]},{"ancestorTitles":["R2-G4 Hero Slice B forest/city realization"],"fullName":"R2-G4 Hero Slice B forest/city realization reduces only visual density for fallback and restores the exact High inventory","status":"passed","title":"reduces only visual density for fallback and restores the exact High inventory","duration":18.12379199999998,"failureMessages":[],"meta":{},"tags":[]},{"ancestorTitles":["R2-G4 Hero Slice B forest/city realization"],"fullName":"R2-G4 Hero Slice B forest/city realization removes the Hero graph and releases every owned resource exactly once","status":"passed","title":"removes the Hero graph and releases every owned resource exactly once","duration":17.46395899999999,"failureMessages":[],"meta":{},"tags":[]}],"startTime":1787158395747,"endTime":1787158395859.4639,"status":"passed","message":"","name":"/Users/snari/Documents/GitProject/LonelyStar-graphics-photoreal-megademo/tests/gfx-v2/hero-slice-b.test.ts"},{"assertionResults":[{"ancestorTitles":["R2-G5 Hero Slice C space/alien/Twinkle realization"],"fullName":"R2-G5 Hero Slice C space/alien/Twinkle realization shows seven readable rectilinear human forms and one dying beacon at 142 seconds","status":"passed","title":"shows seven readable rectilinear human forms and one dying beacon at 142 seconds","duration":32.434708,"failureMessages":[],"meta":{},"tags":[]},{"ancestorTitles":["R2-G5 Hero Slice C space/alien/Twinkle realization"],"fullName":"R2-G5 Hero Slice C space/alien/Twinkle realization keeps S20 to exactly three incomplete peripheral arcs with no full ship or center void","status":"passed","title":"keeps S20 to exactly three incomplete peripheral arcs with no full ship or center void","duration":8.754124999999988,"failureMessages":[],"meta":{},"tags":[]},{"ancestorTitles":["R2-G5 Hero Slice C space/alien/Twinkle realization"],"fullName":"R2-G5 Hero Slice C space/alien/Twinkle realization reveals exactly three thick closed B-spline ribbons around a real open center at S21","status":"passed","title":"reveals exactly three thick closed B-spline ribbons around a real open center at S21","duration":11.851292,"failureMessages":[],"meta":{},"tags":[]},{"ancestorTitles":["R2-G5 Hero Slice C space/alien/Twinkle realization"],"fullName":"R2-G5 Hero Slice C space/alien/Twinkle realization consumes the immutable ledger in order and stages one, few, tens, then many stable life lights","status":"passed","title":"consumes the immutable ledger in order and stages one, few, tens, then many stable life lights","duration":10.669916999999998,"failureMessages":[],"meta":{},"tags":[]},{"ancestorTitles":["R2-G5 Hero Slice C space/alien/Twinkle realization"],"fullName":"R2-G5 Hero Slice C space/alien/Twinkle realization keeps the final formal-title state and releases all owned resources once","status":"passed","title":"keeps the final formal-title state and releases all owned resources once","duration":8.371833000000038,"failureMessages":[],"meta":{},"tags":[]}],"startTime":1787158395747,"endTime":1787158395818.3718,"status":"passed","message":"","name":"/Users/snari/Documents/GitProject/LonelyStar-graphics-photoreal-megademo/tests/gfx-v2/hero-slice-c.test.ts"},{"assertionResults":[{"ancestorTitles":["R2-G6 three-Hero isolated integration"],"fullName":"R2-G6 three-Hero isolated integration runs A, B, and C through one scene without cross-slice resource retention","status":"passed","title":"runs A, B, and C through one scene without cross-slice resource retention","duration":99.57724999999999,"failureMessages":[],"meta":{},"tags":[]}],"startTime":1787158395747,"endTime":1787158395846.5771,"status":"passed","message":"","name":"/Users/snari/Documents/GitProject/LonelyStar-graphics-photoreal-megademo/tests/gfx-v2/hero-slice-integration.test.ts"},{"assertionResults":[{"ancestorTitles":["GFX-006 rolling performance telemetry"],"fullName":"GFX-006 rolling performance telemetry uses nearest-rank P50/P95/P99 over the unfiltered last 600 steady frames","status":"passed","title":"uses nearest-rank P50/P95/P99 over the unfiltered last 600 steady frames","duration":7.452417000000025,"failureMessages":[],"meta":{},"tags":[]},{"ancestorTitles":["GFX-006 rolling performance telemetry"],"fullName":"GFX-006 rolling performance telemetry publishes null percentiles below 120 samples and keeps unsupported GPU timing null","status":"passed","title":"publishes null percentiles below 120 samples and keeps unsupported GPU timing null","duration":1.632000000000005,"failureMessages":[],"meta":{},"tags":[]},{"ancestorTitles":["GFX-006 rolling performance telemetry"],"fullName":"GFX-006 rolling performance telemetry keeps dropped RAF intervals unfiltered without inventing main-thread samples","status":"passed","title":"keeps dropped RAF intervals unfiltered without inventing main-thread samples","duration":1.0717919999999594,"failureMessages":[],"meta":{},"tags":[]},{"ancestorTitles":["GFX-006 rolling performance telemetry"],"fullName":"GFX-006 rolling performance telemetry excludes upload and activation frames without filtering other slow steady samples","status":"passed","title":"excludes upload and activation frames without filtering other slow steady samples","duration":1.3228749999999536,"failureMessages":[],"meta":{},"tags":[]},{"ancestorTitles":["GFX-006 rolling performance telemetry"],"fullName":"GFX-006 rolling performance telemetry records quality and exact history reset reasons separately from frame percentiles","status":"passed","title":"records quality and exact history reset reasons separately from frame percentiles","duration":0.19458399999996345,"failureMessages":[],"meta":{},"tags":[]},{"ancestorTitles":["GFX-006 rolling performance telemetry"],"fullName":"GFX-006 rolling performance telemetry bounds retained operation events and preserves final evidence after dispose","status":"passed","title":"bounds retained operation events and preserves final evidence after dispose","duration":3.895667000000003,"failureMessages":[],"meta":{},"tags":[]},{"ancestorTitles":["GFX-006 rolling performance telemetry"],"fullName":"GFX-006 rolling performance telemetry rejects accessor-backed inputs without invoking getters","status":"passed","title":"rejects accessor-backed inputs without invoking getters","duration":0.5157920000000331,"failureMessages":[],"meta":{},"tags":[]},{"ancestorTitles":["GFX-006 rolling performance telemetry"],"fullName":"GFX-006 rolling performance telemetry reserves ingress before descriptor traps and keeps disposal terminal","status":"passed","title":"reserves ingress before descriptor traps and keeps disposal terminal","duration":0.2713749999999777,"failureMessages":[],"meta":{},"tags":[]},{"ancestorTitles":["GFX-006 rolling performance telemetry"],"fullName":"GFX-006 rolling performance telemetry rejects signed-zero counters and non-monotonic frame identity atomically","status":"passed","title":"rejects signed-zero counters and non-monotonic frame identity atomically","duration":0.3828749999999559,"failureMessages":[],"meta":{},"tags":[]}],"startTime":1787158395673,"endTime":1787158395689.5159,"status":"passed","message":"","name":"/Users/snari/Documents/GitProject/LonelyStar-graphics-photoreal-megademo/tests/gfx-v2/performance-telemetry.test.ts"},{"assertionResults":[{"ancestorTitles":["GFX-003 world-plan property oracle"],"fullName":"GFX-003 world-plan property oracle independently validates one thousand world seeds","status":"passed","title":"independently validates one thousand world seeds","duration":12747.181250000001,"failureMessages":[],"meta":{},"tags":[]},{"ancestorTitles":["GFX-003 world-plan property oracle"],"fullName":"GFX-003 world-plan property oracle rejects non-finite numbers instead of silently canonicalizing them to null","status":"passed","title":"rejects non-finite numbers instead of silently canonicalizing them to null","duration":2.5240840000005846,"failureMessages":[],"meta":{},"tags":[]},{"ancestorTitles":["GFX-003 world-plan property oracle"],"fullName":"GFX-003 world-plan property oracle rejects negative zero","status":"passed","title":"rejects negative zero","duration":1.5568750000002183,"failureMessages":[],"meta":{},"tags":[]},{"ancestorTitles":["GFX-003 world-plan property oracle"],"fullName":"GFX-003 world-plan property oracle rejects unsafe and fractional canonical numbers","status":"passed","title":"rejects unsafe and fractional canonical numbers","duration":12.903458000000683,"failureMessages":[],"meta":{},"tags":[]},{"ancestorTitles":["GFX-003 world-plan property oracle"],"fullName":"GFX-003 world-plan property oracle rejects missing and reordered story chunks","status":"passed","title":"rejects missing and reordered story chunks","duration":23.38054100000045,"failureMessages":[],"meta":{},"tags":[]},{"ancestorTitles":["GFX-003 world-plan property oracle"],"fullName":"GFX-003 world-plan property oracle rejects timeline gaps and phase mismatches","status":"passed","title":"rejects timeline gaps and phase mismatches","duration":12.754249999999956,"failureMessages":[],"meta":{},"tags":[]},{"ancestorTitles":["GFX-003 world-plan property oracle"],"fullName":"GFX-003 world-plan property oracle rejects altered exact motifs, including an early human-work motif","status":"passed","title":"rejects altered exact motifs, including an early human-work motif","duration":6.84808300000077,"failureMessages":[],"meta":{},"tags":[]},{"ancestorTitles":["GFX-003 world-plan property oracle"],"fullName":"GFX-003 world-plan property oracle rejects a blocker inserted into the safe corridor","status":"passed","title":"rejects a blocker inserted into the safe corridor","duration":6.250374999999622,"failureMessages":[],"meta":{},"tags":[]},{"ancestorTitles":["GFX-003 world-plan property oracle"],"fullName":"GFX-003 world-plan property oracle rejects cross-chunk corridor discontinuity","status":"passed","title":"rejects cross-chunk corridor discontinuity","duration":6.261125000000902,"failureMessages":[],"meta":{},"tags":[]},{"ancestorTitles":["GFX-003 world-plan property oracle"],"fullName":"GFX-003 world-plan property oracle rejects degenerate or backward flow and altered S08/S14 branch anchors","status":"passed","title":"rejects degenerate or backward flow and altered S08/S14 branch anchors","duration":19.591207999999824,"failureMessages":[],"meta":{},"tags":[]},{"ancestorTitles":["GFX-003 world-plan property oracle"],"fullName":"GFX-003 world-plan property oracle rejects disconnected required hydrology and invalid waterfall drop","status":"passed","title":"rejects disconnected required hydrology and invalid waterfall drop","duration":13.329207999999198,"failureMessages":[],"meta":{},"tags":[]},{"ancestorTitles":["GFX-003 world-plan property oracle"],"fullName":"GFX-003 world-plan property oracle requires directed hydrology, valid edge kinds, a waterfall, and exact chunk links","status":"passed","title":"requires directed hydrology, valid edge kinds, a waterfall, and exact chunk links","duration":25.527874999999767,"failureMessages":[],"meta":{},"tags":[]},{"ancestorTitles":["GFX-003 world-plan property oracle"],"fullName":"GFX-003 world-plan property oracle rejects non-canonical hydrology width before graph semantics","status":"passed","title":"rejects non-canonical hydrology width before graph semantics","duration":7.4259170000004815,"failureMessages":[],"meta":{},"tags":[]},{"ancestorTitles":["GFX-003 world-plan property oracle"],"fullName":"GFX-003 world-plan property oracle rejects non-canonical corridor widths before blocker-by-segment geometry","status":"passed","title":"rejects non-canonical corridor widths before blocker-by-segment geometry","duration":6.9849579999990965,"failureMessages":[],"meta":{},"tags":[]},{"ancestorTitles":["GFX-003 world-plan property oracle"],"fullName":"GFX-003 world-plan property oracle rejects a third authored flow branch","status":"passed","title":"rejects a third authored flow branch","duration":6.28179099999943,"failureMessages":[],"meta":{},"tags":[]},{"ancestorTitles":["GFX-003 world-plan property oracle"],"fullName":"GFX-003 world-plan property oracle rejects an early complete ship and missing S20/S21 reveal states","status":"passed","title":"rejects an early complete ship and missing S20/S21 reveal states","duration":20.286165999999866,"failureMessages":[],"meta":{},"tags":[]},{"ancestorTitles":["GFX-003 world-plan property oracle"],"fullName":"GFX-003 world-plan property oracle rejects schema, seed-contract, Twinkle-policy, environment, and material drift","status":"passed","title":"rejects schema, seed-contract, Twinkle-policy, environment, and material drift","duration":31.644416000001,"failureMessages":[],"meta":{},"tags":[]},{"ancestorTitles":["GFX-003 world-plan property oracle"],"fullName":"GFX-003 world-plan property oracle does not misreport canonical hydrology when only the root seed is invalid","status":"passed","title":"does not misreport canonical hydrology when only the root seed is invalid","duration":2.705832999999984,"failureMessages":[],"meta":{},"tags":[]},{"ancestorTitles":["GFX-003 world-plan property oracle"],"fullName":"GFX-003 world-plan property oracle fails closed on forbidden, undefined, hidden, accessor, symbol, and extra data","status":"passed","title":"fails closed on forbidden, undefined, hidden, accessor, symbol, and extra data","duration":19.10412499999984,"failureMessages":[],"meta":{},"tags":[]},{"ancestorTitles":["GFX-003 world-plan property oracle"],"fullName":"GFX-003 world-plan property oracle reports one structural budget issue and aborts semantic validation","status":"passed","title":"reports one structural budget issue and aborts semantic validation","duration":2.596041000000696,"failureMessages":[],"meta":{},"tags":[]},{"ancestorTitles":["GFX-003 world-plan property oracle"],"fullName":"GFX-003 world-plan property oracle bounds hostile array key lists before inspecting every extra key","status":"passed","title":"bounds hostile array key lists before inspecting every extra key","duration":14.197832999998354,"failureMessages":[],"meta":{},"tags":[]},{"ancestorTitles":["GFX-003 world-plan property oracle"],"fullName":"GFX-003 world-plan property oracle returns a frozen fail-closed report without inspecting a hostile thrown value","status":"passed","title":"returns a frozen fail-closed report without inspecting a hostile thrown value","duration":1.392707999999402,"failureMessages":[],"meta":{},"tags":[]},{"ancestorTitles":["GFX-003 world-plan property oracle"],"fullName":"GFX-003 world-plan property oracle validates one owned canonical snapshot without ordinary reads from a stateful plan","status":"passed","title":"validates one owned canonical snapshot without ordinary reads from a stateful plan","duration":7.245875000000524,"failureMessages":[],"meta":{},"tags":[]}],"startTime":1787158395755,"endTime":1787158408753.2458,"status":"passed","message":"","name":"/Users/snari/Documents/GitProject/LonelyStar-graphics-photoreal-megademo/tests/world-v2/world-plan-properties.test.ts"}]}