{"numTotalTestSuites":18,"numPassedTestSuites":18,"numFailedTestSuites":0,"numPendingTestSuites":0,"numTotalTests":87,"numPassedTests":87,"numFailedTests":0,"numPendingTests":0,"numTodoTests":0,"snapshot":{"added":0,"failure":false,"filesAdded":0,"filesRemoved":0,"filesRemovedList":[],"filesUnmatched":0,"filesUpdated":0,"matched":0,"total":0,"unchecked":0,"uncheckedKeysByFile":[],"unmatched":0,"updated":0,"didUpdate":false},"startTime":1787212157493,"success":true,"testResults":[{"assertionResults":[{"ancestorTitles":["GFX-002 frozen replay fixture"],"fullName":"GFX-002 frozen replay fixture keeps game, ledger, world plan, and chunk payloads identical across the GFX-006 backend-quality matrix","status":"passed","title":"keeps game, ledger, world plan, and chunk payloads identical across the GFX-006 backend-quality matrix","duration":189.5311250000001,"failureMessages":[],"meta":{},"tags":[]},{"ancestorTitles":["GFX-002 frozen replay fixture"],"fullName":"GFX-002 frozen replay fixture pins the gameplay hash independently from requested render quality","status":"passed","title":"pins the gameplay hash independently from requested render quality","duration":3.441332999999986,"failureMessages":[],"meta":{},"tags":[]},{"ancestorTitles":["GFX-002 frozen replay fixture"],"fullName":"GFX-002 frozen replay fixture projects copied renderer containers without mutating or exposing the ledger","status":"passed","title":"projects copied renderer containers without mutating or exposing the ledger","duration":2.694082999999978,"failureMessages":[],"meta":{},"tags":[]}],"startTime":1787212158143,"endTime":1787212158339.694,"status":"passed","message":"","name":"/Users/snari/Documents/GitProject/LonelyStar-graphics-photoreal-megademo/tests/gfx-v2/foundation-parity.test.ts"},{"assertionResults":[{"ancestorTitles":["R2-G6 runtime license and provenance boundary"],"fullName":"R2-G6 runtime license and provenance boundary pins the complete non-dev browser package closure to four MIT packages","status":"passed","title":"pins the complete non-dev browser package closure to four MIT packages","duration":13.495334000000014,"failureMessages":[],"meta":{},"tags":[]},{"ancestorTitles":["R2-G6 runtime license and provenance boundary"],"fullName":"R2-G6 runtime license and provenance boundary ships the exact runtime notices and records every Hero source pin","status":"passed","title":"ships the exact runtime notices and records every Hero source pin","duration":0.48483299999998053,"failureMessages":[],"meta":{},"tags":[]},{"ancestorTitles":["R2-G6 runtime license and provenance boundary"],"fullName":"R2-G6 runtime license and provenance boundary keeps the Notion reference boards outside every production module","status":"passed","title":"keeps the Notion reference boards outside every production module","duration":10.287666000000002,"failureMessages":[],"meta":{},"tags":[]}],"startTime":1787212157926,"endTime":1787212157950.2876,"status":"passed","message":"","name":"/Users/snari/Documents/GitProject/LonelyStar-graphics-photoreal-megademo/tests/gfx-v2/graphics-license.test.ts"},{"assertionResults":[{"ancestorTitles":["R2-G3 Hero Slice A ocean realization"],"fullName":"R2-G3 Hero Slice A ocean realization preallocates every material and geometry, then shows abundant nature with no human artifact at 12 seconds","status":"passed","title":"preallocates every material and geometry, then shows abundant nature with no human artifact at 12 seconds","duration":117.4150830000001,"failureMessages":[],"meta":{},"tags":[]},{"ancestorTitles":["R2-G3 Hero Slice A ocean realization"],"fullName":"R2-G3 Hero Slice A ocean realization uses the exact 18-second boundary and keeps a readable rectilinear empty-seat inventory at 27 seconds","status":"passed","title":"uses the exact 18-second boundary and keeps a readable rectilinear empty-seat inventory at 27 seconds","duration":35.13262499999996,"failureMessages":[],"meta":{},"tags":[]},{"ancestorTitles":["R2-G3 Hero Slice A ocean realization"],"fullName":"R2-G3 Hero Slice A ocean realization preallocates organic reef silhouettes instead of repeating primitive placeholders","status":"passed","title":"preallocates organic reef silhouettes instead of repeating primitive placeholders","duration":45.624000000000024,"failureMessages":[],"meta":{},"tags":[]},{"ancestorTitles":["R2-G3 Hero Slice A ocean realization"],"fullName":"R2-G3 Hero Slice A ocean realization crosses the waterline without changing story ownership or allocating runtime resources","status":"passed","title":"crosses the waterline without changing story ownership or allocating runtime resources","duration":187.17983299999992,"failureMessages":[],"meta":{},"tags":[]},{"ancestorTitles":["R2-G3 Hero Slice A ocean realization"],"fullName":"R2-G3 Hero Slice A ocean realization reduces only visual density for fallback and restores the exact High inventory","status":"passed","title":"reduces only visual density for fallback and restores the exact High inventory","duration":57.103541000000064,"failureMessages":[],"meta":{},"tags":[]},{"ancestorTitles":["R2-G3 Hero Slice A ocean realization"],"fullName":"R2-G3 Hero Slice A ocean realization removes the shared Hero graph and releases every owned geometry and material exactly once","status":"passed","title":"removes the shared Hero graph and releases every owned geometry and material exactly once","duration":37.170457999999826,"failureMessages":[],"meta":{},"tags":[]}],"startTime":1787212158131,"endTime":1787212158611.1704,"status":"passed","message":"","name":"/Users/snari/Documents/GitProject/LonelyStar-graphics-photoreal-megademo/tests/gfx-v2/hero-slice-a.test.ts"},{"assertionResults":[{"ancestorTitles":["R2-G4 Hero Slice B forest/city realization"],"fullName":"R2-G4 Hero Slice B forest/city realization shows the connected river, waterfall, dense forest, and living pulse before any city reveal","status":"passed","title":"shows the connected river, waterfall, dense forest, and living pulse before any city reveal","duration":93.70654200000001,"failureMessages":[],"meta":{},"tags":[]},{"ancestorTitles":["R2-G4 Hero Slice B forest/city realization"],"fullName":"R2-G4 Hero Slice B forest/city realization preallocates layered forest and cloud silhouettes instead of repeating primitive stand-ins","status":"passed","title":"preallocates layered forest and cloud silhouettes instead of repeating primitive stand-ins","duration":52.42812500000002,"failureMessages":[],"meta":{},"tags":[]},{"ancestorTitles":["R2-G4 Hero Slice B forest/city realization"],"fullName":"R2-G4 Hero Slice B forest/city realization uses the exact 62-second boundary and keeps nature dominant around the empty rectilinear city","status":"passed","title":"uses the exact 62-second boundary and keeps nature dominant around the empty rectilinear city","duration":22.52070900000001,"failureMessages":[],"meta":{},"tags":[]},{"ancestorTitles":["R2-G4 Hero Slice B forest/city realization"],"fullName":"R2-G4 Hero Slice B forest/city realization updates the full 58-to-75-second camera path without allocating a runtime resource","status":"passed","title":"updates the full 58-to-75-second camera path without allocating a runtime resource","duration":24.987333000000035,"failureMessages":[],"meta":{},"tags":[]},{"ancestorTitles":["R2-G4 Hero Slice B forest/city realization"],"fullName":"R2-G4 Hero Slice B forest/city realization reduces only visual density for fallback and restores the exact High inventory","status":"passed","title":"reduces only visual density for fallback and restores the exact High inventory","duration":97.49649999999997,"failureMessages":[],"meta":{},"tags":[]},{"ancestorTitles":["R2-G4 Hero Slice B forest/city realization"],"fullName":"R2-G4 Hero Slice B forest/city realization removes the Hero graph and releases every owned resource exactly once","status":"passed","title":"removes the Hero graph and releases every owned resource exactly once","duration":78.534042,"failureMessages":[],"meta":{},"tags":[]}],"startTime":1787212158131,"endTime":1787212158501.534,"status":"passed","message":"","name":"/Users/snari/Documents/GitProject/LonelyStar-graphics-photoreal-megademo/tests/gfx-v2/hero-slice-b.test.ts"},{"assertionResults":[{"ancestorTitles":["R2-G5 Hero Slice C space/alien/Twinkle realization"],"fullName":"R2-G5 Hero Slice C space/alien/Twinkle realization shows seven readable rectilinear human forms and one dying beacon at 142 seconds","status":"passed","title":"shows seven readable rectilinear human forms and one dying beacon at 142 seconds","duration":103.257792,"failureMessages":[],"meta":{},"tags":[]},{"ancestorTitles":["R2-G5 Hero Slice C space/alien/Twinkle realization"],"fullName":"R2-G5 Hero Slice C space/alien/Twinkle realization keeps S20 to exactly three incomplete peripheral arcs with no full ship or center void","status":"passed","title":"keeps S20 to exactly three incomplete peripheral arcs with no full ship or center void","duration":20.2030410000001,"failureMessages":[],"meta":{},"tags":[]},{"ancestorTitles":["R2-G5 Hero Slice C space/alien/Twinkle realization"],"fullName":"R2-G5 Hero Slice C space/alien/Twinkle realization reveals exactly three thick closed B-spline ribbons around a real open center at S21","status":"passed","title":"reveals exactly three thick closed B-spline ribbons around a real open center at S21","duration":37.420625000000086,"failureMessages":[],"meta":{},"tags":[]},{"ancestorTitles":["R2-G5 Hero Slice C space/alien/Twinkle realization"],"fullName":"R2-G5 Hero Slice C space/alien/Twinkle realization preallocates layered nebulae, a sparse depth field, and pearl-shaded ribbon surfaces","status":"passed","title":"preallocates layered nebulae, a sparse depth field, and pearl-shaded ribbon surfaces","duration":14.708459000000062,"failureMessages":[],"meta":{},"tags":[]},{"ancestorTitles":["R2-G5 Hero Slice C space/alien/Twinkle realization"],"fullName":"R2-G5 Hero Slice C space/alien/Twinkle realization consumes the immutable ledger in order and stages one, few, tens, then many stable life lights","status":"passed","title":"consumes the immutable ledger in order and stages one, few, tens, then many stable life lights","duration":15.914084000000003,"failureMessages":[],"meta":{},"tags":[]},{"ancestorTitles":["R2-G5 Hero Slice C space/alien/Twinkle realization"],"fullName":"R2-G5 Hero Slice C space/alien/Twinkle realization keeps the final formal-title state and releases all owned resources once","status":"passed","title":"keeps the final formal-title state and releases all owned resources once","duration":114.76295799999991,"failureMessages":[],"meta":{},"tags":[]}],"startTime":1787212158131,"endTime":1787212158436.763,"status":"passed","message":"","name":"/Users/snari/Documents/GitProject/LonelyStar-graphics-photoreal-megademo/tests/gfx-v2/hero-slice-c.test.ts"},{"assertionResults":[{"ancestorTitles":["R2-G6 three-Hero isolated integration"],"fullName":"R2-G6 three-Hero isolated integration runs A, B, and C through one scene without cross-slice resource retention","status":"passed","title":"runs A, B, and C through one scene without cross-slice resource retention","duration":203.12362499999995,"failureMessages":[],"meta":{},"tags":[]}],"startTime":1787212158131,"endTime":1787212158334.1235,"status":"passed","message":"","name":"/Users/snari/Documents/GitProject/LonelyStar-graphics-photoreal-megademo/tests/gfx-v2/hero-slice-integration.test.ts"},{"assertionResults":[{"ancestorTitles":["GFX-006 rolling performance telemetry"],"fullName":"GFX-006 rolling performance telemetry uses nearest-rank P50/P95/P99 over the unfiltered last 600 steady frames","status":"passed","title":"uses nearest-rank P50/P95/P99 over the unfiltered last 600 steady frames","duration":8.104041000000052,"failureMessages":[],"meta":{},"tags":[]},{"ancestorTitles":["GFX-006 rolling performance telemetry"],"fullName":"GFX-006 rolling performance telemetry publishes null percentiles below 120 samples and keeps unsupported GPU timing null","status":"passed","title":"publishes null percentiles below 120 samples and keeps unsupported GPU timing null","duration":1.7324579999999514,"failureMessages":[],"meta":{},"tags":[]},{"ancestorTitles":["GFX-006 rolling performance telemetry"],"fullName":"GFX-006 rolling performance telemetry keeps dropped RAF intervals unfiltered without inventing main-thread samples","status":"passed","title":"keeps dropped RAF intervals unfiltered without inventing main-thread samples","duration":1.2100000000000364,"failureMessages":[],"meta":{},"tags":[]},{"ancestorTitles":["GFX-006 rolling performance telemetry"],"fullName":"GFX-006 rolling performance telemetry excludes upload and activation frames without filtering other slow steady samples","status":"passed","title":"excludes upload and activation frames without filtering other slow steady samples","duration":1.500250000000051,"failureMessages":[],"meta":{},"tags":[]},{"ancestorTitles":["GFX-006 rolling performance telemetry"],"fullName":"GFX-006 rolling performance telemetry preserves non-monotonic canonical story time while operation time stays monotonic","status":"passed","title":"preserves non-monotonic canonical story time while operation time stays monotonic","duration":0.2636250000000473,"failureMessages":[],"meta":{},"tags":[]},{"ancestorTitles":["GFX-006 rolling performance telemetry"],"fullName":"GFX-006 rolling performance telemetry records quality and exact history reset reasons separately from frame percentiles","status":"passed","title":"records quality and exact history reset reasons separately from frame percentiles","duration":0.17925000000002456,"failureMessages":[],"meta":{},"tags":[]},{"ancestorTitles":["GFX-006 rolling performance telemetry"],"fullName":"GFX-006 rolling performance telemetry flags every compile, upload, and activation over 50 ms independently of story time","status":"passed","title":"flags every compile, upload, and activation over 50 ms independently of story time","duration":1.1203749999999673,"failureMessages":[],"meta":{},"tags":[]},{"ancestorTitles":["GFX-006 rolling performance telemetry"],"fullName":"GFX-006 rolling performance telemetry does not apply the compile/upload/activation limit to other event kinds","status":"passed","title":"does not apply the compile/upload/activation limit to other event kinds","duration":0.22983399999998255,"failureMessages":[],"meta":{},"tags":[]},{"ancestorTitles":["GFX-006 rolling performance telemetry"],"fullName":"GFX-006 rolling performance telemetry bounds retained operation events and preserves final evidence after dispose","status":"passed","title":"bounds retained operation events and preserves final evidence after dispose","duration":4.061500000000024,"failureMessages":[],"meta":{},"tags":[]},{"ancestorTitles":["GFX-006 rolling performance telemetry"],"fullName":"GFX-006 rolling performance telemetry rejects accessor-backed inputs without invoking getters","status":"passed","title":"rejects accessor-backed inputs without invoking getters","duration":0.5100419999999986,"failureMessages":[],"meta":{},"tags":[]},{"ancestorTitles":["GFX-006 rolling performance telemetry"],"fullName":"GFX-006 rolling performance telemetry reserves ingress before descriptor traps and keeps disposal terminal","status":"passed","title":"reserves ingress before descriptor traps and keeps disposal terminal","duration":0.2417920000000322,"failureMessages":[],"meta":{},"tags":[]},{"ancestorTitles":["GFX-006 rolling performance telemetry"],"fullName":"GFX-006 rolling performance telemetry rejects signed-zero counters and non-monotonic frame identity atomically","status":"passed","title":"rejects signed-zero counters and non-monotonic frame identity atomically","duration":0.32787500000006276,"failureMessages":[],"meta":{},"tags":[]}],"startTime":1787212158074,"endTime":1787212158094.328,"status":"passed","message":"","name":"/Users/snari/Documents/GitProject/LonelyStar-graphics-photoreal-megademo/tests/gfx-v2/performance-telemetry.test.ts"},{"assertionResults":[{"ancestorTitles":["GFX-006 atomic compile warm-up"],"fullName":"GFX-006 atomic compile warm-up settles the renderer context before starting or timing the first compile action","status":"passed","title":"settles the renderer context before starting or timing the first compile action","duration":5.322582999999895,"failureMessages":[],"meta":{},"tags":[]},{"ancestorTitles":["GFX-006 atomic compile warm-up"],"fullName":"GFX-006 atomic compile warm-up times only actions, yields between steps, emits no aggregate event, and starts the loop later","status":"passed","title":"times only actions, yields between steps, emits no aggregate event, and starts the loop later","duration":0.7174169999999549,"failureMessages":[],"meta":{},"tags":[]},{"ancestorTitles":["GFX-006 atomic compile warm-up"],"fullName":"GFX-006 atomic compile warm-up records action failure, skips scheduler yield, and propagates a null throw","status":"passed","title":"records action failure, skips scheduler yield, and propagates a null throw","duration":2.2174999999999727,"failureMessages":[],"meta":{},"tags":[]},{"ancestorTitles":["GFX-006 atomic compile warm-up"],"fullName":"GFX-006 atomic compile warm-up records action failure, skips scheduler yield, and propagates a undefined throw","status":"passed","title":"records action failure, skips scheduler yield, and propagates a undefined throw","duration":0.3960419999999658,"failureMessages":[],"meta":{},"tags":[]},{"ancestorTitles":["GFX-006 atomic compile warm-up"],"fullName":"GFX-006 atomic compile warm-up records action failure, skips scheduler yield, and propagates a -0 throw","status":"passed","title":"records action failure, skips scheduler yield, and propagates a -0 throw","duration":0.35874999999998636,"failureMessages":[],"meta":{},"tags":[]},{"ancestorTitles":["GFX-006 atomic compile warm-up"],"fullName":"GFX-006 atomic compile warm-up records action failure, skips scheduler yield, and propagates a NaN throw","status":"passed","title":"records action failure, skips scheduler yield, and propagates a NaN throw","duration":0.36066700000003493,"failureMessages":[],"meta":{},"tags":[]},{"ancestorTitles":["GFX-006 atomic compile warm-up"],"fullName":"GFX-006 atomic compile warm-up propagates a null scheduler throw after recording a successful action","status":"passed","title":"propagates a null scheduler throw after recording a successful action","duration":0.3987920000000713,"failureMessages":[],"meta":{},"tags":[]},{"ancestorTitles":["GFX-006 atomic compile warm-up"],"fullName":"GFX-006 atomic compile warm-up propagates a undefined scheduler throw after recording a successful action","status":"passed","title":"propagates a undefined scheduler throw after recording a successful action","duration":0.2703329999999369,"failureMessages":[],"meta":{},"tags":[]},{"ancestorTitles":["GFX-006 atomic compile warm-up"],"fullName":"GFX-006 atomic compile warm-up propagates a -0 scheduler throw after recording a successful action","status":"passed","title":"propagates a -0 scheduler throw after recording a successful action","duration":0.3210000000000264,"failureMessages":[],"meta":{},"tags":[]},{"ancestorTitles":["GFX-006 atomic compile warm-up"],"fullName":"GFX-006 atomic compile warm-up propagates a NaN scheduler throw after recording a successful action","status":"passed","title":"propagates a NaN scheduler throw after recording a successful action","duration":0.38933299999996507,"failureMessages":[],"meta":{},"tags":[]},{"ancestorTitles":["GFX-006 atomic compile warm-up"],"fullName":"GFX-006 atomic compile warm-up rejects synchronous scheduler disposal reentry without an initialization-disposal cycle","status":"passed","title":"rejects synchronous scheduler disposal reentry without an initialization-disposal cycle","duration":0.6767090000000735,"failureMessages":[],"meta":{},"tags":[]},{"ancestorTitles":["GFX-006 atomic compile warm-up"],"fullName":"GFX-006 atomic compile warm-up rejects synchronous settle disposal reentry before backend precompile starts","status":"passed","title":"rejects synchronous settle disposal reentry before backend precompile starts","duration":0.5328750000001037,"failureMessages":[],"meta":{},"tags":[]},{"ancestorTitles":["GFX-006 atomic compile warm-up"],"fullName":"GFX-006 atomic compile warm-up rejects post-yield settle disposal reentry without an initialization cycle","status":"passed","title":"rejects post-yield settle disposal reentry without an initialization cycle","duration":0.5243750000000773,"failureMessages":[],"meta":{},"tags":[]},{"ancestorTitles":["GFX-006 atomic compile warm-up"],"fullName":"GFX-006 atomic compile warm-up rejects post-yield scheduler disposal reentry after recording the action","status":"passed","title":"rejects post-yield scheduler disposal reentry after recording the action","duration":0.5181670000000622,"failureMessages":[],"meta":{},"tags":[]},{"ancestorTitles":["GFX-006 atomic compile warm-up"],"fullName":"GFX-006 atomic compile warm-up rejects a hostile scheduler thenable without consulting its then accessor","status":"passed","title":"rejects a hostile scheduler thenable without consulting its then accessor","duration":0.35008300000004056,"failureMessages":[],"meta":{},"tags":[]},{"ancestorTitles":["GFX-006 atomic compile warm-up"],"fullName":"GFX-006 atomic compile warm-up awaits a genuine scheduler Promise without consulting a shadowing then accessor","status":"passed","title":"awaits a genuine scheduler Promise without consulting a shadowing then accessor","duration":0.20212500000002365,"failureMessages":[],"meta":{},"tags":[]},{"ancestorTitles":["GFX-006 atomic compile warm-up"],"fullName":"GFX-006 atomic compile warm-up rejects duplicate, recursive, and concurrent runner actions without invoking rejected operations","status":"passed","title":"rejects duplicate, recursive, and concurrent runner actions without invoking rejected operations","duration":0.9830419999999549,"failureMessages":[],"meta":{},"tags":[]},{"ancestorTitles":["GFX-006 atomic compile warm-up"],"fullName":"GFX-006 atomic compile warm-up owns descriptor inspection, rejects nested Proxy admission, and releases running after capture failure","status":"passed","title":"owns descriptor inspection, rejects nested Proxy admission, and releases running after capture failure","duration":0.3990840000000162,"failureMessages":[],"meta":{},"tags":[]},{"ancestorTitles":["GFX-006 atomic compile warm-up"],"fullName":"GFX-006 atomic compile warm-up rejects an active fire-and-forget runner action and rejects later use without invoking it","status":"passed","title":"rejects an active fire-and-forget runner action and rejects later use without invoking it","duration":0.6816250000000537,"failureMessages":[],"meta":{},"tags":[]},{"ancestorTitles":["GFX-006 atomic compile warm-up"],"fullName":"GFX-006 atomic compile warm-up rejects receipt mismatch but permits a settled late runner only as a rejected no-op","status":"passed","title":"rejects receipt mismatch but permits a settled late runner only as a rejected no-op","duration":0.477916999999934,"failureMessages":[],"meta":{},"tags":[]},{"ancestorTitles":["GFX-006 atomic compile warm-up"],"fullName":"GFX-006 atomic compile warm-up runs every action exactly once and reaches ready with unmeasured evidence when the clock is absent","status":"passed","title":"runs every action exactly once and reaches ready with unmeasured evidence when the clock is absent","duration":0.19008400000006986,"failureMessages":[],"meta":{},"tags":[]},{"ancestorTitles":["GFX-006 atomic compile warm-up"],"fullName":"GFX-006 atomic compile warm-up runs every action exactly once and reaches ready with unmeasured evidence when the clock is backwards","status":"passed","title":"runs every action exactly once and reaches ready with unmeasured evidence when the clock is backwards","duration":0.14274999999997817,"failureMessages":[],"meta":{},"tags":[]},{"ancestorTitles":["GFX-006 atomic compile warm-up"],"fullName":"GFX-006 atomic compile warm-up reaches ready but marks compile evidence unmeasured when the telemetry sink rejects it","status":"passed","title":"reaches ready but marks compile evidence unmeasured when the telemetry sink rejects it","duration":0.26070900000001984,"failureMessages":[],"meta":{},"tags":[]},{"ancestorTitles":["GFX-006 atomic compile warm-up"],"fullName":"GFX-006 atomic compile warm-up uses scheduler.yield when safely available without consulting hostile getters","status":"passed","title":"uses scheduler.yield when safely available without consulting hostile getters","duration":0.33533299999999144,"failureMessages":[],"meta":{},"tags":[]},{"ancestorTitles":["GFX-006 atomic compile warm-up"],"fullName":"GFX-006 atomic compile warm-up uses one captured timer for the 500ms settle and 4ms inter-step cooldown","status":"passed","title":"uses one captured timer for the 500ms settle and 4ms inter-step cooldown","duration":0.16058399999997164,"failureMessages":[],"meta":{},"tags":[]},{"ancestorTitles":["GFX-006 atomic compile warm-up"],"fullName":"GFX-006 atomic compile warm-up captures Chromium-style prototype port getters and reads each port exactly once","status":"passed","title":"captures Chromium-style prototype port getters and reads each port exactly once","duration":0.6844170000000531,"failureMessages":[],"meta":{},"tags":[]},{"ancestorTitles":["GFX-006 atomic compile warm-up"],"fullName":"GFX-006 atomic compile warm-up ignores instance-shadowing port getters and preserves setup failure while closing both ports","status":"passed","title":"ignores instance-shadowing port getters and preserves setup failure while closing both ports","duration":0.24650000000008276,"failureMessages":[],"meta":{},"tags":[]}],"startTime":1787212158083,"endTime":1787212158101.2466,"status":"passed","message":"","name":"/Users/snari/Documents/GitProject/LonelyStar-graphics-photoreal-megademo/tests/gfx-v2/render-host-compile-warmup.test.ts"},{"assertionResults":[{"ancestorTitles":["GFX-003 world-plan property oracle"],"fullName":"GFX-003 world-plan property oracle independently validates one thousand world seeds","status":"passed","title":"independently validates one thousand world seeds","duration":13494.972125,"failureMessages":[],"meta":{},"tags":[]},{"ancestorTitles":["GFX-003 world-plan property oracle"],"fullName":"GFX-003 world-plan property oracle rejects non-finite numbers instead of silently canonicalizing them to null","status":"passed","title":"rejects non-finite numbers instead of silently canonicalizing them to null","duration":2.0416669999995065,"failureMessages":[],"meta":{},"tags":[]},{"ancestorTitles":["GFX-003 world-plan property oracle"],"fullName":"GFX-003 world-plan property oracle rejects negative zero","status":"passed","title":"rejects negative zero","duration":1.4721660000013799,"failureMessages":[],"meta":{},"tags":[]},{"ancestorTitles":["GFX-003 world-plan property oracle"],"fullName":"GFX-003 world-plan property oracle rejects unsafe and fractional canonical numbers","status":"passed","title":"rejects unsafe and fractional canonical numbers","duration":13.40229200000067,"failureMessages":[],"meta":{},"tags":[]},{"ancestorTitles":["GFX-003 world-plan property oracle"],"fullName":"GFX-003 world-plan property oracle rejects missing and reordered story chunks","status":"passed","title":"rejects missing and reordered story chunks","duration":23.07904199999939,"failureMessages":[],"meta":{},"tags":[]},{"ancestorTitles":["GFX-003 world-plan property oracle"],"fullName":"GFX-003 world-plan property oracle rejects timeline gaps and phase mismatches","status":"passed","title":"rejects timeline gaps and phase mismatches","duration":12.48450000000048,"failureMessages":[],"meta":{},"tags":[]},{"ancestorTitles":["GFX-003 world-plan property oracle"],"fullName":"GFX-003 world-plan property oracle rejects altered exact motifs, including an early human-work motif","status":"passed","title":"rejects altered exact motifs, including an early human-work motif","duration":6.375,"failureMessages":[],"meta":{},"tags":[]},{"ancestorTitles":["GFX-003 world-plan property oracle"],"fullName":"GFX-003 world-plan property oracle rejects a blocker inserted into the safe corridor","status":"passed","title":"rejects a blocker inserted into the safe corridor","duration":6.8677500000012515,"failureMessages":[],"meta":{},"tags":[]},{"ancestorTitles":["GFX-003 world-plan property oracle"],"fullName":"GFX-003 world-plan property oracle rejects cross-chunk corridor discontinuity","status":"passed","title":"rejects cross-chunk corridor discontinuity","duration":6.142540999999255,"failureMessages":[],"meta":{},"tags":[]},{"ancestorTitles":["GFX-003 world-plan property oracle"],"fullName":"GFX-003 world-plan property oracle rejects degenerate or backward flow and altered S08/S14 branch anchors","status":"passed","title":"rejects degenerate or backward flow and altered S08/S14 branch anchors","duration":19.01354199999878,"failureMessages":[],"meta":{},"tags":[]},{"ancestorTitles":["GFX-003 world-plan property oracle"],"fullName":"GFX-003 world-plan property oracle rejects disconnected required hydrology and invalid waterfall drop","status":"passed","title":"rejects disconnected required hydrology and invalid waterfall drop","duration":12.9777920000015,"failureMessages":[],"meta":{},"tags":[]},{"ancestorTitles":["GFX-003 world-plan property oracle"],"fullName":"GFX-003 world-plan property oracle requires directed hydrology, valid edge kinds, a waterfall, and exact chunk links","status":"passed","title":"requires directed hydrology, valid edge kinds, a waterfall, and exact chunk links","duration":24.830458000000363,"failureMessages":[],"meta":{},"tags":[]},{"ancestorTitles":["GFX-003 world-plan property oracle"],"fullName":"GFX-003 world-plan property oracle rejects non-canonical hydrology width before graph semantics","status":"passed","title":"rejects non-canonical hydrology width before graph semantics","duration":6.902583000000959,"failureMessages":[],"meta":{},"tags":[]},{"ancestorTitles":["GFX-003 world-plan property oracle"],"fullName":"GFX-003 world-plan property oracle rejects non-canonical corridor widths before blocker-by-segment geometry","status":"passed","title":"rejects non-canonical corridor widths before blocker-by-segment geometry","duration":7.5613329999996495,"failureMessages":[],"meta":{},"tags":[]},{"ancestorTitles":["GFX-003 world-plan property oracle"],"fullName":"GFX-003 world-plan property oracle rejects a third authored flow branch","status":"passed","title":"rejects a third authored flow branch","duration":6.392499999999927,"failureMessages":[],"meta":{},"tags":[]},{"ancestorTitles":["GFX-003 world-plan property oracle"],"fullName":"GFX-003 world-plan property oracle rejects an early complete ship and missing S20/S21 reveal states","status":"passed","title":"rejects an early complete ship and missing S20/S21 reveal states","duration":19.305207999999766,"failureMessages":[],"meta":{},"tags":[]},{"ancestorTitles":["GFX-003 world-plan property oracle"],"fullName":"GFX-003 world-plan property oracle rejects schema, seed-contract, Twinkle-policy, environment, and material drift","status":"passed","title":"rejects schema, seed-contract, Twinkle-policy, environment, and material drift","duration":31.20733400000063,"failureMessages":[],"meta":{},"tags":[]},{"ancestorTitles":["GFX-003 world-plan property oracle"],"fullName":"GFX-003 world-plan property oracle does not misreport canonical hydrology when only the root seed is invalid","status":"passed","title":"does not misreport canonical hydrology when only the root seed is invalid","duration":2.6904169999997976,"failureMessages":[],"meta":{},"tags":[]},{"ancestorTitles":["GFX-003 world-plan property oracle"],"fullName":"GFX-003 world-plan property oracle fails closed on forbidden, undefined, hidden, accessor, symbol, and extra data","status":"passed","title":"fails closed on forbidden, undefined, hidden, accessor, symbol, and extra data","duration":18.55699999999888,"failureMessages":[],"meta":{},"tags":[]},{"ancestorTitles":["GFX-003 world-plan property oracle"],"fullName":"GFX-003 world-plan property oracle reports one structural budget issue and aborts semantic validation","status":"passed","title":"reports one structural budget issue and aborts semantic validation","duration":2.518500000000131,"failureMessages":[],"meta":{},"tags":[]},{"ancestorTitles":["GFX-003 world-plan property oracle"],"fullName":"GFX-003 world-plan property oracle bounds hostile array key lists before inspecting every extra key","status":"passed","title":"bounds hostile array key lists before inspecting every extra key","duration":12.954208999999537,"failureMessages":[],"meta":{},"tags":[]},{"ancestorTitles":["GFX-003 world-plan property oracle"],"fullName":"GFX-003 world-plan property oracle returns a frozen fail-closed report without inspecting a hostile thrown value","status":"passed","title":"returns a frozen fail-closed report without inspecting a hostile thrown value","duration":1.4133750000000873,"failureMessages":[],"meta":{},"tags":[]},{"ancestorTitles":["GFX-003 world-plan property oracle"],"fullName":"GFX-003 world-plan property oracle validates one owned canonical snapshot without ordinary reads from a stateful plan","status":"passed","title":"validates one owned canonical snapshot without ordinary reads from a stateful plan","duration":7.429749999999331,"failureMessages":[],"meta":{},"tags":[]}],"startTime":1787212158143,"endTime":1787212171884.4297,"status":"passed","message":"","name":"/Users/snari/Documents/GitProject/LonelyStar-graphics-photoreal-megademo/tests/world-v2/world-plan-properties.test.ts"}]}