{"numTotalTestSuites":80,"numPassedTestSuites":80,"numFailedTestSuites":0,"numPendingTestSuites":0,"numTotalTests":712,"numPassedTests":712,"numFailedTests":0,"numPendingTests":0,"numTodoTests":0,"snapshot":{"added":0,"failure":false,"filesAdded":0,"filesRemoved":0,"filesRemovedList":[],"filesUnmatched":0,"filesUpdated":0,"matched":0,"total":0,"unchecked":0,"uncheckedKeysByFile":[],"unmatched":0,"updated":0,"didUpdate":false},"startTime":1787210160204,"success":true,"testResults":[{"assertionResults":[{"ancestorTitles":["GFX runtime event store"],"fullName":"GFX runtime event store preserves structured renderer errors and publishes events emitted after the initial snapshot","status":"passed","title":"preserves structured renderer errors and publishes events emitted after the initial snapshot","duration":2.5960839999999905,"failureMessages":[],"meta":{},"tags":[]},{"ancestorTitles":["GFX runtime event store"],"fullName":"GFX runtime event store normalizes primitive errors without discarding their message","status":"passed","title":"normalizes primitive errors without discarding their message","duration":0.5697089999999889,"failureMessages":[],"meta":{},"tags":[]}],"startTime":1787210162660,"endTime":1787210162662.5962,"status":"passed","message":"","name":"/Users/snari/Documents/GitProject/LonelyStar-graphics-photoreal-megademo/tests/gfx-event-store.test.ts"},{"assertionResults":[{"ancestorTitles":["release safety"],"fullName":"release safety uses only allowlisted runtime dependency licenses","status":"passed","title":"uses only allowlisted runtime dependency licenses","duration":7.569666000000012,"failureMessages":[],"meta":{},"tags":[]},{"ancestorTitles":["release safety"],"fullName":"release safety keeps gameplay free of runtime network clients","status":"passed","title":"keeps gameplay free of runtime network clients","duration":4.320083000000011,"failureMessages":[],"meta":{},"tags":[]},{"ancestorTitles":["release safety"],"fullName":"release safety ships the exact 1600 by 900 PNG thumbnail","status":"passed","title":"ships the exact 1600 by 900 PNG thumbnail","duration":1.7892080000000021,"failureMessages":[],"meta":{},"tags":[]}],"startTime":1787210162484,"endTime":1787210162497.7893,"status":"passed","message":"","name":"/Users/snari/Documents/GitProject/LonelyStar-graphics-photoreal-megademo/tests/release-safety.test.ts"},{"assertionResults":[{"ancestorTitles":["authored journey score"],"fullName":"authored journey score contains a contiguous 24-shot, 180-second score","status":"passed","title":"contains a contiguous 24-shot, 180-second score","duration":2.0881250000000193,"failureMessages":[],"meta":{},"tags":[]},{"ancestorTitles":["authored journey score"],"fullName":"authored journey score uses the exact phase boundaries","status":"passed","title":"uses the exact phase boundaries","duration":0.517707999999999,"failureMessages":[],"meta":{},"tags":[]},{"ancestorTitles":["deterministic simulation"],"fullName":"deterministic simulation makes one immutable ledger entry per player pulse","status":"passed","title":"makes one immutable ledger entry per player pulse","duration":6.3471250000000055,"failureMessages":[],"meta":{},"tags":[]},{"ancestorTitles":["deterministic simulation"],"fullName":"deterministic simulation has a quality-independent state hash for the same run","status":"passed","title":"has a quality-independent state hash for the same run","duration":8.34104099999999,"failureMessages":[],"meta":{},"tags":[]},{"ancestorTitles":["deterministic simulation"],"fullName":"deterministic simulation automatically answers 2.5 seconds after the response window opens","status":"passed","title":"automatically answers 2.5 seconds after the response window opens","duration":3.902208999999999,"failureMessages":[],"meta":{},"tags":[]},{"ancestorTitles":["deterministic simulation"],"fullName":"deterministic simulation does not reveal the formal title shot before 178 seconds","status":"passed","title":"does not reveal the formal title shot before 178 seconds","duration":0.12975000000000136,"failureMessages":[],"meta":{},"tags":[]},{"ancestorTitles":["deterministic simulation"],"fullName":"deterministic simulation clamps the droplet to the playable route plane","status":"passed","title":"clamps the droplet to the playable route plane","duration":0.5375830000000121,"failureMessages":[],"meta":{},"tags":[]},{"ancestorTitles":["deterministic simulation"],"fullName":"deterministic simulation lands local QA checkpoints on an exact authored time","status":"passed","title":"lands local QA checkpoints on an exact authored time","duration":2.027040999999997,"failureMessages":[],"meta":{},"tags":[]},{"ancestorTitles":["procedural safety properties"],"fullName":"procedural safety properties validates 1,000 numeric seeds with no out-of-bounds routes","status":"passed","title":"validates 1,000 numeric seeds with no out-of-bounds routes","duration":5.0658750000000055,"failureMessages":[],"meta":{},"tags":[]},{"ancestorTitles":["procedural safety properties"],"fullName":"procedural safety properties generates stable paths","status":"passed","title":"generates stable paths","duration":0.25687499999997954,"failureMessages":[],"meta":{},"tags":[]}],"startTime":1787210162121,"endTime":1787210162151.2568,"status":"passed","message":"","name":"/Users/snari/Documents/GitProject/LonelyStar-graphics-photoreal-megademo/tests/simulation.test.ts"},{"assertionResults":[{"ancestorTitles":["Notion-reference visual assets"],"fullName":"Notion-reference visual assets keeps the droplet identity in named volumetric parts without an eye-like face","status":"passed","title":"keeps the droplet identity in named volumetric parts without an eye-like face","duration":9.907916999999998,"failureMessages":[],"meta":{},"tags":[]},{"ancestorTitles":["Notion-reference visual assets"],"fullName":"Notion-reference visual assets ships exactly three broad open ribbon-shell meshes around a tagged void","status":"passed","title":"ships exactly three broad open ribbon-shell meshes around a tagged void","duration":3.3891249999999786,"failureMessages":[],"meta":{},"tags":[]},{"ancestorTitles":["Notion-reference visual assets"],"fullName":"Notion-reference visual assets creates deterministic, quality-bounded natural and final scenery","status":"passed","title":"creates deterministic, quality-bounded natural and final scenery","duration":48.639166999999986,"failureMessages":[],"meta":{},"tags":[]}],"startTime":1787210162022,"endTime":1787210162084.6392,"status":"passed","message":"","name":"/Users/snari/Documents/GitProject/LonelyStar-graphics-photoreal-megademo/tests/visual-assets.test.ts"},{"assertionResults":[{"ancestorTitles":["R2 production architecture boundary"],"fullName":"R2 production architecture boundary keeps the accepted game core and GFX-001 laboratory byte-frozen","status":"passed","title":"keeps the accepted game core and GFX-001 laboratory byte-frozen","duration":2.364875000000012,"failureMessages":[],"meta":{},"tags":[]},{"ancestorTitles":["R2 production architecture boundary"],"fullName":"R2 production architecture boundary keeps production graphics independent from simulation, input, audio, React, and legacy world","status":"passed","title":"keeps production graphics independent from simulation, input, audio, React, and legacy world","duration":6.55449999999999,"failureMessages":[],"meta":{},"tags":[]},{"ancestorTitles":["R2 production architecture boundary"],"fullName":"R2 production architecture boundary keeps canonical world generation free of renderer, browser, simulation, backend, and quality inputs","status":"passed","title":"keeps canonical world generation free of renderer, browser, simulation, backend, and quality inputs","duration":2.1514170000000092,"failureMessages":[],"meta":{},"tags":[]},{"ancestorTitles":["R2 production architecture boundary"],"fullName":"R2 production architecture boundary prevents the frozen game core from depending on either v2 namespace","status":"passed","title":"prevents the frozen game core from depending on either v2 namespace","duration":0.3870830000000183,"failureMessages":[],"meta":{},"tags":[]}],"startTime":1787210162463,"endTime":1787210162474.387,"status":"passed","message":"","name":"/Users/snari/Documents/GitProject/LonelyStar-graphics-photoreal-megademo/tests/gfx-v2/architecture-boundary.test.ts"},{"assertionResults":[{"ancestorTitles":["GFX-002 Three backend adapter"],"fullName":"GFX-002 Three backend adapter keeps the no-pipeline renderer options exact and adds HalfFloat only for the GFX-005 seam","status":"passed","title":"keeps the no-pipeline renderer options exact and adds HalfFloat only for the GFX-005 seam","duration":2.541249999999991,"failureMessages":[],"meta":{},"tags":[]},{"ancestorTitles":["GFX-002 Three backend adapter"],"fullName":"GFX-002 Three backend adapter publishes bounded frame counters and degrades hostile renderer telemetry to unavailable","status":"passed","title":"publishes bounded frame counters and degrades hostile renderer telemetry to unavailable","duration":4.289375000000007,"failureMessages":[],"meta":{},"tags":[]},{"ancestorTitles":["GFX-002 Three backend adapter"],"fullName":"GFX-002 Three backend adapter captures own backend options before await and rejects accessors without invoking them","status":"passed","title":"captures own backend options before await and rejects accessors without invoking them","duration":3.3394160000000284,"failureMessages":[],"meta":{},"tags":[]},{"ancestorTitles":["GFX-002 Three backend adapter"],"fullName":"GFX-002 Three backend adapter uses the synchronous options snapshot when the navigator probe settles later","status":"passed","title":"uses the synchronous options snapshot when the navigator probe settles later","duration":0.45516699999996035,"failureMessages":[],"meta":{},"tags":[]},{"ancestorTitles":["GFX-002 Three backend adapter"],"fullName":"GFX-002 Three backend adapter keeps diagnostic navigator probe failure total for a revoked Proxy rejection","status":"passed","title":"keeps diagnostic navigator probe failure total for a revoked Proxy rejection","duration":0.269375000000025,"failureMessages":[],"meta":{},"tags":[]},{"ancestorTitles":["GFX-002 Three backend adapter"],"fullName":"GFX-002 Three backend adapter delegates whole-frame compile/render/resize/dispose to the optional GFX-005 pipeline seam","status":"passed","title":"delegates whole-frame compile/render/resize/dispose to the optional GFX-005 pipeline seam","duration":2.817165999999986,"failureMessages":[],"meta":{},"tags":[]},{"ancestorTitles":["GFX-002 Three backend adapter"],"fullName":"GFX-002 Three backend adapter blocks ambiguous disposal without claiming ownership while pipeline.attachBackend is unsettled","status":"passed","title":"blocks ambiguous disposal without claiming ownership while pipeline.attachBackend is unsettled","duration":1.336416999999983,"failureMessages":[],"meta":{},"tags":[]},{"ancestorTitles":["GFX-002 Three backend adapter"],"fullName":"GFX-002 Three backend adapter blocks ambiguous disposal without claiming ownership while pipeline.resize is unsettled","status":"passed","title":"blocks ambiguous disposal without claiming ownership while pipeline.resize is unsettled","duration":0.8036250000000109,"failureMessages":[],"meta":{},"tags":[]},{"ancestorTitles":["GFX-002 Three backend adapter"],"fullName":"GFX-002 Three backend adapter blocks ambiguous disposal without claiming ownership while pipeline.precompile is unsettled","status":"passed","title":"blocks ambiguous disposal without claiming ownership while pipeline.precompile is unsettled","duration":0.6876670000000331,"failureMessages":[],"meta":{},"tags":[]},{"ancestorTitles":["GFX-002 Three backend adapter"],"fullName":"GFX-002 Three backend adapter blocks ambiguous disposal without claiming ownership while pipeline.submit is unsettled","status":"passed","title":"blocks ambiguous disposal without claiming ownership while pipeline.submit is unsettled","duration":0.6134580000000369,"failureMessages":[],"meta":{},"tags":[]},{"ancestorTitles":["GFX-002 Three backend adapter"],"fullName":"GFX-002 Three backend adapter invokes a captured native backend disposer without consulting its own call getter","status":"passed","title":"invokes a captured native backend disposer without consulting its own call getter","duration":0.3149999999999977,"failureMessages":[],"meta":{},"tags":[]},{"ancestorTitles":["GFX-002 Three backend adapter"],"fullName":"GFX-002 Three backend adapter invokes a captured native backend disposer without consulting its inherited call getter","status":"passed","title":"invokes a captured native backend disposer without consulting its inherited call getter","duration":0.2340000000000373,"failureMessages":[],"meta":{},"tags":[]},{"ancestorTitles":["GFX-002 Three backend adapter"],"fullName":"GFX-002 Three backend adapter retries only retained pipeline ownership after backend cleanup completed","status":"passed","title":"retries only retained pipeline ownership after backend cleanup completed","duration":1.0745830000000183,"failureMessages":[],"meta":{},"tags":[]},{"ancestorTitles":["GFX-002 Three backend adapter"],"fullName":"GFX-002 Three backend adapter does not erase terminal renderer cleanup evidence when a retained pipeline retry succeeds","status":"passed","title":"does not erase terminal renderer cleanup evidence when a retained pipeline retry succeeds","duration":1.059082999999987,"failureMessages":[],"meta":{},"tags":[]},{"ancestorTitles":["GFX-002 Three backend adapter"],"fullName":"GFX-002 Three backend adapter retains a 'null' primitive as exact terminal cleanup evidence","status":"passed","title":"retains a 'null' primitive as exact terminal cleanup evidence","duration":0.41412500000001273,"failureMessages":[],"meta":{},"tags":[]},{"ancestorTitles":["GFX-002 Three backend adapter"],"fullName":"GFX-002 Three backend adapter retains a 'undefined' primitive as exact terminal cleanup evidence","status":"passed","title":"retains a 'undefined' primitive as exact terminal cleanup evidence","duration":0.27704199999999446,"failureMessages":[],"meta":{},"tags":[]},{"ancestorTitles":["GFX-002 Three backend adapter"],"fullName":"GFX-002 Three backend adapter retains a 'NaN' primitive as exact terminal cleanup evidence","status":"passed","title":"retains a 'NaN' primitive as exact terminal cleanup evidence","duration":0.2548330000000192,"failureMessages":[],"meta":{},"tags":[]},{"ancestorTitles":["GFX-002 Three backend adapter"],"fullName":"GFX-002 Three backend adapter retains a 'negative zero' primitive as exact terminal cleanup evidence","status":"passed","title":"retains a 'negative zero' primitive as exact terminal cleanup evidence","duration":1.865000000000009,"failureMessages":[],"meta":{},"tags":[]},{"ancestorTitles":["GFX-002 Three backend adapter"],"fullName":"GFX-002 Three backend adapter keeps native cleanup terminal when it fails during an awaited pipeline disposal","status":"passed","title":"keeps native cleanup terminal when it fails during an awaited pipeline disposal","duration":0.7104170000000067,"failureMessages":[],"meta":{},"tags":[]},{"ancestorTitles":["GFX-002 Three backend adapter"],"fullName":"GFX-002 Three backend adapter shares one hard text budget across deferred pipeline and concurrent native cleanup roots","status":"passed","title":"shares one hard text budget across deferred pipeline and concurrent native cleanup roots","duration":0.9625419999999849,"failureMessages":[],"meta":{},"tags":[]},{"ancestorTitles":["GFX-002 Three backend adapter"],"fullName":"GFX-002 Three backend adapter preserves a retained structural truncation marker across pipeline retry","status":"passed","title":"preserves a retained structural truncation marker across pipeline retry","duration":0.6574590000000171,"failureMessages":[],"meta":{},"tags":[]},{"ancestorTitles":["GFX-002 Three backend adapter"],"fullName":"GFX-002 Three backend adapter preserves a retained Aggregate accessor-cause marker across pipeline retry","status":"passed","title":"preserves a retained Aggregate accessor-cause marker across pipeline retry","duration":0.6544580000000337,"failureMessages":[],"meta":{},"tags":[]},{"ancestorTitles":["GFX-002 Three backend adapter"],"fullName":"GFX-002 Three backend adapter preserves a retained Aggregate cause marker at the depth-32 retry boundary","status":"passed","title":"preserves a retained Aggregate cause marker at the depth-32 retry boundary","duration":0.8153330000000096,"failureMessages":[],"meta":{},"tags":[]},{"ancestorTitles":["GFX-002 Three backend adapter"],"fullName":"GFX-002 Three backend adapter keeps each failed pipeline-only cleanup attempt retryable until the third succeeds","status":"passed","title":"keeps each failed pipeline-only cleanup attempt retryable until the third succeeds","duration":0.6985829999999851,"failureMessages":[],"meta":{},"tags":[]},{"ancestorTitles":["GFX-002 Three backend adapter"],"fullName":"GFX-002 Three backend adapter unwinds an attached pipeline exactly once before renderer cleanup fails closed","status":"passed","title":"unwinds an attached pipeline exactly once before renderer cleanup fails closed","duration":0.2826249999999959,"failureMessages":[],"meta":{},"tags":[]},{"ancestorTitles":["GFX-002 Three backend adapter"],"fullName":"GFX-002 Three backend adapter captures constructor options instead of retaining caller-owned configuration","status":"passed","title":"captures constructor options instead of retaining caller-owned configuration","duration":0.3222499999999968,"failureMessages":[],"meta":{},"tags":[]},{"ancestorTitles":["GFX-002 Three backend adapter"],"fullName":"GFX-002 Three backend adapter keeps requested, actual, API exposure, probe, compatibility, and lab facts distinct","status":"passed","title":"keeps requested, actual, API exposure, probe, compatibility, and lab facts distinct","duration":0.18037500000002638,"failureMessages":[],"meta":{},"tags":[]},{"ancestorTitles":["GFX-002 Three backend adapter"],"fullName":"GFX-002 Three backend adapter atomically precompiles each reachable drawable against its real target scene and restores visibility","status":"passed","title":"atomically precompiles each reachable drawable against its real target scene and restores visibility","duration":0.9812089999999785,"failureMessages":[],"meta":{},"tags":[]},{"ancestorTitles":["GFX-002 Three backend adapter"],"fullName":"GFX-002 Three backend adapter isolates nested direct compile roots and restores every visibility descriptor on success","status":"passed","title":"isolates nested direct compile roots and restores every visibility descriptor on success","duration":0.5422919999999749,"failureMessages":[],"meta":{},"tags":[]},{"ancestorTitles":["GFX-002 Three backend adapter"],"fullName":"GFX-002 Three backend adapter isolates nested direct compile roots and restores every visibility descriptor on compile failure","status":"passed","title":"isolates nested direct compile roots and restores every visibility descriptor on compile failure","duration":0.3825420000000008,"failureMessages":[],"meta":{},"tags":[]},{"ancestorTitles":["GFX-002 Three backend adapter"],"fullName":"GFX-002 Three backend adapter rejects sparse, accessor, hostile, and over-budget direct child inventories before runner work","status":"passed","title":"rejects sparse, accessor, hostile, and over-budget direct child inventories before runner work","duration":8.82208300000002,"failureMessages":[],"meta":{},"tags":[]},{"ancestorTitles":["GFX-002 Three backend adapter"],"fullName":"GFX-002 Three backend adapter restores direct compile state and propagates a null throw exactly","status":"passed","title":"restores direct compile state and propagates a null throw exactly","duration":0.3445419999999899,"failureMessages":[],"meta":{},"tags":[]},{"ancestorTitles":["GFX-002 Three backend adapter"],"fullName":"GFX-002 Three backend adapter restores direct compile state and propagates a undefined throw exactly","status":"passed","title":"restores direct compile state and propagates a undefined throw exactly","duration":0.13249999999999318,"failureMessages":[],"meta":{},"tags":[]},{"ancestorTitles":["GFX-002 Three backend adapter"],"fullName":"GFX-002 Three backend adapter restores direct compile state and propagates a -0 throw exactly","status":"passed","title":"restores direct compile state and propagates a -0 throw exactly","duration":0.11491700000004812,"failureMessages":[],"meta":{},"tags":[]},{"ancestorTitles":["GFX-002 Three backend adapter"],"fullName":"GFX-002 Three backend adapter restores direct compile state and propagates a NaN throw exactly","status":"passed","title":"restores direct compile state and propagates a NaN throw exactly","duration":0.09954199999998536,"failureMessages":[],"meta":{},"tags":[]},{"ancestorTitles":["GFX-002 Three backend adapter"],"fullName":"GFX-002 Three backend adapter fails closed on unsupported direct multi-material topology before runner work","status":"passed","title":"fails closed on unsupported direct multi-material topology before runner work","duration":0.24066599999997607,"failureMessages":[],"meta":{},"tags":[]},{"ancestorTitles":["GFX-002 Three backend adapter"],"fullName":"GFX-002 Three backend adapter fails closed on unsupported direct sparse geometry groups topology before runner work","status":"passed","title":"fails closed on unsupported direct sparse geometry groups topology before runner work","duration":0.1678330000000301,"failureMessages":[],"meta":{},"tags":[]},{"ancestorTitles":["GFX-002 Three backend adapter"],"fullName":"GFX-002 Three backend adapter fails closed on unsupported direct LineLoop topology before runner work","status":"passed","title":"fails closed on unsupported direct LineLoop topology before runner work","duration":0.12795799999997826,"failureMessages":[],"meta":{},"tags":[]},{"ancestorTitles":["GFX-002 Three backend adapter"],"fullName":"GFX-002 Three backend adapter accepts bounded dense scalar-material geometry groups as one compile step","status":"passed","title":"accepts bounded dense scalar-material geometry groups as one compile step","duration":0.1775000000000091,"failureMessages":[],"meta":{},"tags":[]},{"ancestorTitles":["GFX-002 Three backend adapter"],"fullName":"GFX-002 Three backend adapter captures compileAsync once before runner work and ignores later method/prototype poisoning","status":"passed","title":"captures compileAsync once before runner work and ignores later method/prototype poisoning","duration":0.1967920000000163,"failureMessages":[],"meta":{},"tags":[]},{"ancestorTitles":["GFX-002 Three backend adapter"],"fullName":"GFX-002 Three backend adapter rejects accessor-backed compileAsync without invoking the getter","status":"passed","title":"rejects accessor-backed compileAsync without invoking the getter","duration":0.15670799999998053,"failureMessages":[],"meta":{},"tags":[]},{"ancestorTitles":["GFX-002 Three backend adapter"],"fullName":"GFX-002 Three backend adapter returns unavailable nested telemetry without recursion during live and disposal sampling","status":"passed","title":"returns unavailable nested telemetry without recursion during live and disposal sampling","duration":0.5397500000000264,"failureMessages":[],"meta":{},"tags":[]},{"ancestorTitles":["GFX-002 Three backend adapter"],"fullName":"GFX-002 Three backend adapter builds lifecycle memory, resource, and scene counters from one telemetry capture","status":"passed","title":"builds lifecycle memory, resource, and scene counters from one telemetry capture","duration":0.22937500000000455,"failureMessages":[],"meta":{},"tags":[]},{"ancestorTitles":["GFX-002 Three backend adapter"],"fullName":"GFX-002 Three backend adapter defers dispose reentered from scene telemetry without mixing lifecycle evidence","status":"passed","title":"defers dispose reentered from scene telemetry without mixing lifecycle evidence","duration":0.28716600000001336,"failureMessages":[],"meta":{},"tags":[]},{"ancestorTitles":["GFX-002 Three backend adapter"],"fullName":"GFX-002 Three backend adapter uses a deferred dispose promise as an immediate admission gate without deadlock","status":"passed","title":"uses a deferred dispose promise as an immediate admission gate without deadlock","duration":0.4305830000000128,"failureMessages":[],"meta":{},"tags":[]},{"ancestorTitles":["GFX-002 Three backend adapter"],"fullName":"GFX-002 Three backend adapter rejects initialize inside and outside telemetry once deferred disposal is requested","status":"passed","title":"rejects initialize inside and outside telemetry once deferred disposal is requested","duration":0.36358300000000554,"failureMessages":[],"meta":{},"tags":[]},{"ancestorTitles":["GFX-002 Three backend adapter"],"fullName":"GFX-002 Three backend adapter revokes an unsubscribed listener immediately inside a telemetry getter","status":"passed","title":"revokes an unsubscribed listener immediately inside a telemetry getter","duration":0.20308399999998983,"failureMessages":[],"meta":{},"tags":[]},{"ancestorTitles":["GFX-002 Three backend adapter"],"fullName":"GFX-002 Three backend adapter keeps other public mutations outside a telemetry observation transaction","status":"passed","title":"keeps other public mutations outside a telemetry observation transaction","duration":0.3666249999999991,"failureMessages":[],"meta":{},"tags":[]},{"ancestorTitles":["GFX-002 Three backend adapter"],"fullName":"GFX-002 Three backend adapter bounds corrupt scene child fanout and still completes terminal disposal","status":"passed","title":"bounds corrupt scene child fanout and still completes terminal disposal","duration":2.7302500000000123,"failureMessages":[],"meta":{},"tags":[]},{"ancestorTitles":["GFX-002 Three backend adapter"],"fullName":"GFX-002 Three backend adapter drains concurrent renderer operations before one idempotent disposal","status":"passed","title":"drains concurrent renderer operations before one idempotent disposal","duration":1.996040999999991,"failureMessages":[],"meta":{},"tags":[]},{"ancestorTitles":["GFX-002 Three backend adapter"],"fullName":"GFX-002 Three backend adapter fails closed with one retryable disposal rejection during an unsettled pipeline resize","status":"passed","title":"fails closed with one retryable disposal rejection during an unsettled pipeline resize","duration":0.8847920000000045,"failureMessages":[],"meta":{},"tags":[]},{"ancestorTitles":["GFX-002 Three backend adapter"],"fullName":"GFX-002 Three backend adapter requires a disposal retry after a rejected asynchronous pipeline resize settles","status":"passed","title":"requires a disposal retry after a rejected asynchronous pipeline resize settles","duration":0.6087079999999787,"failureMessages":[],"meta":{},"tags":[]},{"ancestorTitles":["GFX-002 Three backend adapter"],"fullName":"GFX-002 Three backend adapter rejects backend disposal reentry from pipeline resize and retries the same target","status":"passed","title":"rejects backend disposal reentry from pipeline resize and retries the same target","duration":0.34862500000002683,"failureMessages":[],"meta":{},"tags":[]},{"ancestorTitles":["GFX-002 Three backend adapter"],"fullName":"GFX-002 Three backend adapter breaks post-yield pipeline resize disposal reentry without claiming cleanup","status":"passed","title":"breaks post-yield pipeline resize disposal reentry without claiming cleanup","duration":0.6297079999999937,"failureMessages":[],"meta":{},"tags":[]},{"ancestorTitles":["GFX-002 Three backend adapter"],"fullName":"GFX-002 Three backend adapter rejects a pipeline callback that reenters the same backend resize transaction","status":"passed","title":"rejects a pipeline callback that reenters the same backend resize transaction","duration":0.335708000000011,"failureMessages":[],"meta":{},"tags":[]},{"ancestorTitles":["GFX-002 Three backend adapter"],"fullName":"GFX-002 Three backend adapter rechecks resize admission after a viewport accessor requests disposal","status":"passed","title":"rechecks resize admission after a viewport accessor requests disposal","duration":0.2992089999999621,"failureMessages":[],"meta":{},"tags":[]},{"ancestorTitles":["GFX-002 Three backend adapter"],"fullName":"GFX-002 Three backend adapter publishes resize admission before viewport accessors can start renderer operations","status":"passed","title":"publishes resize admission before viewport accessors can start renderer operations","duration":0.44062500000001137,"failureMessages":[],"meta":{},"tags":[]},{"ancestorTitles":["GFX-002 Three backend adapter"],"fullName":"GFX-002 Three backend adapter releases resize admission after viewport capture throws","status":"passed","title":"releases resize admission after viewport capture throws","duration":0.5128330000000005,"failureMessages":[],"meta":{},"tags":[]},{"ancestorTitles":["GFX-002 Three backend adapter"],"fullName":"GFX-002 Three backend adapter fails closed when a render pass/scene getter requests disposal during capture","status":"passed","title":"fails closed when a render pass/scene getter requests disposal during capture","duration":0.6532500000000141,"failureMessages":[],"meta":{},"tags":[]},{"ancestorTitles":["GFX-002 Three backend adapter"],"fullName":"GFX-002 Three backend adapter fails closed when a precompile pass/camera getter requests disposal during capture","status":"passed","title":"fails closed when a precompile pass/camera getter requests disposal during capture","duration":0.43895899999995436,"failureMessages":[],"meta":{},"tags":[]},{"ancestorTitles":["GFX-002 Three backend adapter"],"fullName":"GFX-002 Three backend adapter releases the render reservation after pass capture throws so resize remains available","status":"passed","title":"releases the render reservation after pass capture throws so resize remains available","duration":0.3205829999999992,"failureMessages":[],"meta":{},"tags":[]},{"ancestorTitles":["GFX-002 Three backend adapter"],"fullName":"GFX-002 Three backend adapter releases the precompile reservation after pass capture throws so resize remains available","status":"passed","title":"releases the precompile reservation after pass capture throws so resize remains available","duration":0.30041599999998425,"failureMessages":[],"meta":{},"tags":[]},{"ancestorTitles":["GFX-002 Three backend adapter"],"fullName":"GFX-002 Three backend adapter rejects a pipeline callback that reenters backend precompile","status":"passed","title":"rejects a pipeline callback that reenters backend precompile","duration":0.2799999999999727,"failureMessages":[],"meta":{},"tags":[]},{"ancestorTitles":["GFX-002 Three backend adapter"],"fullName":"GFX-002 Three backend adapter retries only the renderer phase after pipeline resize has completed","status":"passed","title":"retries only the renderer phase after pipeline resize has completed","duration":0.36316599999997834,"failureMessages":[],"meta":{},"tags":[]},{"ancestorTitles":["GFX-002 Three backend adapter"],"fullName":"GFX-002 Three backend adapter retains and retries a pipeline disposer that rejects backend disposal reentry","status":"passed","title":"retains and retries a pipeline disposer that rejects backend disposal reentry","duration":0.36645899999996345,"failureMessages":[],"meta":{},"tags":[]},{"ancestorTitles":["GFX-002 Three backend adapter"],"fullName":"GFX-002 Three backend adapter breaks a post-yield pipeline disposer cycle and retries only retained cleanup","status":"passed","title":"breaks a post-yield pipeline disposer cycle and retries only retained cleanup","duration":1.158583999999962,"failureMessages":[],"meta":{},"tags":[]},{"ancestorTitles":["GFX-002 Three backend adapter"],"fullName":"GFX-002 Three backend adapter drains a resize that requests disposal before touching the renderer again","status":"passed","title":"drains a resize that requests disposal before touching the renderer again","duration":0.9441250000000423,"failureMessages":[],"meta":{},"tags":[]},{"ancestorTitles":["GFX-002 Three backend adapter"],"fullName":"GFX-002 Three backend adapter publishes late structured events and detaches the bridge during disposal","status":"passed","title":"publishes late structured events and detaches the bridge during disposal","duration":2.295458999999994,"failureMessages":[],"meta":{},"tags":[]},{"ancestorTitles":["GFX-002 Three backend adapter"],"fullName":"GFX-002 Three backend adapter isolates a throwing event subscriber so terminal events still reach later listeners","status":"passed","title":"isolates a throwing event subscriber so terminal events still reach later listeners","duration":0.3426249999999982,"failureMessages":[],"meta":{},"tags":[]},{"ancestorTitles":["GFX-002 Three backend adapter"],"fullName":"GFX-002 Three backend adapter chains Three renderer device-loss handling before publishing the adapter event","status":"passed","title":"chains Three renderer device-loss handling before publishing the adapter event","duration":0.32183300000002646,"failureMessages":[],"meta":{},"tags":[]},{"ancestorTitles":["GFX-002 Three backend adapter"],"fullName":"GFX-002 Three backend adapter reinstalls the event bridge when renderer initialization replaces its callback","status":"passed","title":"reinstalls the event bridge when renderer initialization replaces its callback","duration":0.257000000000005,"failureMessages":[],"meta":{},"tags":[]},{"ancestorTitles":["GFX-002 Three backend adapter"],"fullName":"GFX-002 Three backend adapter leaves a callback untouched when acquiring it throws and restores the other channel","status":"passed","title":"leaves a callback untouched when acquiring it throws and restores the other channel","duration":0.24383299999999508,"failureMessages":[],"meta":{},"tags":[]},{"ancestorTitles":["GFX-002 Three backend adapter"],"fullName":"GFX-002 Three backend adapter does not restore over a channel whose descriptor installation never acquired it","status":"passed","title":"does not restore over a channel whose descriptor installation never acquired it","duration":0.179458000000011,"failureMessages":[],"meta":{},"tags":[]},{"ancestorTitles":["GFX-002 Three backend adapter"],"fullName":"GFX-002 Three backend adapter fails closed when a successful installation trap does not acquire the channel","status":"passed","title":"fails closed when a successful installation trap does not acquire the channel","duration":0.1806670000000281,"failureMessages":[],"meta":{},"tags":[]},{"ancestorTitles":["GFX-002 Three backend adapter"],"fullName":"GFX-002 Three backend adapter restores a transformed descriptor acquired by a successful installation trap","status":"passed","title":"restores a transformed descriptor acquired by a successful installation trap","duration":0.3036250000000109,"failureMessages":[],"meta":{},"tags":[]},{"ancestorTitles":["GFX-002 Three backend adapter"],"fullName":"GFX-002 Three backend adapter restores a channel when a throwing installation trap acquired its descriptor","status":"passed","title":"restores a channel when a throwing installation trap acquired its descriptor","duration":0.16920799999996916,"failureMessages":[],"meta":{},"tags":[]},{"ancestorTitles":["GFX-002 Three backend adapter"],"fullName":"GFX-002 Three backend adapter restores a transformed descriptor acquired before an installation trap throws","status":"passed","title":"restores a transformed descriptor acquired before an installation trap throws","duration":0.26399999999995316,"failureMessages":[],"meta":{},"tags":[]},{"ancestorTitles":["GFX-002 Three backend adapter"],"fullName":"GFX-002 Three backend adapter revokes captured and installed callbacks before a restoration failure","status":"passed","title":"revokes captured and installed callbacks before a restoration failure","duration":0.3238749999999868,"failureMessages":[],"meta":{},"tags":[]},{"ancestorTitles":["GFX-002 Three backend adapter"],"fullName":"GFX-002 Three backend adapter fails honestly and revokes both channels when restore and delete traps are no-ops","status":"passed","title":"fails honestly and revokes both channels when restore and delete traps are no-ops","duration":0.3977909999999838,"failureMessages":[],"meta":{},"tags":[]},{"ancestorTitles":["GFX-002 Three backend adapter"],"fullName":"GFX-002 Three backend adapter delivers one event to the listener snapshot even when an earlier listener unsubscribes it","status":"passed","title":"delivers one event to the listener snapshot even when an earlier listener unsubscribes it","duration":0.1495830000000069,"failureMessages":[],"meta":{},"tags":[]},{"ancestorTitles":["GFX-002 Three backend adapter"],"fullName":"GFX-002 Three backend adapter stops multi-pass rendering after the first bridged renderer failure","status":"passed","title":"stops multi-pass rendering after the first bridged renderer failure","duration":0.24229200000002038,"failureMessages":[],"meta":{},"tags":[]},{"ancestorTitles":["GFX-002 Three backend adapter"],"fullName":"GFX-002 Three backend adapter stops multi-pass precompile after the first bridged device loss","status":"passed","title":"stops multi-pass precompile after the first bridged device loss","duration":0.37291599999997516,"failureMessages":[],"meta":{},"tags":[]},{"ancestorTitles":["GFX-002 Three backend adapter"],"fullName":"GFX-002 Three backend adapter rejects empty render and precompile without mutating evidence after a latched fault","status":"passed","title":"rejects empty render and precompile without mutating evidence after a latched fault","duration":0.4887499999999818,"failureMessages":[],"meta":{},"tags":[]},{"ancestorTitles":["GFX-002 Three backend adapter"],"fullName":"GFX-002 Three backend adapter refuses subscribers added reentrantly after the first runtime fault is latched","status":"passed","title":"refuses subscribers added reentrantly after the first runtime fault is latched","duration":0.5535419999999931,"failureMessages":[],"meta":{},"tags":[]},{"ancestorTitles":["GFX-002 Three backend adapter"],"fullName":"GFX-002 Three backend adapter invokes backend disposal once when renderer disposal also schedules it","status":"passed","title":"invokes backend disposal once when renderer disposal also schedules it","duration":0.3825420000000008,"failureMessages":[],"meta":{},"tags":[]},{"ancestorTitles":["GFX-002 Three backend adapter"],"fullName":"GFX-002 Three backend adapter does not double-call a native backend disposer captured before instrumentation","status":"passed","title":"does not double-call a native backend disposer captured before instrumentation","duration":1.287166999999954,"failureMessages":[],"meta":{},"tags":[]},{"ancestorTitles":["GFX-002 Three backend adapter"],"fullName":"GFX-002 Three backend adapter retains a backend disposal error even when renderer disposal swallows it","status":"passed","title":"retains a backend disposal error even when renderer disposal swallows it","duration":0.20658299999996643,"failureMessages":[],"meta":{},"tags":[]},{"ancestorTitles":["GFX-002 Three backend adapter"],"fullName":"GFX-002 Three backend adapter snapshots a swallowed native backend error before a microtask mutates it","status":"passed","title":"snapshots a swallowed native backend error before a microtask mutates it","duration":0.22445899999996755,"failureMessages":[],"meta":{},"tags":[]},{"ancestorTitles":["GFX-002 Three backend adapter"],"fullName":"GFX-002 Three backend adapter carries pre-cleanup native failure evidence into one stable adapter disposal","status":"passed","title":"carries pre-cleanup native failure evidence into one stable adapter disposal","duration":0.29395899999997255,"failureMessages":[],"meta":{},"tags":[]},{"ancestorTitles":["GFX-002 Three backend adapter"],"fullName":"GFX-002 Three backend adapter preserves a pre-cleanup native null failure with an explicit presence flag","status":"passed","title":"preserves a pre-cleanup native null failure with an explicit presence flag","duration":0.18570899999997437,"failureMessages":[],"meta":{},"tags":[]},{"ancestorTitles":["GFX-002 Three backend adapter"],"fullName":"GFX-002 Three backend adapter preserves a pre-cleanup native undefined failure with an explicit presence flag","status":"passed","title":"preserves a pre-cleanup native undefined failure with an explicit presence flag","duration":0.13529199999999264,"failureMessages":[],"meta":{},"tags":[]},{"ancestorTitles":["GFX-002 Three backend adapter"],"fullName":"GFX-002 Three backend adapter records one native propagation and a later independent reuse as two occurrences","status":"passed","title":"records one native propagation and a later independent reuse as two occurrences","duration":0.28291600000000017,"failureMessages":[],"meta":{},"tags":[]},{"ancestorTitles":["GFX-002 Three backend adapter"],"fullName":"GFX-002 Three backend adapter keeps an initial-telemetry native throw as the sole primary failure","status":"passed","title":"keeps an initial-telemetry native throw as the sole primary failure","duration":0.20029199999999037,"failureMessages":[],"meta":{},"tags":[]},{"ancestorTitles":["GFX-002 Three backend adapter"],"fullName":"GFX-002 Three backend adapter uses bounded identity propagation for unownable primitive native failures during initialization","status":"passed","title":"uses bounded identity propagation for unownable primitive native failures during initialization","duration":2.132000000000005,"failureMessages":[],"meta":{},"tags":[]},{"ancestorTitles":["GFX-002 Three backend adapter"],"fullName":"GFX-002 Three backend adapter keeps ready-state primitive throws exact while retaining only their bounded evidence","status":"passed","title":"keeps ready-state primitive throws exact while retaining only their bounded evidence","duration":0.703625000000045,"failureMessages":[],"meta":{},"tags":[]},{"ancestorTitles":["GFX-002 Three backend adapter"],"fullName":"GFX-002 Three backend adapter deduplicates an unownable native primitive through one bounded cleanup propagation","status":"passed","title":"deduplicates an unownable native primitive through one bounded cleanup propagation","duration":1.7247500000000286,"failureMessages":[],"meta":{},"tags":[]},{"ancestorTitles":["GFX-002 Three backend adapter"],"fullName":"GFX-002 Three backend adapter shares native propagation provenance across the pipeline cleanup fork","status":"passed","title":"shares native propagation provenance across the pipeline cleanup fork","duration":2.146208999999999,"failureMessages":[],"meta":{},"tags":[]},{"ancestorTitles":["GFX-002 Three backend adapter"],"fullName":"GFX-002 Three backend adapter scopes an escaped propagation token to the adapter occurrence that created it","status":"passed","title":"scopes an escaped propagation token to the adapter occurrence that created it","duration":0.617541000000017,"failureMessages":[],"meta":{},"tags":[]},{"ancestorTitles":["GFX-002 Three backend adapter"],"fullName":"GFX-002 Three backend adapter rebudgets initialization propagation evidence with its cleanup suffix","status":"passed","title":"rebudgets initialization propagation evidence with its cleanup suffix","duration":0.5685420000000363,"failureMessages":[],"meta":{},"tags":[]},{"ancestorTitles":["GFX-002 Three backend adapter"],"fullName":"GFX-002 Three backend adapter defers reentrant disposal until hostile native evidence capture is published","status":"passed","title":"defers reentrant disposal until hostile native evidence capture is published","duration":0.30904200000003357,"failureMessages":[],"meta":{},"tags":[]},{"ancestorTitles":["GFX-002 Three backend adapter"],"fullName":"GFX-002 Three backend adapter bounds a 255-unit cleanup Error message with its truthful suffix and no stack","status":"passed","title":"bounds a 255-unit cleanup Error message with its truthful suffix and no stack","duration":0.22033399999997982,"failureMessages":[],"meta":{},"tags":[]},{"ancestorTitles":["GFX-002 Three backend adapter"],"fullName":"GFX-002 Three backend adapter bounds a 256-unit cleanup Error message with its truthful suffix and no stack","status":"passed","title":"bounds a 256-unit cleanup Error message with its truthful suffix and no stack","duration":1.54362500000002,"failureMessages":[],"meta":{},"tags":[]},{"ancestorTitles":["GFX-002 Three backend adapter"],"fullName":"GFX-002 Three backend adapter bounds a 257-unit cleanup Error message with its truthful suffix and no stack","status":"passed","title":"bounds a 257-unit cleanup Error message with its truthful suffix and no stack","duration":0.2552919999999972,"failureMessages":[],"meta":{},"tags":[]},{"ancestorTitles":["GFX-002 Three backend adapter"],"fullName":"GFX-002 Three backend adapter enforces one 4095-unit aggregate cleanup text boundary","status":"passed","title":"enforces one 4095-unit aggregate cleanup text boundary","duration":0.22949999999997317,"failureMessages":[],"meta":{},"tags":[]},{"ancestorTitles":["GFX-002 Three backend adapter"],"fullName":"GFX-002 Three backend adapter enforces one 4096-unit aggregate cleanup text boundary","status":"passed","title":"enforces one 4096-unit aggregate cleanup text boundary","duration":0.12716599999998834,"failureMessages":[],"meta":{},"tags":[]},{"ancestorTitles":["GFX-002 Three backend adapter"],"fullName":"GFX-002 Three backend adapter enforces one 4097-unit aggregate cleanup text boundary","status":"passed","title":"enforces one 4097-unit aggregate cleanup text boundary","duration":0.1612079999999878,"failureMessages":[],"meta":{},"tags":[]},{"ancestorTitles":["GFX-002 Three backend adapter"],"fullName":"GFX-002 Three backend adapter marks a primitive omission structurally after the shared text budget is exhausted","status":"passed","title":"marks a primitive omission structurally after the shared text budget is exhausted","duration":0.1787909999999897,"failureMessages":[],"meta":{},"tags":[]},{"ancestorTitles":["GFX-002 Three backend adapter"],"fullName":"GFX-002 Three backend adapter bounds and detaches 2MB nested messages, causes, entries, BigInt, and Symbol text","status":"passed","title":"bounds and detaches 2MB nested messages, causes, entries, BigInt, and Symbol text","duration":1.2579579999999737,"failureMessages":[],"meta":{},"tags":[]},{"ancestorTitles":["GFX-002 Three backend adapter"],"fullName":"GFX-002 Three backend adapter bounds BigInt magnitude and charges Symbol wrappers without changing numeric primitives","status":"passed","title":"bounds BigInt magnitude and charges Symbol wrappers without changing numeric primitives","duration":0.8175420000000031,"failureMessages":[],"meta":{},"tags":[]},{"ancestorTitles":["GFX-002 Three backend adapter"],"fullName":"GFX-002 Three backend adapter preserves own primitive AggregateError causes for empty and nonempty evidence","status":"passed","title":"preserves own primitive AggregateError causes for empty and nonempty evidence","duration":2.8479580000000055,"failureMessages":[],"meta":{},"tags":[]},{"ancestorTitles":["GFX-002 Three backend adapter"],"fullName":"GFX-002 Three backend adapter keeps AggregateError subtype and primitive cause when error details are invalid","status":"passed","title":"keeps AggregateError subtype and primitive cause when error details are invalid","duration":1.9702500000000214,"failureMessages":[],"meta":{},"tags":[]},{"ancestorTitles":["GFX-002 Three backend adapter"],"fullName":"GFX-002 Three backend adapter detaches object, function, and accessor AggregateError causes without reading them","status":"passed","title":"detaches object, function, and accessor AggregateError causes without reading them","duration":0.5017090000000053,"failureMessages":[],"meta":{},"tags":[]},{"ancestorTitles":["GFX-002 Three backend adapter"],"fullName":"GFX-002 Three backend adapter charges aggregate causes to one bounded cleanup evidence budget","status":"passed","title":"charges aggregate causes to one bounded cleanup evidence budget","duration":9.465125,"failureMessages":[],"meta":{},"tags":[]},{"ancestorTitles":["GFX-002 Three backend adapter"],"fullName":"GFX-002 Three backend adapter shares one cleanup evidence budget across pipeline and renderer failure roots","status":"passed","title":"shares one cleanup evidence budget across pipeline and renderer failure roots","duration":3.8924169999999663,"failureMessages":[],"meta":{},"tags":[]},{"ancestorTitles":["GFX-002 Three backend adapter"],"fullName":"GFX-002 Three backend adapter bounds shared-child failure fanout with one total snapshot budget","status":"passed","title":"bounds shared-child failure fanout with one total snapshot budget","duration":2.710749999999962,"failureMessages":[],"meta":{},"tags":[]},{"ancestorTitles":["GFX-002 Three backend adapter"],"fullName":"GFX-002 Three backend adapter treats renderer throw null as a real cleanup failure","status":"passed","title":"treats renderer throw null as a real cleanup failure","duration":0.194500000000005,"failureMessages":[],"meta":{},"tags":[]},{"ancestorTitles":["GFX-002 Three backend adapter"],"fullName":"GFX-002 Three backend adapter treats swallowed backend throw undefined as a real cleanup failure","status":"passed","title":"treats swallowed backend throw undefined as a real cleanup failure","duration":0.13437499999997726,"failureMessages":[],"meta":{},"tags":[]},{"ancestorTitles":["GFX-002 Three backend adapter"],"fullName":"GFX-002 Three backend adapter distinguishes negative and positive zero cleanup occurrences","status":"passed","title":"distinguishes negative and positive zero cleanup occurrences","duration":0.1775830000000269,"failureMessages":[],"meta":{},"tags":[]},{"ancestorTitles":["GFX-002 Three backend adapter"],"fullName":"GFX-002 Three backend adapter does not conflate a renderer-rethrown NaN with its native cleanup occurrence","status":"passed","title":"does not conflate a renderer-rethrown NaN with its native cleanup occurrence","duration":0.31270900000004076,"failureMessages":[],"meta":{},"tags":[]},{"ancestorTitles":["GFX-002 Three backend adapter"],"fullName":"GFX-002 Three backend adapter returns stable initialize and dispose promises during synchronous renderer reentry","status":"passed","title":"returns stable initialize and dispose promises during synchronous renderer reentry","duration":0.16100000000000136,"failureMessages":[],"meta":{},"tags":[]},{"ancestorTitles":["GFX-002 Three backend adapter"],"fullName":"GFX-002 Three backend adapter preserves non-zero renderer counters instead of self-attesting zero after a leaky dispose","status":"passed","title":"preserves non-zero renderer counters instead of self-attesting zero after a leaky dispose","duration":0.20266700000001947,"failureMessages":[],"meta":{},"tags":[]},{"ancestorTitles":["GFX-002 Three backend adapter"],"fullName":"GFX-002 Three backend adapter rejects initialize after disposal instead of returning a stale fulfilled promise","status":"passed","title":"rejects initialize after disposal instead of returning a stale fulfilled promise","duration":0.159041000000002,"failureMessages":[],"meta":{},"tags":[]},{"ancestorTitles":["GFX-002 Three backend adapter"],"fullName":"GFX-002 Three backend adapter clears all ownership and preserves counters when renderer disposal throws","status":"passed","title":"clears all ownership and preserves counters when renderer disposal throws","duration":0.23791699999998173,"failureMessages":[],"meta":{},"tags":[]},{"ancestorTitles":["GFX-002 Three backend adapter"],"fullName":"GFX-002 Three backend adapter does not treat Three-style zeroed counters as release proof when backend disposal throws","status":"passed","title":"does not treat Three-style zeroed counters as release proof when backend disposal throws","duration":0.15662500000001955,"failureMessages":[],"meta":{},"tags":[]},{"ancestorTitles":["GFX-002 Three backend adapter"],"fullName":"GFX-002 Three backend adapter disposes and clears subscribers after partial initialization failure","status":"passed","title":"disposes and clears subscribers after partial initialization failure","duration":0.8801249999999641,"failureMessages":[],"meta":{},"tags":[]},{"ancestorTitles":["GFX-002 Three backend adapter"],"fullName":"GFX-002 Three backend adapter preserves both initialization and cleanup errors while releasing references","status":"passed","title":"preserves both initialization and cleanup errors while releasing references","duration":0.9464159999999993,"failureMessages":[],"meta":{},"tags":[]},{"ancestorTitles":["GFX-002 Three backend adapter"],"fullName":"GFX-002 Three backend adapter snapshots a mutable cyclic init-cleanup suffix at ingress while preserving the primary","status":"passed","title":"snapshots a mutable cyclic init-cleanup suffix at ingress while preserving the primary","duration":0.4850420000000213,"failureMessages":[],"meta":{},"tags":[]},{"ancestorTitles":["GFX-002 Three backend adapter"],"fullName":"GFX-002 Three backend adapter preserves repeated object cleanup occurrences at their individual ingress states","status":"passed","title":"preserves repeated object cleanup occurrences at their individual ingress states","duration":0.24508300000002237,"failureMessages":[],"meta":{},"tags":[]},{"ancestorTitles":["GFX-002 Three backend adapter"],"fullName":"GFX-002 Three backend adapter shares one bounded evidence budget across every init-cleanup occurrence","status":"passed","title":"shares one bounded evidence budget across every init-cleanup occurrence","duration":2.576750000000004,"failureMessages":[],"meta":{},"tags":[]},{"ancestorTitles":["GFX-002 Three backend adapter"],"fullName":"GFX-002 Three backend adapter keeps concurrent disposal failed when initialization cleanup fails","status":"passed","title":"keeps concurrent disposal failed when initialization cleanup fails","duration":0.23845799999998007,"failureMessages":[],"meta":{},"tags":[]},{"ancestorTitles":["GFX-002 Three backend adapter"],"fullName":"GFX-002 Three backend adapter does not double-dispose when initialization cleanup synchronously reenters disposal","status":"passed","title":"does not double-dispose when initialization cleanup synchronously reenters disposal","duration":0.24937499999998636,"failureMessages":[],"meta":{},"tags":[]},{"ancestorTitles":["GFX-002 Three backend adapter"],"fullName":"GFX-002 Three backend adapter rejects subscriptions reentered from terminal renderer-info reads","status":"passed","title":"rejects subscriptions reentered from terminal renderer-info reads","duration":0.2674999999999841,"failureMessages":[],"meta":{},"tags":[]},{"ancestorTitles":["GFX-002 Three backend adapter"],"fullName":"GFX-002 Three backend adapter preserves identical pre- and post-dispose telemetry failures as two occurrences","status":"passed","title":"preserves identical pre- and post-dispose telemetry failures as two occurrences","duration":0.28512499999999363,"failureMessages":[],"meta":{},"tags":[]},{"ancestorTitles":["GFX-002 Three backend adapter"],"fullName":"GFX-002 Three backend adapter preserves init, dispose, and resource-snapshot errors without retaining listeners","status":"passed","title":"preserves init, dispose, and resource-snapshot errors without retaining listeners","duration":0.17300000000000182,"failureMessages":[],"meta":{},"tags":[]},{"ancestorTitles":["GFX-002 Three backend adapter"],"fullName":"GFX-002 Three backend adapter preserves distinct pre- and post-dispose resource read failures","status":"passed","title":"preserves distinct pre- and post-dispose resource read failures","duration":0.23629199999999173,"failureMessages":[],"meta":{},"tags":[]},{"ancestorTitles":["GFX-002 Three backend adapter"],"fullName":"GFX-002 Three backend adapter rejects renderer-factory failure as terminal and keeps disposal idempotent","status":"passed","title":"rejects renderer-factory failure as terminal and keeps disposal idempotent","duration":0.1665830000000028,"failureMessages":[],"meta":{},"tags":[]},{"ancestorTitles":["GFX-002 Three backend adapter"],"fullName":"GFX-002 Three backend adapter does not retain subscribers added after a terminal failure","status":"passed","title":"does not retain subscribers added after a terminal failure","duration":0.14970900000002985,"failureMessages":[],"meta":{},"tags":[]},{"ancestorTitles":["GFX-002 Three backend adapter"],"fullName":"GFX-002 Three backend adapter captures a device-loss callback fired during renderer initialization","status":"passed","title":"captures a device-loss callback fired during renderer initialization","duration":0.26666600000004337,"failureMessages":[],"meta":{},"tags":[]},{"ancestorTitles":["GFX-002 Three backend adapter"],"fullName":"GFX-002 Three backend adapter chains an init-installed wrapper without duplicating the adapter event","status":"passed","title":"chains an init-installed wrapper without duplicating the adapter event","duration":0.16179200000004812,"failureMessages":[],"meta":{},"tags":[]},{"ancestorTitles":["GFX-002 Three backend adapter"],"fullName":"GFX-002 Three backend adapter preserves two init-installed callback wrappers in assignment order","status":"passed","title":"preserves two init-installed callback wrappers in assignment order","duration":0.1528329999999869,"failureMessages":[],"meta":{},"tags":[]},{"ancestorTitles":["GFX-002 Three backend adapter"],"fullName":"GFX-002 Three backend adapter captures pass fields once and stops before submission when an accessor faults","status":"passed","title":"captures pass fields once and stops before submission when an accessor faults","duration":0.17116599999997106,"failureMessages":[],"meta":{},"tags":[]},{"ancestorTitles":["GFX-002 Three backend adapter"],"fullName":"GFX-002 Three backend adapter captures each pass payload exactly once in authored-field order","status":"passed","title":"captures each pass payload exactly once in authored-field order","duration":0.11975000000001046,"failureMessages":[],"meta":{},"tags":[]},{"ancestorTitles":["GFX-002 Three backend adapter"],"fullName":"GFX-002 Three backend adapter rejects malformed public adapter passes before renderer work","status":"passed","title":"rejects malformed public adapter passes before renderer work","duration":0.14983399999999847,"failureMessages":[],"meta":{},"tags":[]},{"ancestorTitles":["GFX-002 Three backend adapter"],"fullName":"GFX-002 Three backend adapter validates pass identity fields before reading later fields and gives the runtime latch priority","status":"passed","title":"validates pass identity fields before reading later fields and gives the runtime latch priority","duration":0.29000000000002046,"failureMessages":[],"meta":{},"tags":[]},{"ancestorTitles":["GFX-002 Three backend adapter"],"fullName":"GFX-002 Three backend adapter stops viewport camera updates immediately after the first camera faults","status":"passed","title":"stops viewport camera updates immediately after the first camera faults","duration":0.17370799999997644,"failureMessages":[],"meta":{},"tags":[]},{"ancestorTitles":["GFX-002 Three backend adapter"],"fullName":"GFX-002 Three backend adapter clears attempted backend facts when initialization fails after detection","status":"passed","title":"clears attempted backend facts when initialization fails after detection","duration":0.14549999999997,"failureMessages":[],"meta":{},"tags":[]},{"ancestorTitles":["GFX-002 Three backend adapter"],"fullName":"GFX-002 Three backend adapter reuses one cached terminal operation error for a non-Error renderer fault","status":"passed","title":"reuses one cached terminal operation error for a non-Error renderer fault","duration":0.1300420000000031,"failureMessages":[],"meta":{},"tags":[]},{"ancestorTitles":["GFX-002 Three backend adapter"],"fullName":"GFX-002 Three backend adapter preserves repeated primitive resource-read failures from separate phases","status":"passed","title":"preserves repeated primitive resource-read failures from separate phases","duration":0.1512920000000122,"failureMessages":[],"meta":{},"tags":[]},{"ancestorTitles":["GFX-002 Three backend adapter"],"fullName":"GFX-002 Three backend adapter detaches the backend-dispose instrumentation closure after observation","status":"passed","title":"detaches the backend-dispose instrumentation closure after observation","duration":0.11675000000002456,"failureMessages":[],"meta":{},"tags":[]},{"ancestorTitles":["GFX-002 Three backend adapter"],"fullName":"GFX-002 Three backend adapter severs a backend replacement that chains the dispose instrumentation","status":"passed","title":"severs a backend replacement that chains the dispose instrumentation","duration":0.14291700000001129,"failureMessages":[],"meta":{},"tags":[]},{"ancestorTitles":["GFX-002 Three backend adapter"],"fullName":"GFX-002 Three backend adapter detaches instrumentation when a backend setter installs it and then throws","status":"passed","title":"detaches instrumentation when a backend setter installs it and then throws","duration":0.237041999999974,"failureMessages":[],"meta":{},"tags":[]},{"ancestorTitles":["GFX-002 Three backend adapter"],"fullName":"GFX-002 Three backend adapter reconciles a camera first introduced by a render pass before submission","status":"passed","title":"reconciles a camera first introduced by a render pass before submission","duration":0.23833400000000893,"failureMessages":[],"meta":{},"tags":[]},{"ancestorTitles":["GFX-002 Three backend adapter"],"fullName":"GFX-002 Three backend adapter repairs a cached camera aspect that feature code mutates between submissions","status":"passed","title":"repairs a cached camera aspect that feature code mutates between submissions","duration":0.17266700000004676,"failureMessages":[],"meta":{},"tags":[]},{"ancestorTitles":["GFX-002 Three backend adapter"],"fullName":"GFX-002 Three backend adapter delivers an opaque Proxy fault even when instanceof triggers a prototype trap","status":"passed","title":"delivers an opaque Proxy fault even when instanceof triggers a prototype trap","duration":0.219333000000006,"failureMessages":[],"meta":{},"tags":[]},{"ancestorTitles":["GFX-002 Three backend adapter"],"fullName":"GFX-002 Three backend adapter claims the first backend fault before its event clock can emit reentrantly","status":"passed","title":"claims the first backend fault before its event clock can emit reentrantly","duration":0.263417000000004,"failureMessages":[],"meta":{},"tags":[]},{"ancestorTitles":["GFX-002 Three backend adapter"],"fullName":"GFX-002 Three backend adapter fails closed and preserves evidence when the backend event clock throws","status":"passed","title":"fails closed and preserves evidence when the backend event clock throws","duration":0.2612500000000182,"failureMessages":[],"meta":{},"tags":[]}],"startTime":1787210161849,"endTime":1787210161963.2634,"status":"passed","message":"","name":"/Users/snari/Documents/GitProject/LonelyStar-graphics-photoreal-megademo/tests/gfx-v2/backend-adapter.test.ts"},{"assertionResults":[{"ancestorTitles":["GFX-004 persistent world-chunk render feature"],"fullName":"GFX-004 persistent world-chunk render feature records one stable pass and scene/camera identity across focus changes","status":"passed","title":"records one stable pass and scene/camera identity across focus changes","duration":4.016458,"failureMessages":[],"meta":{},"tags":[]},{"ancestorTitles":["GFX-004 persistent world-chunk render feature"],"fullName":"GFX-004 persistent world-chunk render feature forwards quality while resize and history invalidation preserve chunk state","status":"passed","title":"forwards quality while resize and history invalidation preserve chunk state","duration":0.8845410000000129,"failureMessages":[],"meta":{},"tags":[]},{"ancestorTitles":["GFX-004 persistent world-chunk render feature"],"fullName":"GFX-004 persistent world-chunk render feature fails closed on an unknown story shot and mutable payload-bearing passes","status":"passed","title":"fails closed on an unknown story shot and mutable payload-bearing passes","duration":0.632000000000005,"failureMessages":[],"meta":{},"tags":[]},{"ancestorTitles":["GFX-004 persistent world-chunk render feature"],"fullName":"GFX-004 persistent world-chunk render feature captures persistent pass own data without ordinary reads or accessor execution","status":"passed","title":"captures persistent pass own data without ordinary reads or accessor execution","duration":0.2685830000000067,"failureMessages":[],"meta":{},"tags":[]},{"ancestorTitles":["GFX-004 persistent world-chunk render feature"],"fullName":"GFX-004 persistent world-chunk render feature latches initialize and dispose identities across an initialization race","status":"passed","title":"latches initialize and dispose identities across an initialization race","duration":0.6699590000000057,"failureMessages":[],"meta":{},"tags":[]}],"startTime":1787210162578,"endTime":1787210162584.67,"status":"passed","message":"","name":"/Users/snari/Documents/GitProject/LonelyStar-graphics-photoreal-megademo/tests/gfx-v2/chunk-feature.test.ts"},{"assertionResults":[{"ancestorTitles":["GFX-004 chunk manager"],"fullName":"GFX-004 chunk manager reports successful lease activation on the exact update frame","status":"passed","title":"reports successful lease activation on the exact update frame","duration":51.706458,"failureMessages":[],"meta":{},"tags":[]},{"ancestorTitles":["GFX-004 chunk manager"],"fullName":"GFX-004 chunk manager captures operation story time without getters or reentrant focus mutation","status":"passed","title":"captures operation story time without getters or reentrant focus mutation","duration":24.78266700000006,"failureMessages":[],"meta":{},"tags":[]},{"ancestorTitles":["GFX-004 chunk manager"],"fullName":"GFX-004 chunk manager captures telemetry without getters and blocks diagnostic callback mutation","status":"passed","title":"captures telemetry without getters and blocks diagnostic callback mutation","duration":18.56133299999999,"failureMessages":[],"meta":{},"tags":[]},{"ancestorTitles":["GFX-004 chunk manager"],"fullName":"GFX-004 chunk manager rejects an independently optional 'adopt-only' resource registry","status":"passed","title":"rejects an independently optional 'adopt-only' resource registry","duration":0.24445800000000872,"failureMessages":[],"meta":{},"tags":[]},{"ancestorTitles":["GFX-004 chunk manager"],"fullName":"GFX-004 chunk manager rejects an independently optional 'release-only' resource registry","status":"passed","title":"rejects an independently optional 'release-only' resource registry","duration":0.12454199999990578,"failureMessages":[],"meta":{},"tags":[]},{"ancestorTitles":["GFX-004 chunk manager"],"fullName":"GFX-004 chunk manager uses the captured resource-method pair for stable adoption rollback","status":"passed","title":"uses the captured resource-method pair for stable adoption rollback","duration":25.964459000000033,"failureMessages":[],"meta":{},"tags":[]},{"ancestorTitles":["GFX-004 chunk manager"],"fullName":"GFX-004 chunk manager holds S07-S10 for S08, freezes behind, and retires before admitting a fifth lease","status":"passed","title":"holds S07-S10 for S08, freezes behind, and retires before admitting a fifth lease","duration":16.610667000000035,"failureMessages":[],"meta":{},"tags":[]},{"ancestorTitles":["GFX-004 chunk manager"],"fullName":"GFX-004 chunk manager ignores stale shuffled replies and turns a null-token worker failure into terminal placeholders","status":"passed","title":"ignores stale shuffled replies and turns a null-token worker failure into terminal placeholders","duration":11.622749999999996,"failureMessages":[],"meta":{},"tags":[]},{"ancestorTitles":["GFX-004 chunk manager"],"fullName":"GFX-004 chunk manager cancels a captured upload job when queue admission throws opaquely","status":"passed","title":"cancels a captured upload job when queue admission throws opaquely","duration":9.832874999999945,"failureMessages":[],"meta":{},"tags":[]},{"ancestorTitles":["GFX-004 chunk manager"],"fullName":"GFX-004 chunk manager fails closed and cleans partial ownership when adoption rejects with 'null'","status":"passed","title":"fails closed and cleans partial ownership when adoption rejects with 'null'","duration":11.001499999999965,"failureMessages":[],"meta":{},"tags":[]},{"ancestorTitles":["GFX-004 chunk manager"],"fullName":"GFX-004 chunk manager fails closed and cleans partial ownership when adoption rejects with 'opaque object'","status":"passed","title":"fails closed and cleans partial ownership when adoption rejects with 'opaque object'","duration":18.659291000000053,"failureMessages":[],"meta":{},"tags":[]},{"ancestorTitles":["GFX-004 chunk manager"],"fullName":"GFX-004 chunk manager terminates a retiring chunk after deferred adoption and requeues it on rapid return","status":"passed","title":"terminates a retiring chunk after deferred adoption and requeues it on rapid return","duration":16.238292,"failureMessages":[],"meta":{},"tags":[]},{"ancestorTitles":["GFX-004 chunk manager"],"fullName":"GFX-004 chunk manager never activates deferred adoption delivered after focus moved outside the window","status":"passed","title":"never activates deferred adoption delivered after focus moved outside the window","duration":21.853707999999983,"failureMessages":[],"meta":{},"tags":[]},{"ancestorTitles":["GFX-004 chunk manager"],"fullName":"GFX-004 chunk manager records both release and lease-dispose failures and exposes terminal disposal failure","status":"passed","title":"records both release and lease-dispose failures and exposes terminal disposal failure","duration":16.916500000000042,"failureMessages":[],"meta":{},"tags":[]},{"ancestorTitles":["GFX-004 chunk manager"],"fullName":"GFX-004 chunk manager returns stable initialize/dispose promises under concurrent initialize-dispose","status":"passed","title":"returns stable initialize/dispose promises under concurrent initialize-dispose","duration":10.101458999999977,"failureMessages":[],"meta":{},"tags":[]},{"ancestorTitles":["GFX-004 chunk manager"],"fullName":"GFX-004 chunk manager switches prebuilt lease quality without regenerating payloads and activates only after adoption","status":"passed","title":"switches prebuilt lease quality without regenerating payloads and activates only after adoption","duration":14.472582999999986,"failureMessages":[],"meta":{},"tags":[]},{"ancestorTitles":["GFX-004 chunk manager"],"fullName":"GFX-004 chunk manager blocks synchronous uploader reentry and creates one job for each generation token","status":"passed","title":"blocks synchronous uploader reentry and creates one job for each generation token","duration":10.146542000000068,"failureMessages":[],"meta":{},"tags":[]},{"ancestorTitles":["GFX-004 chunk manager"],"fullName":"GFX-004 chunk manager rolls an accepted malformed ticket back through only the canonical owner","status":"passed","title":"rolls an accepted malformed ticket back through only the canonical owner","duration":16.47758299999998,"failureMessages":[],"meta":{},"tags":[]},{"ancestorTitles":["GFX-004 chunk manager"],"fullName":"GFX-004 chunk manager leaves zero worker, upload, logical-resource, and GPU ownership after ten cycles","status":"passed","title":"leaves zero worker, upload, logical-resource, and GPU ownership after ten cycles","duration":119.094292,"failureMessages":[],"meta":{},"tags":[]}],"startTime":1787210160803,"endTime":1787210161218.0942,"status":"passed","message":"","name":"/Users/snari/Documents/GitProject/LonelyStar-graphics-photoreal-megademo/tests/gfx-v2/chunk-manager.test.ts"},{"assertionResults":[{"ancestorTitles":["GFX-004 generated chunk property oracle"],"fullName":"GFX-004 generated chunk property oracle keeps one thousand seeds deterministic, bounded, and quality/backend neutral","status":"passed","title":"keeps one thousand seeds deterministic, bounded, and quality/backend neutral","duration":3166.0594579999997,"failureMessages":[],"meta":{},"tags":[]}],"startTime":1787210160717,"endTime":1787210163883.0596,"status":"passed","message":"","name":"/Users/snari/Documents/GitProject/LonelyStar-graphics-photoreal-megademo/tests/gfx-v2/chunk-properties.test.ts"},{"assertionResults":[{"ancestorTitles":["GFX-004 chunk lifecycle"],"fullName":"GFX-004 chunk lifecycle follows the accepted eight-state path and represents Page-11 phases as subphases","status":"passed","title":"follows the accepted eight-state path and represents Page-11 phases as subphases","duration":1.7442499999999939,"failureMessages":[],"meta":{},"tags":[]},{"ancestorTitles":["GFX-004 chunk lifecycle"],"fullName":"GFX-004 chunk lifecycle fails closed on every skipped, reversed, or post-terminal transition","status":"passed","title":"fails closed on every skipped, reversed, or post-terminal transition","duration":0.6257499999999965,"failureMessages":[],"meta":{},"tags":[]},{"ancestorTitles":["GFX-004 chunk lifecycle"],"fullName":"GFX-004 chunk lifecycle requires an owned GPU slot for active and releases it before terminal state","status":"passed","title":"requires an owned GPU slot for active and releases it before terminal state","duration":0.2709159999999997,"failureMessages":[],"meta":{},"tags":[]}],"startTime":1787210162705,"endTime":1787210162707.6257,"status":"passed","message":"","name":"/Users/snari/Documents/GitProject/LonelyStar-graphics-photoreal-megademo/tests/gfx-v2/chunk-state-machine.test.ts"},{"assertionResults":[{"ancestorTitles":["GFX-004 incremental upload queue"],"fullName":"GFX-004 incremental upload queue reports each executed upload slice against its frame without trusting the observer","status":"passed","title":"reports each executed upload slice against its frame without trusting the observer","duration":3.9217079999999953,"failureMessages":[],"meta":{},"tags":[]},{"ancestorTitles":["GFX-004 incremental upload queue"],"fullName":"GFX-004 incremental upload queue keeps upload correlation on canonical story time across seek, restart, and pause","status":"passed","title":"keeps upload correlation on canonical story time across seek, restart, and pause","duration":0.7845829999999978,"failureMessages":[],"meta":{},"tags":[]},{"ancestorTitles":["GFX-004 incremental upload queue"],"fullName":"GFX-004 incremental upload queue uses bounded incremental FIFO slices and completes without ownership retention","status":"passed","title":"uses bounded incremental FIFO slices and completes without ownership retention","duration":0.4085839999999905,"failureMessages":[],"meta":{},"tags":[]},{"ancestorTitles":["GFX-004 incremental upload queue"],"fullName":"GFX-004 incremental upload queue stops scheduling near one millisecond and records two/four millisecond thresholds","status":"passed","title":"stops scheduling near one millisecond and records two/four millisecond thresholds","duration":0.892124999999993,"failureMessages":[],"meta":{},"tags":[]},{"ancestorTitles":["GFX-004 incremental upload queue"],"fullName":"GFX-004 incremental upload queue fails below the global warning threshold when a job exceeds its declared slice bound","status":"passed","title":"fails below the global warning threshold when a job exceeds its declared slice bound","duration":0.47545800000000327,"failureMessages":[],"meta":{},"tags":[]},{"ancestorTitles":["GFX-004 incremental upload queue"],"fullName":"GFX-004 incremental upload queue releases the reentry latch when the initial clock sample throws","status":"passed","title":"releases the reentry latch when the initial clock sample throws","duration":0.7615830000000017,"failureMessages":[],"meta":{},"tags":[]},{"ancestorTitles":["GFX-004 incremental upload queue"],"fullName":"GFX-004 incremental upload queue captures caller clock and quality data once without ordinary property reads","status":"passed","title":"captures caller clock and quality data once without ordinary property reads","duration":0.2609170000000063,"failureMessages":[],"meta":{},"tags":[]},{"ancestorTitles":["GFX-004 incremental upload queue"],"fullName":"GFX-004 incremental upload queue rejects accessor story time and blocks ownership mutation during clock capture","status":"passed","title":"rejects accessor story time and blocks ownership mutation during clock capture","duration":1.0062079999999867,"failureMessages":[],"meta":{},"tags":[]},{"ancestorTitles":["GFX-004 incremental upload queue"],"fullName":"GFX-004 incremental upload queue disposes a completed lease and settles the ticket when the post-run clock sample fails","status":"passed","title":"disposes a completed lease and settles the ticket when the post-run clock sample fails","duration":0.32366700000000037,"failureMessages":[],"meta":{},"tags":[]},{"ancestorTitles":["GFX-004 incremental upload queue"],"fullName":"GFX-004 incremental upload queue rejects accessor jobs without invoking them and contains hostile run/cancel failures","status":"passed","title":"rejects accessor jobs without invoking them and contains hostile run/cancel failures","duration":0.3722919999999874,"failureMessages":[],"meta":{},"tags":[]},{"ancestorTitles":["GFX-004 incremental upload queue"],"fullName":"GFX-004 incremental upload queue cancels queued ownership exactly once and leaves zero pending work on dispose","status":"passed","title":"cancels queued ownership exactly once and leaves zero pending work on dispose","duration":0.37187500000001705,"failureMessages":[],"meta":{},"tags":[]},{"ancestorTitles":["GFX-004 incremental upload queue"],"fullName":"GFX-004 incremental upload queue settles a failed frame without awaiting cleanup and drains one in-flight job obligation on dispose","status":"passed","title":"settles a failed frame without awaiting cleanup and drains one in-flight job obligation on dispose","duration":0.44608299999998735,"failureMessages":[],"meta":{},"tags":[]},{"ancestorTitles":["GFX-004 incremental upload queue"],"fullName":"GFX-004 incremental upload queue reserves a failed job incarnation until a final retry and reports persistent cleanup","status":"passed","title":"reserves a failed job incarnation until a final retry and reports persistent cleanup","duration":0.4894999999999925,"failureMessages":[],"meta":{},"tags":[]},{"ancestorTitles":["GFX-004 incremental upload queue"],"fullName":"GFX-004 incremental upload queue cleans a captured complete lease only, retries it on dispose, and never cancels the former job","status":"passed","title":"cleans a captured complete lease only, retries it on dispose, and never cancels the former job","duration":0.36641700000001265,"failureMessages":[],"meta":{},"tags":[]},{"ancestorTitles":["GFX-004 incremental upload queue"],"fullName":"GFX-004 incremental upload queue applies warning and hard-cap thresholds to aggregate frame work","status":"passed","title":"applies warning and hard-cap thresholds to aggregate frame work","duration":0.34112500000000523,"failureMessages":[],"meta":{},"tags":[]},{"ancestorTitles":["GFX-004 incremental upload queue"],"fullName":"GFX-004 incremental upload queue does not run a slice after the slice-start clock reenters cancel-owner","status":"passed","title":"does not run a slice after the slice-start clock reenters cancel-owner","duration":0.3598750000000166,"failureMessages":[],"meta":{},"tags":[]},{"ancestorTitles":["GFX-004 incremental upload queue"],"fullName":"GFX-004 incremental upload queue does not run a slice after the slice-start clock reenters dispose","status":"passed","title":"does not run a slice after the slice-start clock reenters dispose","duration":0.24483399999999733,"failureMessages":[],"meta":{},"tags":[]},{"ancestorTitles":["GFX-004 incremental upload queue"],"fullName":"GFX-004 incremental upload queue serializes reentrant disposal after runSlice transfers ownership to its lease","status":"passed","title":"serializes reentrant disposal after runSlice transfers ownership to its lease","duration":0.2238749999999925,"failureMessages":[],"meta":{},"tags":[
[...]
nted ranges","status":"passed","title":"keeps generated values within their documented ranges","duration":93.83641699999998,"failureMessages":[],"meta":{},"tags":[]},{"ancestorTitles":["GFX-003 named counter seed streams"],"fullName":"GFX-003 named counter seed streams rejects invalid counters, integer bounds, seeds, and versions","status":"passed","title":"rejects invalid counters, integer bounds, seeds, and versions","duration":0.8947499999999877,"failureMessages":[],"meta":{},"tags":[]},{"ancestorTitles":["GFX-003 named counter seed streams"],"fullName":"GFX-003 named counter seed streams registers all 24 canonical shot chunks","status":"passed","title":"registers all 24 canonical shot chunks","duration":1.432042000000024,"failureMessages":[],"meta":{},"tags":[]}],"startTime":1787210161834,"endTime":1787210161939.4321,"status":"passed","message":"","name":"/Users/snari/Documents/GitProject/LonelyStar-graphics-photoreal-megademo/tests/world-v2/seed-streams.test.ts"},{"assertionResults":[{"ancestorTitles":["GFX-003 Twinkle semantic projection"],"fullName":"GFX-003 Twinkle semantic projection does not mutate the simulation or its immutable ledger","status":"passed","title":"does not mutate the simulation or its immutable ledger","duration":31.288207999999997,"failureMessages":[],"meta":{},"tags":[]},{"ancestorTitles":["GFX-003 Twinkle semantic projection"],"fullName":"GFX-003 Twinkle semantic projection normalizes a real simulation signed-zero position only in the owned semantic copy","status":"passed","title":"normalizes a real simulation signed-zero position only in the owned semantic copy","duration":53.62562499999996,"failureMessages":[],"meta":{},"tags":[]},{"ancestorTitles":["GFX-003 Twinkle semantic projection"],"fullName":"GFX-003 Twinkle semantic projection gives positional signed zero canonical signatures without collapsing nonzero epsilon","status":"passed","title":"gives positional signed zero canonical signatures without collapsing nonzero epsilon","duration":30.045999999999935,"failureMessages":[],"meta":{},"tags":[]},{"ancestorTitles":["GFX-003 Twinkle semantic projection"],"fullName":"GFX-003 Twinkle semantic projection preserves input identity order without sorting or deduplicating","status":"passed","title":"preserves input identity order without sorting or deduplicating","duration":20.080291000000102,"failureMessages":[],"meta":{},"tags":[]},{"ancestorTitles":["GFX-003 Twinkle semantic projection"],"fullName":"GFX-003 Twinkle semantic projection never writes through a readonly ledger proxy","status":"passed","title":"never writes through a readonly ledger proxy","duration":17.258500000000026,"failureMessages":[],"meta":{},"tags":[]},{"ancestorTitles":["GFX-003 Twinkle semantic projection"],"fullName":"GFX-003 Twinkle semantic projection maps exact timeline boundaries to canonical chunks without changing order","status":"passed","title":"maps exact timeline boundaries to canonical chunks without changing order","duration":27.876250000000027,"failureMessages":[],"meta":{},"tags":[]},{"ancestorTitles":["GFX-003 Twinkle semantic projection"],"fullName":"GFX-003 Twinkle semantic projection resolves real rounded phase-boundary pulses to the immediately previous chunk only","status":"passed","title":"resolves real rounded phase-boundary pulses to the immediately previous chunk only","duration":95.45249999999999,"failureMessages":[],"meta":{},"tags":[]},{"ancestorTitles":["GFX-003 Twinkle semantic projection"],"fullName":"GFX-003 Twinkle semantic projection copies every gameplay ledger field and adds quality-independent world semantics","status":"passed","title":"copies every gameplay ledger field and adds quality-independent world semantics","duration":17.127917000000025,"failureMessages":[],"meta":{},"tags":[]},{"ancestorTitles":["GFX-003 Twinkle semantic projection"],"fullName":"GFX-003 Twinkle semantic projection returns deterministic, deeply frozen copies","status":"passed","title":"returns deterministic, deeply frozen copies","duration":27.916292,"failureMessages":[],"meta":{},"tags":[]},{"ancestorTitles":["GFX-003 Twinkle semantic projection"],"fullName":"GFX-003 Twinkle semantic projection snapshots each ledger entry data property exactly once without invoking ordinary gets","status":"passed","title":"snapshots each ledger entry data property exactly once without invoking ordinary gets","duration":7.9994159999999965,"failureMessages":[],"meta":{},"tags":[]},{"ancestorTitles":["GFX-003 Twinkle semantic projection"],"fullName":"GFX-003 Twinkle semantic projection rejects sparse, accessor-backed, and extra-property ledger arrays without invoking accessors","status":"passed","title":"rejects sparse, accessor-backed, and extra-property ledger arrays without invoking accessors","duration":28.90770800000007,"failureMessages":[],"meta":{},"tags":[]},{"ancestorTitles":["GFX-003 Twinkle semantic projection"],"fullName":"GFX-003 Twinkle semantic projection rejects accessor-backed, inherited, missing, and extra ledger-entry fields","status":"passed","title":"rejects accessor-backed, inherited, missing, and extra ledger-entry fields","duration":38.47649999999999,"failureMessages":[],"meta":{},"tags":[]},{"ancestorTitles":["GFX-003 Twinkle semantic projection"],"fullName":"GFX-003 Twinkle semantic projection enforces the frozen simulation ranges while accepting their exact inclusive edges","status":"passed","title":"enforces the frozen simulation ranges while accepting their exact inclusive edges","duration":144.38437499999998,"failureMessages":[],"meta":{},"tags":[]},{"ancestorTitles":["GFX-003 Twinkle semantic projection"],"fullName":"GFX-003 Twinkle semantic projection validates seed, generator, and chunk lookup before projection without mutating the plan","status":"passed","title":"validates seed, generator, and chunk lookup before projection without mutating the plan","duration":20.33608300000003,"failureMessages":[],"meta":{},"tags":[]},{"ancestorTitles":["GFX-003 Twinkle semantic projection"],"fullName":"GFX-003 Twinkle semantic projection validates and consumes one descriptor-owned plan snapshot without later caller reads","status":"passed","title":"validates and consumes one descriptor-owned plan snapshot without later caller reads","duration":21.830166999999847,"failureMessages":[],"meta":{},"tags":[]},{"ancestorTitles":["GFX-003 Twinkle semantic projection"],"fullName":"GFX-003 Twinkle semantic projection binds signatures to every projected semantic including biome and species family","status":"passed","title":"binds signatures to every projected semantic including biome and species family","duration":8.721000000000004,"failureMessages":[],"meta":{},"tags":[]}],"startTime":1787210160713,"endTime":1787210161305.721,"status":"passed","message":"","name":"/Users/snari/Documents/GitProject/LonelyStar-graphics-photoreal-megademo/tests/world-v2/twinkle-semantics.test.ts"},{"assertionResults":[{"ancestorTitles":["GFX-003 world-plan property oracle"],"fullName":"GFX-003 world-plan property oracle independently validates one thousand world seeds","status":"passed","title":"independently validates one thousand world seeds","duration":13005.876167,"failureMessages":[],"meta":{},"tags":[]},{"ancestorTitles":["GFX-003 world-plan property oracle"],"fullName":"GFX-003 world-plan property oracle rejects non-finite numbers instead of silently canonicalizing them to null","status":"passed","title":"rejects non-finite numbers instead of silently canonicalizing them to null","duration":2.082875000000058,"failureMessages":[],"meta":{},"tags":[]},{"ancestorTitles":["GFX-003 world-plan property oracle"],"fullName":"GFX-003 world-plan property oracle rejects negative zero","status":"passed","title":"rejects negative zero","duration":1.4855829999996786,"failureMessages":[],"meta":{},"tags":[]},{"ancestorTitles":["GFX-003 world-plan property oracle"],"fullName":"GFX-003 world-plan property oracle rejects unsafe and fractional canonical numbers","status":"passed","title":"rejects unsafe and fractional canonical numbers","duration":12.958624999999302,"failureMessages":[],"meta":{},"tags":[]},{"ancestorTitles":["GFX-003 world-plan property oracle"],"fullName":"GFX-003 world-plan property oracle rejects missing and reordered story chunks","status":"passed","title":"rejects missing and reordered story chunks","duration":23.16070899999977,"failureMessages":[],"meta":{},"tags":[]},{"ancestorTitles":["GFX-003 world-plan property oracle"],"fullName":"GFX-003 world-plan property oracle rejects timeline gaps and phase mismatches","status":"passed","title":"rejects timeline gaps and phase mismatches","duration":12.511207999999897,"failureMessages":[],"meta":{},"tags":[]},{"ancestorTitles":["GFX-003 world-plan property oracle"],"fullName":"GFX-003 world-plan property oracle rejects altered exact motifs, including an early human-work motif","status":"passed","title":"rejects altered exact motifs, including an early human-work motif","duration":6.3527500000000146,"failureMessages":[],"meta":{},"tags":[]},{"ancestorTitles":["GFX-003 world-plan property oracle"],"fullName":"GFX-003 world-plan property oracle rejects a blocker inserted into the safe corridor","status":"passed","title":"rejects a blocker inserted into the safe corridor","duration":6.353541999998924,"failureMessages":[],"meta":{},"tags":[]},{"ancestorTitles":["GFX-003 world-plan property oracle"],"fullName":"GFX-003 world-plan property oracle rejects cross-chunk corridor discontinuity","status":"passed","title":"rejects cross-chunk corridor discontinuity","duration":6.305957999999009,"failureMessages":[],"meta":{},"tags":[]},{"ancestorTitles":["GFX-003 world-plan property oracle"],"fullName":"GFX-003 world-plan property oracle rejects degenerate or backward flow and altered S08/S14 branch anchors","status":"passed","title":"rejects degenerate or backward flow and altered S08/S14 branch anchors","duration":19.19695900000079,"failureMessages":[],"meta":{},"tags":[]},{"ancestorTitles":["GFX-003 world-plan property oracle"],"fullName":"GFX-003 world-plan property oracle rejects disconnected required hydrology and invalid waterfall drop","status":"passed","title":"rejects disconnected required hydrology and invalid waterfall drop","duration":12.941291999999521,"failureMessages":[],"meta":{},"tags":[]},{"ancestorTitles":["GFX-003 world-plan property oracle"],"fullName":"GFX-003 world-plan property oracle requires directed hydrology, valid edge kinds, a waterfall, and exact chunk links","status":"passed","title":"requires directed hydrology, valid edge kinds, a waterfall, and exact chunk links","duration":25.15245800000048,"failureMessages":[],"meta":{},"tags":[]},{"ancestorTitles":["GFX-003 world-plan property oracle"],"fullName":"GFX-003 world-plan property oracle rejects non-canonical hydrology width before graph semantics","status":"passed","title":"rejects non-canonical hydrology width before graph semantics","duration":6.910874999999578,"failureMessages":[],"meta":{},"tags":[]},{"ancestorTitles":["GFX-003 world-plan property oracle"],"fullName":"GFX-003 world-plan property oracle rejects non-canonical corridor widths before blocker-by-segment geometry","status":"passed","title":"rejects non-canonical corridor widths before blocker-by-segment geometry","duration":6.890457999999853,"failureMessages":[],"meta":{},"tags":[]},{"ancestorTitles":["GFX-003 world-plan property oracle"],"fullName":"GFX-003 world-plan property oracle rejects a third authored flow branch","status":"passed","title":"rejects a third authored flow branch","duration":6.813791999999012,"failureMessages":[],"meta":{},"tags":[]},{"ancestorTitles":["GFX-003 world-plan property oracle"],"fullName":"GFX-003 world-plan property oracle rejects an early complete ship and missing S20/S21 reveal states","status":"passed","title":"rejects an early complete ship and missing S20/S21 reveal states","duration":18.586959000000206,"failureMessages":[],"meta":{},"tags":[]},{"ancestorTitles":["GFX-003 world-plan property oracle"],"fullName":"GFX-003 world-plan property oracle rejects schema, seed-contract, Twinkle-policy, environment, and material drift","status":"passed","title":"rejects schema, seed-contract, Twinkle-policy, environment, and material drift","duration":31.10712500000045,"failureMessages":[],"meta":{},"tags":[]},{"ancestorTitles":["GFX-003 world-plan property oracle"],"fullName":"GFX-003 world-plan property oracle does not misreport canonical hydrology when only the root seed is invalid","status":"passed","title":"does not misreport canonical hydrology when only the root seed is invalid","duration":2.8914999999997235,"failureMessages":[],"meta":{},"tags":[]},{"ancestorTitles":["GFX-003 world-plan property oracle"],"fullName":"GFX-003 world-plan property oracle fails closed on forbidden, undefined, hidden, accessor, symbol, and extra data","status":"passed","title":"fails closed on forbidden, undefined, hidden, accessor, symbol, and extra data","duration":18.35437499999898,"failureMessages":[],"meta":{},"tags":[]},{"ancestorTitles":["GFX-003 world-plan property oracle"],"fullName":"GFX-003 world-plan property oracle reports one structural budget issue and aborts semantic validation","status":"passed","title":"reports one structural budget issue and aborts semantic validation","duration":2.5725840000013704,"failureMessages":[],"meta":{},"tags":[]},{"ancestorTitles":["GFX-003 world-plan property oracle"],"fullName":"GFX-003 world-plan property oracle bounds hostile array key lists before inspecting every extra key","status":"passed","title":"bounds hostile array key lists before inspecting every extra key","duration":14.318291999999929,"failureMessages":[],"meta":{},"tags":[]},{"ancestorTitles":["GFX-003 world-plan property oracle"],"fullName":"GFX-003 world-plan property oracle returns a frozen fail-closed report without inspecting a hostile thrown value","status":"passed","title":"returns a frozen fail-closed report without inspecting a hostile thrown value","duration":1.424709000000803,"failureMessages":[],"meta":{},"tags":[]},{"ancestorTitles":["GFX-003 world-plan property oracle"],"fullName":"GFX-003 world-plan property oracle validates one owned canonical snapshot without ordinary reads from a stateful plan","status":"passed","title":"validates one owned canonical snapshot without ordinary reads from a stateful plan","duration":7.060790999999881,"failureMessages":[],"meta":{},"tags":[]}],"startTime":1787210160713,"endTime":1787210173965.0608,"status":"passed","message":"","name":"/Users/snari/Documents/GitProject/LonelyStar-graphics-photoreal-megademo/tests/world-v2/world-plan-properties.test.ts"},{"assertionResults":[{"ancestorTitles":["GFX-003 canonical world plan"],"fullName":"GFX-003 canonical world plan uses exactly one canonical story chunk and node for each S01 through S24","status":"passed","title":"uses exactly one canonical story chunk and node for each S01 through S24","duration":14.883874999999989,"failureMessages":[],"meta":{},"tags":[]},{"ancestorTitles":["GFX-003 canonical world plan"],"fullName":"GFX-003 canonical world plan records the complete quality-free named-seed tuple contract","status":"passed","title":"records the complete quality-free named-seed tuple contract","duration":2.4336249999999495,"failureMessages":[],"meta":{},"tags":[]},{"ancestorTitles":["GFX-003 canonical world plan"],"fullName":"GFX-003 canonical world plan captures generation context only through the own-data seed boundary","status":"passed","title":"captures generation context only through the own-data seed boundary","duration":144.75487500000003,"failureMessages":[],"meta":{},"tags":[]},{"ancestorTitles":["GFX-003 canonical world plan"],"fullName":"GFX-003 canonical world plan copies the frozen 24-shot score exactly and covers six phases over 180 seconds","status":"passed","title":"copies the frozen 24-shot score exactly and covers six phases over 180 seconds","duration":7.95841699999994,"failureMessages":[],"meta":{},"tags":[]},{"ancestorTitles":["GFX-003 canonical world plan"],"fullName":"GFX-003 canonical world plan keeps S20 to incomplete peripheral arcs and begins the complete ship at S21 / 161 seconds","status":"passed","title":"keeps S20 to incomplete peripheral arcs and begins the complete ship at S21 / 161 seconds","duration":1.4990420000000313,"failureMessages":[],"meta":{},"tags":[]},{"ancestorTitles":["GFX-003 canonical world plan"],"fullName":"GFX-003 canonical world plan has contiguous cross-chunk flow segments and matching corridor ownership","status":"passed","title":"has contiguous cross-chunk flow segments and matching corridor ownership","duration":2.2426249999999754,"failureMessages":[],"meta":{},"tags":[]},{"ancestorTitles":["GFX-003 canonical world plan"],"fullName":"GFX-003 canonical world plan keeps all canonical numeric leaves finite, non-negative-zero safe integers","status":"passed","title":"keeps all canonical numeric leaves finite, non-negative-zero safe integers","duration":31.06779199999994,"failureMessages":[],"meta":{},"tags":[]},{"ancestorTitles":["GFX-003 canonical world plan"],"fullName":"GFX-003 canonical world plan is deeply immutable","status":"passed","title":"is deeply immutable","duration":6.6768749999999955,"failureMessages":[],"meta":{},"tags":[]},{"ancestorTitles":["GFX-003 canonical world plan"],"fullName":"GFX-003 canonical world plan owns deterministic renderer-independent environment and seven-family material descriptors","status":"passed","title":"owns deterministic renderer-independent environment and seven-family material descriptors","duration":5.247417000000041,"failureMessages":[],"meta":{},"tags":[]},{"ancestorTitles":["GFX-003 canonical world plan"],"fullName":"GFX-003 canonical world plan produces identical canonical bytes for forward, reverse, and shuffled system and 24-chunk schedules","status":"passed","title":"produces identical canonical bytes for forward, reverse, and shuffled system and 24-chunk schedules","duration":208.1533340000001,"failureMessages":[],"meta":{},"tags":[]},{"ancestorTitles":["GFX-003 canonical world plan"],"fullName":"GFX-003 canonical world plan captures caller-owned generation and chunk schedules exactly once before execution","status":"passed","title":"captures caller-owned generation and chunk schedules exactly once before execution","duration":104.86533399999996,"failureMessages":[],"meta":{},"tags":[]},{"ancestorTitles":["GFX-003 canonical world plan"],"fullName":"GFX-003 canonical world plan bounds caller schedule iteration at the canonical width plus one","status":"passed","title":"bounds caller schedule iteration at the canonical width plus one","duration":0.8565419999999904,"failureMessages":[],"meta":{},"tags":[]},{"ancestorTitles":["GFX-003 canonical world plan"],"fullName":"GFX-003 canonical world plan uses its verified story snapshot after another consumer mutates SHOT_TABLE","status":"passed","title":"uses its verified story snapshot after another consumer mutates SHOT_TABLE","duration":17.108165999999983,"failureMessages":[],"meta":{},"tags":[]},{"ancestorTitles":["GFX-003 canonical world plan"],"fullName":"GFX-003 canonical world plan rejects system or chunk schedules that omit or duplicate canonical entries","status":"passed","title":"rejects system or chunk schedules that omit or duplicate canonical entries","duration":0.38900000000001,"failureMessages":[],"meta":{},"tags":[]},{"ancestorTitles":["GFX-003 canonical world plan"],"fullName":"GFX-003 canonical world plan pins seed 20260818 to reviewed custom and SHA-256 digests plus byte length","status":"passed","title":"pins seed 20260818 to reviewed custom and SHA-256 digests plus byte length","duration":4.148374999999874,"failureMessages":[],"meta":{},"tags":[]}],"startTime":1787210160713,"endTime":1787210161267.1484,"status":"passed","message":"","name":"/Users/snari/Documents/GitProject/LonelyStar-graphics-photoreal-megademo/tests/world-v2/world-plan.test.ts"}]}