{"numTotalTestSuites":16,"numPassedTestSuites":16,"numFailedTestSuites":0,"numPendingTestSuites":0,"numTotalTests":60,"numPassedTests":60,"numFailedTests":0,"numPendingTests":0,"numTodoTests":0,"snapshot":{"added":0,"failure":false,"filesAdded":0,"filesRemoved":0,"filesRemovedList":[],"filesUnmatched":0,"filesUpdated":0,"matched":0,"total":0,"unchecked":0,"uncheckedKeysByFile":[],"unmatched":0,"updated":0,"didUpdate":false},"startTime":1787209827837,"success":true,"testResults":[{"assertionResults":[{"ancestorTitles":["GFX-002 frozen replay fixture"],"fullName":"GFX-002 frozen replay fixture keeps game, ledger, world plan, and chunk payloads identical across the GFX-006 backend-quality matrix","status":"passed","title":"keeps game, ledger, world plan, and chunk payloads identical across the GFX-006 backend-quality matrix","duration":180.35312500000003,"failureMessages":[],"meta":{},"tags":[]},{"ancestorTitles":["GFX-002 frozen replay fixture"],"fullName":"GFX-002 frozen replay fixture pins the gameplay hash independently from requested render quality","status":"passed","title":"pins the gameplay hash independently from requested render quality","duration":4.016000000000076,"failureMessages":[],"meta":{},"tags":[]},{"ancestorTitles":["GFX-002 frozen replay fixture"],"fullName":"GFX-002 frozen replay fixture projects copied renderer containers without mutating or exposing the ledger","status":"passed","title":"projects copied renderer containers without mutating or exposing the ledger","duration":2.7737090000000535,"failureMessages":[],"meta":{},"tags":[]}],"startTime":1787209828260,"endTime":1787209828446.7737,"status":"passed","message":"","name":"/Users/snari/Documents/GitProject/LonelyStar-graphics-photoreal-megademo/tests/gfx-v2/foundation-parity.test.ts"},{"assertionResults":[{"ancestorTitles":["R2-G6 runtime license and provenance boundary"],"fullName":"R2-G6 runtime license and provenance boundary pins the complete non-dev browser package closure to four MIT packages","status":"passed","title":"pins the complete non-dev browser package closure to four MIT packages","duration":12.21437499999999,"failureMessages":[],"meta":{},"tags":[]},{"ancestorTitles":["R2-G6 runtime license and provenance boundary"],"fullName":"R2-G6 runtime license and provenance boundary ships the exact runtime notices and records every Hero source pin","status":"passed","title":"ships the exact runtime notices and records every Hero source pin","duration":0.5345000000000084,"failureMessages":[],"meta":{},"tags":[]},{"ancestorTitles":["R2-G6 runtime license and provenance boundary"],"fullName":"R2-G6 runtime license and provenance boundary keeps the Notion reference boards outside every production module","status":"passed","title":"keeps the Notion reference boards outside every production module","duration":8.678167000000002,"failureMessages":[],"meta":{},"tags":[]}],"startTime":1787209828096,"endTime":1787209828117.6782,"status":"passed","message":"","name":"/Users/snari/Documents/GitProject/LonelyStar-graphics-photoreal-megademo/tests/gfx-v2/graphics-license.test.ts"},{"assertionResults":[{"ancestorTitles":["R2-G3 Hero Slice A ocean realization"],"fullName":"R2-G3 Hero Slice A ocean realization preallocates every material and geometry, then shows abundant nature with no human artifact at 12 seconds","status":"passed","title":"preallocates every material and geometry, then shows abundant nature with no human artifact at 12 seconds","duration":99.34804199999996,"failureMessages":[],"meta":{},"tags":[]},{"ancestorTitles":["R2-G3 Hero Slice A ocean realization"],"fullName":"R2-G3 Hero Slice A ocean realization uses the exact 18-second boundary and keeps a readable rectilinear empty-seat inventory at 27 seconds","status":"passed","title":"uses the exact 18-second boundary and keeps a readable rectilinear empty-seat inventory at 27 seconds","duration":37.451374999999985,"failureMessages":[],"meta":{},"tags":[]},{"ancestorTitles":["R2-G3 Hero Slice A ocean realization"],"fullName":"R2-G3 Hero Slice A ocean realization preallocates organic reef silhouettes instead of repeating primitive placeholders","status":"passed","title":"preallocates organic reef silhouettes instead of repeating primitive placeholders","duration":42.82466699999998,"failureMessages":[],"meta":{},"tags":[]},{"ancestorTitles":["R2-G3 Hero Slice A ocean realization"],"fullName":"R2-G3 Hero Slice A ocean realization crosses the waterline without changing story ownership or allocating runtime resources","status":"passed","title":"crosses the waterline without changing story ownership or allocating runtime resources","duration":65.70008300000006,"failureMessages":[],"meta":{},"tags":[]},{"ancestorTitles":["R2-G3 Hero Slice A ocean realization"],"fullName":"R2-G3 Hero Slice A ocean realization reduces only visual density for fallback and restores the exact High inventory","status":"passed","title":"reduces only visual density for fallback and restores the exact High inventory","duration":28.221167000000037,"failureMessages":[],"meta":{},"tags":[]},{"ancestorTitles":["R2-G3 Hero Slice A ocean realization"],"fullName":"R2-G3 Hero Slice A ocean realization removes the shared Hero graph and releases every owned geometry and material exactly once","status":"passed","title":"removes the shared Hero graph and releases every owned geometry and material exactly once","duration":22.20612499999993,"failureMessages":[],"meta":{},"tags":[]}],"startTime":1787209828254,"endTime":1787209828550.206,"status":"passed","message":"","name":"/Users/snari/Documents/GitProject/LonelyStar-graphics-photoreal-megademo/tests/gfx-v2/hero-slice-a.test.ts"},{"assertionResults":[{"ancestorTitles":["R2-G4 Hero Slice B forest/city realization"],"fullName":"R2-G4 Hero Slice B forest/city realization shows the connected river, waterfall, dense forest, and living pulse before any city reveal","status":"passed","title":"shows the connected river, waterfall, dense forest, and living pulse before any city reveal","duration":89.553833,"failureMessages":[],"meta":{},"tags":[]},{"ancestorTitles":["R2-G4 Hero Slice B forest/city realization"],"fullName":"R2-G4 Hero Slice B forest/city realization preallocates layered forest and cloud silhouettes instead of repeating primitive stand-ins","status":"passed","title":"preallocates layered forest and cloud silhouettes instead of repeating primitive stand-ins","duration":48.97966699999995,"failureMessages":[],"meta":{},"tags":[]},{"ancestorTitles":["R2-G4 Hero Slice B forest/city realization"],"fullName":"R2-G4 Hero Slice B forest/city realization uses the exact 62-second boundary and keeps nature dominant around the empty rectilinear city","status":"passed","title":"uses the exact 62-second boundary and keeps nature dominant around the empty rectilinear city","duration":26.859375,"failureMessages":[],"meta":{},"tags":[]},{"ancestorTitles":["R2-G4 Hero Slice B forest/city realization"],"fullName":"R2-G4 Hero Slice B forest/city realization updates the full 58-to-75-second camera path without allocating a runtime resource","status":"passed","title":"updates the full 58-to-75-second camera path without allocating a runtime resource","duration":24.952584,"failureMessages":[],"meta":{},"tags":[]},{"ancestorTitles":["R2-G4 Hero Slice B forest/city realization"],"fullName":"R2-G4 Hero Slice B forest/city realization reduces only visual density for fallback and restores the exact High inventory","status":"passed","title":"reduces only visual density for fallback and restores the exact High inventory","duration":21.742333999999914,"failureMessages":[],"meta":{},"tags":[]},{"ancestorTitles":["R2-G4 Hero Slice B forest/city realization"],"fullName":"R2-G4 Hero Slice B forest/city realization removes the Hero graph and releases every owned resource exactly once","status":"passed","title":"removes the Hero graph and releases every owned resource exactly once","duration":18.817542000000003,"failureMessages":[],"meta":{},"tags":[]}],"startTime":1787209828254,"endTime":1787209828485.8176,"status":"passed","message":"","name":"/Users/snari/Documents/GitProject/LonelyStar-graphics-photoreal-megademo/tests/gfx-v2/hero-slice-b.test.ts"},{"assertionResults":[{"ancestorTitles":["R2-G5 Hero Slice C space/alien/Twinkle realization"],"fullName":"R2-G5 Hero Slice C space/alien/Twinkle realization shows seven readable rectilinear human forms and one dying beacon at 142 seconds","status":"passed","title":"shows seven readable rectilinear human forms and one dying beacon at 142 seconds","duration":82.57129199999997,"failureMessages":[],"meta":{},"tags":[]},{"ancestorTitles":["R2-G5 Hero Slice C space/alien/Twinkle realization"],"fullName":"R2-G5 Hero Slice C space/alien/Twinkle realization keeps S20 to exactly three incomplete peripheral arcs with no full ship or center void","status":"passed","title":"keeps S20 to exactly three incomplete peripheral arcs with no full ship or center void","duration":37.06816699999996,"failureMessages":[],"meta":{},"tags":[]},{"ancestorTitles":["R2-G5 Hero Slice C space/alien/Twinkle realization"],"fullName":"R2-G5 Hero Slice C space/alien/Twinkle realization reveals exactly three thick closed B-spline ribbons around a real open center at S21","status":"passed","title":"reveals exactly three thick closed B-spline ribbons around a real open center at S21","duration":34.97374999999994,"failureMessages":[],"meta":{},"tags":[]},{"ancestorTitles":["R2-G5 Hero Slice C space/alien/Twinkle realization"],"fullName":"R2-G5 Hero Slice C space/alien/Twinkle realization preallocates layered nebulae, a sparse depth field, and pearl-shaded ribbon surfaces","status":"passed","title":"preallocates layered nebulae, a sparse depth field, and pearl-shaded ribbon surfaces","duration":24.96479199999999,"failureMessages":[],"meta":{},"tags":[]},{"ancestorTitles":["R2-G5 Hero Slice C space/alien/Twinkle realization"],"fullName":"R2-G5 Hero Slice C space/alien/Twinkle realization consumes the immutable ledger in order and stages one, few, tens, then many stable life lights","status":"passed","title":"consumes the immutable ledger in order and stages one, few, tens, then many stable life lights","duration":16.35195900000008,"failureMessages":[],"meta":{},"tags":[]},{"ancestorTitles":["R2-G5 Hero Slice C space/alien/Twinkle realization"],"fullName":"R2-G5 Hero Slice C space/alien/Twinkle realization keeps the final formal-title state and releases all owned resources once","status":"passed","title":"keeps the final formal-title state and releases all owned resources once","duration":17.167584000000033,"failureMessages":[],"meta":{},"tags":[]}],"startTime":1787209828254,"endTime":1787209828468.1675,"status":"passed","message":"","name":"/Users/snari/Documents/GitProject/LonelyStar-graphics-photoreal-megademo/tests/gfx-v2/hero-slice-c.test.ts"},{"assertionResults":[{"ancestorTitles":["R2-G6 three-Hero isolated integration"],"fullName":"R2-G6 three-Hero isolated integration runs A, B, and C through one scene without cross-slice resource retention","status":"passed","title":"runs A, B, and C through one scene without cross-slice resource retention","duration":204.66558300000003,"failureMessages":[],"meta":{},"tags":[]}],"startTime":1787209828254,"endTime":1787209828458.6655,"status":"passed","message":"","name":"/Users/snari/Documents/GitProject/LonelyStar-graphics-photoreal-megademo/tests/gfx-v2/hero-slice-integration.test.ts"},{"assertionResults":[{"ancestorTitles":["GFX-006 rolling performance telemetry"],"fullName":"GFX-006 rolling performance telemetry uses nearest-rank P50/P95/P99 over the unfiltered last 600 steady frames","status":"passed","title":"uses nearest-rank P50/P95/P99 over the unfiltered last 600 steady frames","duration":7.2837919999999485,"failureMessages":[],"meta":{},"tags":[]},{"ancestorTitles":["GFX-006 rolling performance telemetry"],"fullName":"GFX-006 rolling performance telemetry publishes null percentiles below 120 samples and keeps unsupported GPU timing null","status":"passed","title":"publishes null percentiles below 120 samples and keeps unsupported GPU timing null","duration":1.5606670000000236,"failureMessages":[],"meta":{},"tags":[]},{"ancestorTitles":["GFX-006 rolling performance telemetry"],"fullName":"GFX-006 rolling performance telemetry keeps dropped RAF intervals unfiltered without inventing main-thread samples","status":"passed","title":"keeps dropped RAF intervals unfiltered without inventing main-thread samples","duration":1.274583000000007,"failureMessages":[],"meta":{},"tags":[]},{"ancestorTitles":["GFX-006 rolling performance telemetry"],"fullName":"GFX-006 rolling performance telemetry excludes upload and activation frames without filtering other slow steady samples","status":"passed","title":"excludes upload and activation frames without filtering other slow steady samples","duration":1.490583000000015,"failureMessages":[],"meta":{},"tags":[]},{"ancestorTitles":["GFX-006 rolling performance telemetry"],"fullName":"GFX-006 rolling performance telemetry preserves non-monotonic canonical story time while operation time stays monotonic","status":"passed","title":"preserves non-monotonic canonical story time while operation time stays monotonic","duration":0.25116700000000947,"failureMessages":[],"meta":{},"tags":[]},{"ancestorTitles":["GFX-006 rolling performance telemetry"],"fullName":"GFX-006 rolling performance telemetry records quality and exact history reset reasons separately from frame percentiles","status":"passed","title":"records quality and exact history reset reasons separately from frame percentiles","duration":0.18424999999996317,"failureMessages":[],"meta":{},"tags":[]},{"ancestorTitles":["GFX-006 rolling performance telemetry"],"fullName":"GFX-006 rolling performance telemetry flags every compile, upload, and activation over 50 ms independently of story time","status":"passed","title":"flags every compile, upload, and activation over 50 ms independently of story time","duration":1.2907500000000027,"failureMessages":[],"meta":{},"tags":[]},{"ancestorTitles":["GFX-006 rolling performance telemetry"],"fullName":"GFX-006 rolling performance telemetry does not apply the compile/upload/activation limit to other event kinds","status":"passed","title":"does not apply the compile/upload/activation limit to other event kinds","duration":0.23091699999997672,"failureMessages":[],"meta":{},"tags":[]},{"ancestorTitles":["GFX-006 rolling performance telemetry"],"fullName":"GFX-006 rolling performance telemetry bounds retained operation events and preserves final evidence after dispose","status":"passed","title":"bounds retained operation events and preserves final evidence after dispose","duration":3.607709,"failureMessages":[],"meta":{},"tags":[]},{"ancestorTitles":["GFX-006 rolling performance telemetry"],"fullName":"GFX-006 rolling performance telemetry rejects accessor-backed inputs without invoking getters","status":"passed","title":"rejects accessor-backed inputs without invoking getters","duration":0.5147499999999923,"failureMessages":[],"meta":{},"tags":[]},{"ancestorTitles":["GFX-006 rolling performance telemetry"],"fullName":"GFX-006 rolling performance telemetry reserves ingress before descriptor traps and keeps disposal terminal","status":"passed","title":"reserves ingress before descriptor traps and keeps disposal terminal","duration":0.22833300000002055,"failureMessages":[],"meta":{},"tags":[]},{"ancestorTitles":["GFX-006 rolling performance telemetry"],"fullName":"GFX-006 rolling performance telemetry rejects signed-zero counters and non-monotonic frame identity atomically","status":"passed","title":"rejects signed-zero counters and non-monotonic frame identity atomically","duration":0.3237089999999512,"failureMessages":[],"meta":{},"tags":[]}],"startTime":1787209828159,"endTime":1787209828177.3237,"status":"passed","message":"","name":"/Users/snari/Documents/GitProject/LonelyStar-graphics-photoreal-megademo/tests/gfx-v2/performance-telemetry.test.ts"},{"assertionResults":[{"ancestorTitles":["GFX-003 world-plan property oracle"],"fullName":"GFX-003 world-plan property oracle independently validates one thousand world seeds","status":"passed","title":"independently validates one thousand world seeds","duration":12539.380709000001,"failureMessages":[],"meta":{},"tags":[]},{"ancestorTitles":["GFX-003 world-plan property oracle"],"fullName":"GFX-003 world-plan property oracle rejects non-finite numbers instead of silently canonicalizing them to null","status":"passed","title":"rejects non-finite numbers instead of silently canonicalizing them to null","duration":2.1349169999994047,"failureMessages":[],"meta":{},"tags":[]},{"ancestorTitles":["GFX-003 world-plan property oracle"],"fullName":"GFX-003 world-plan property oracle rejects negative zero","status":"passed","title":"rejects negative zero","duration":1.5347919999985606,"failureMessages":[],"meta":{},"tags":[]},{"ancestorTitles":["GFX-003 world-plan property oracle"],"fullName":"GFX-003 world-plan property oracle rejects unsafe and fractional canonical numbers","status":"passed","title":"rejects unsafe and fractional canonical numbers","duration":13.647666999999274,"failureMessages":[],"meta":{},"tags":[]},{"ancestorTitles":["GFX-003 world-plan property oracle"],"fullName":"GFX-003 world-plan property oracle rejects missing and reordered story chunks","status":"passed","title":"rejects missing and reordered story chunks","duration":22.368709000000308,"failureMessages":[],"meta":{},"tags":[]},{"ancestorTitles":["GFX-003 world-plan property oracle"],"fullName":"GFX-003 world-plan property oracle rejects timeline gaps and phase mismatches","status":"passed","title":"rejects timeline gaps and phase mismatches","duration":13.208542000000307,"failureMessages":[],"meta":{},"tags":[]},{"ancestorTitles":["GFX-003 world-plan property oracle"],"fullName":"GFX-003 world-plan property oracle rejects altered exact motifs, including an early human-work motif","status":"passed","title":"rejects altered exact motifs, including an early human-work motif","duration":6.402416999999332,"failureMessages":[],"meta":{},"tags":[]},{"ancestorTitles":["GFX-003 world-plan property oracle"],"fullName":"GFX-003 world-plan property oracle rejects a blocker inserted into the safe corridor","status":"passed","title":"rejects a blocker inserted into the safe corridor","duration":6.124665999999706,"failureMessages":[],"meta":{},"tags":[]},{"ancestorTitles":["GFX-003 world-plan property oracle"],"fullName":"GFX-003 world-plan property oracle rejects cross-chunk corridor discontinuity","status":"passed","title":"rejects cross-chunk corridor discontinuity","duration":6.08404199999859,"failureMessages":[],"meta":{},"tags":[]},{"ancestorTitles":["GFX-003 world-plan property oracle"],"fullName":"GFX-003 world-plan property oracle rejects degenerate or backward flow and altered S08/S14 branch anchors","status":"passed","title":"rejects degenerate or backward flow and altered S08/S14 branch anchors","duration":19.45470899999964,"failureMessages":[],"meta":{},"tags":[]},{"ancestorTitles":["GFX-003 world-plan property oracle"],"fullName":"GFX-003 world-plan property oracle rejects disconnected required hydrology and invalid waterfall drop","status":"passed","title":"rejects disconnected required hydrology and invalid waterfall drop","duration":12.186417000000802,"failureMessages":[],"meta":{},"tags":[]},{"ancestorTitles":["GFX-003 world-plan property oracle"],"fullName":"GFX-003 world-plan property oracle requires directed hydrology, valid edge kinds, a waterfall, and exact chunk links","status":"passed","title":"requires directed hydrology, valid edge kinds, a waterfall, and exact chunk links","duration":25.13062499999978,"failureMessages":[],"meta":{},"tags":[]},{"ancestorTitles":["GFX-003 world-plan property oracle"],"fullName":"GFX-003 world-plan property oracle rejects non-canonical hydrology width before graph semantics","status":"passed","title":"rejects non-canonical hydrology width before graph semantics","duration":6.832125000000815,"failureMessages":[],"meta":{},"tags":[]},{"ancestorTitles":["GFX-003 world-plan property oracle"],"fullName":"GFX-003 world-plan property oracle rejects non-canonical corridor widths before blocker-by-segment geometry","status":"passed","title":"rejects non-canonical corridor widths before blocker-by-segment geometry","duration":6.820166999999856,"failureMessages":[],"meta":{},"tags":[]},{"ancestorTitles":["GFX-003 world-plan property oracle"],"fullName":"GFX-003 world-plan property oracle rejects a third authored flow branch","status":"passed","title":"rejects a third authored flow branch","duration":6.498583000000508,"failureMessages":[],"meta":{},"tags":[]},{"ancestorTitles":["GFX-003 world-plan property oracle"],"fullName":"GFX-003 world-plan property oracle rejects an early complete ship and missing S20/S21 reveal states","status":"passed","title":"rejects an early complete ship and missing S20/S21 reveal states","duration":19.130084000000352,"failureMessages":[],"meta":{},"tags":[]},{"ancestorTitles":["GFX-003 world-plan property oracle"],"fullName":"GFX-003 world-plan property oracle rejects schema, seed-contract, Twinkle-policy, environment, and material drift","status":"passed","title":"rejects schema, seed-contract, Twinkle-policy, environment, and material drift","duration":31.625624999998763,"failureMessages":[],"meta":{},"tags":[]},{"ancestorTitles":["GFX-003 world-plan property oracle"],"fullName":"GFX-003 world-plan property oracle does not misreport canonical hydrology when only the root seed is invalid","status":"passed","title":"does not misreport canonical hydrology when only the root seed is invalid","duration":2.7265409999999974,"failureMessages":[],"meta":{},"tags":[]},{"ancestorTitles":["GFX-003 world-plan property oracle"],"fullName":"GFX-003 world-plan property oracle fails closed on forbidden, undefined, hidden, accessor, symbol, and extra data","status":"passed","title":"fails closed on forbidden, undefined, hidden, accessor, symbol, and extra data","duration":18.396042000000307,"failureMessages":[],"meta":{},"tags":[]},{"ancestorTitles":["GFX-003 world-plan property oracle"],"fullName":"GFX-003 world-plan property oracle reports one structural budget issue and aborts semantic validation","status":"passed","title":"reports one structural budget issue and aborts semantic validation","duration":2.859459000001152,"failureMessages":[],"meta":{},"tags":[]},{"ancestorTitles":["GFX-003 world-plan property oracle"],"fullName":"GFX-003 world-plan property oracle bounds hostile array key lists before inspecting every extra key","status":"passed","title":"bounds hostile array key lists before inspecting every extra key","duration":13.345665999999255,"failureMessages":[],"meta":{},"tags":[]},{"ancestorTitles":["GFX-003 world-plan property oracle"],"fullName":"GFX-003 world-plan property oracle returns a frozen fail-closed report without inspecting a hostile thrown value","status":"passed","title":"returns a frozen fail-closed report without inspecting a hostile thrown value","duration":1.4559170000011363,"failureMessages":[],"meta":{},"tags":[]},{"ancestorTitles":["GFX-003 world-plan property oracle"],"fullName":"GFX-003 world-plan property oracle validates one owned canonical snapshot without ordinary reads from a stateful plan","status":"passed","title":"validates one owned canonical snapshot without ordinary reads from a stateful plan","duration":7.209500000000844,"failureMessages":[],"meta":{},"tags":[]}],"startTime":1787209828258,"endTime":1787209841043.2095,"status":"passed","message":"","name":"/Users/snari/Documents/GitProject/LonelyStar-graphics-photoreal-megademo/tests/world-v2/world-plan-properties.test.ts"}]}